获取 Window 的属性：$_ts 值为：[object Object]
home_cookie.js:25 获取 Window 的属性：execScript 值为：undefined
home_cookie.js:25 获取 Window 的属性：eval 值为：function eval() { [native code] }
home_cookie.js:25 获取 Window 的属性：$_ts 值为：[object Object]
home_cookie.js:25 获取 Window 的属性：document 值为：[object document]
home_cookie.js:25 获取 Window 的属性：top 值为：[object Window]
home_cookie.js:25 获取 Window 的属性：setTimeout 值为：function setTimeout(callback, after, arg1, arg2, arg3) {
  validateFunction(callback, 'callback');

  let i, args;
  switch (arguments.length) {
    // fast cases
    case 1:
    case 2:
      break;
    case 3:
      args = [arg1];
      break;
    case 4:
      args = [arg1, arg2];
      break;
    default:
      args = [arg1, arg2, arg3];
      for (i = 5; i < arguments.length; i++) {
        // Extend array dynamically, makes .apply run much faster in v6.0.0
        args[i - 2] = arguments[i];
      }
      break;
  }

  const timeout = new Timeout(callback, after, args, false, true);
  insert(timeout, timeout._idleTimeout);

  return timeout;
}
home_cookie.js:25 获取 Window 的属性：setInterval 值为：function setInterval(callback, repeat, arg1, arg2, arg3) {
  validateFunction(callback, 'callback');

  let i, args;
  switch (arguments.length) {
    // fast cases
    case 1:
    case 2:
      break;
    case 3:
      args = [arg1];
      break;
    case 4:
      args = [arg1, arg2];
      break;
    default:
      args = [arg1, arg2, arg3];
      for (i = 5; i < arguments.length; i++) {
        // Extend array dynamically, makes .apply run much faster in v6.0.0
        args[i - 2] = arguments[i];
      }
      break;
  }

  const timeout = new Timeout(callback, repeat, args, true, true);
  insert(timeout, timeout._idleTimeout);

  return timeout;
}
home_cookie.js:25 获取 Window 的属性：eval 值为：function eval() { [native code] }
home_cookie.js:25 获取 Window 的属性：escape 值为：function escape() { [native code] }
home_cookie.js:25 获取 Window 的属性：Number 值为：function Number() { [native code] }
home_cookie.js:25 获取 Window 的属性：decodeURIComponent 值为：function decodeURIComponent() { [native code] }
home_cookie.js:25 获取 Window 的属性：isFinite 值为：function isFinite() { [native code] }
home_cookie.js:25 获取 Window 的属性：location 值为：[object location]
home_cookie.js:25 获取 Window 的属性：RegExp 值为：function RegExp() { [native code] }
home_cookie.js:25 获取 Window 的属性：$_ts 值为：[object Object]
home_cookie.js:25 获取 Window 的属性：clearInterval 值为：function clearInterval(timer) {
  // clearTimeout and clearInterval can be used to clear timers created from
  // both setTimeout and setInterval, as specified by HTML Living Standard:
  // https://html.spec.whatwg.org/multipage/timers-and-user-prompts.html#dom-setinterval
  clearTimeout(timer);
}
home_cookie.js:25 获取 Window 的属性：CollectGarbage 值为：undefined
home_cookie.js:25 获取 Window 的属性：DOMParser 值为：undefined
home_cookie.js:25 获取 Window 的属性：ActiveXObject 值为：undefined
home_cookie.js:25 获取 Window 的属性：JSON 值为：[object JSON]
home_cookie.js:25 获取 Window 的属性：localStorage 值为：[object localStorage]
home_cookie.js:25 获取 Window 的属性：sessionStorage 值为：[object sessionStorage]
home_cookie.js:15 设置 localStorage 的属性：___TS___ 值为：___TS___
home_cookie.js:25 获取 localStorage 的属性：removeItem 值为：function removeItem(keyName) {
    delete this[keyName];
    console.log("removeItem -> ", keyName);
}
home_cookie.js:213 removeItem ->  ___TS___
home_cookie.js:15 设置 localStorage 的属性：__#classType 值为：localStorage
home_cookie.js:25 获取 document 的属性：createElement 值为：function createElement(tagName) {


    var result = { getElementsByTagName: getElementsByTagName };

    tagName = tagName.toLowerCase();
    switch (tagName) {
        case "div":
            Object.defineProperties(result, {
                [Symbol.toStringTag]: {
                    value: 'HTMLDivElement',
                    configurable: true
                }
            });
            break;
        default:
            Object.defineProperties(result, {
                [Symbol.toStringTag]: {
                    value: 'HTMLUnknownElement',
                    configurable: true
                }
            });
            break;
    }

    console.log("createElement " + tagName + "-> " + result);
    result = proxy(result);
    return result
}
home_cookie.js:172 createElement div-> [object HTMLDivElement]
home_cookie.js:25 获取 HTMLDivElement 的属性：getElementsByTagName 值为：function getElementsByTagName(name) {

    var result = [];
    Object.defineProperties(result, {
        [Symbol.toStringTag]: {
            value: 'HTMLCollection',
            configurable: true
        }
    });
    switch (name) {
        case "meta":
            var headElem = { removeChild: removeChild };
            Object.defineProperties(headElem, {
                [Symbol.toStringTag]: {
                    value: 'HTMLHeadElement',
                    configurable: true
                }
            });
            var metaElem = { content: window.content, getAttribute: getAttribute, parentNode: headElem };
            Object.defineProperties(metaElem, {
                [Symbol.toStringTag]: {
                    value: 'HTMLMetaElement ',
                    configurable: true
                }
            });
            result[0] = metaElem;
            break;
        case "script":
            var headElem = { removeChild: removeChild };
            Object.defineProperties(headElem, {
                [Symbol.toStringTag]: {
                    value: 'HTMLHeadElement',
                    configurable: true
                }
            });

            var ele = { getAttribute: getAttribute, parentElement: headElem };
            Object.defineProperties(ele, {
                [Symbol.toStringTag]: {
                    value: 'HTMLScriptElement',
                    configurable: true
                }
            });

            result[0] = ele;
            result[1] = ele;
            break;
    }
    console.log("getElementsByTagName " + name + "-> " + result);
    result = proxy(result);
    return result;
}
home_cookie.js:142 getElementsByTagName i-> 
home_cookie.js:15 设置 HTMLDivElement 的属性：innerHTML 值为：<!--[if gt IE 4]><i></i><![endif]-->
home_cookie.js:25 获取 HTMLCollection 的属性：0 值为：undefined
home_cookie.js:25 获取 Window 的属性：ActiveXObject 值为：undefined
home_cookie.js:25 获取 Window 的属性：msCrypto 值为：undefined
home_cookie.js:25 获取 document 的属性：getElementsByTagName 值为：function getElementsByTagName(name) {

    var result = [];
    Object.defineProperties(result, {
        [Symbol.toStringTag]: {
            value: 'HTMLCollection',
            configurable: true
        }
    });
    switch (name) {
        case "meta":
            var headElem = { removeChild: removeChild };
            Object.defineProperties(headElem, {
                [Symbol.toStringTag]: {
                    value: 'HTMLHeadElement',
                    configurable: true
                }
            });
            var metaElem = { content: window.content, getAttribute: getAttribute, parentNode: headElem };
            Object.defineProperties(metaElem, {
                [Symbol.toStringTag]: {
                    value: 'HTMLMetaElement ',
                    configurable: true
                }
            });
            result[0] = metaElem;
            break;
        case "script":
            var headElem = { removeChild: removeChild };
            Object.defineProperties(headElem, {
                [Symbol.toStringTag]: {
                    value: 'HTMLHeadElement',
                    configurable: true
                }
            });

            var ele = { getAttribute: getAttribute, parentElement: headElem };
            Object.defineProperties(ele, {
                [Symbol.toStringTag]: {
                    value: 'HTMLScriptElement',
                    configurable: true
                }
            });

            result[0] = ele;
            result[1] = ele;
            break;
    }
    console.log("getElementsByTagName " + name + "-> " + result);
    result = proxy(result);
    return result;
}
home_cookie.js:142 getElementsByTagName base-> 
home_cookie.js:25 获取 HTMLCollection 的属性：length 值为：0
home_cookie.js:25 获取 Window 的属性：addEventListener 值为：function addEventListener(type, listener) {
    console.log("addEventListener -> type: " + type + " listener: " + listener);
}
home_cookie.js:25 获取 Window 的属性：addEventListener 值为：function addEventListener(type, listener) {
    console.log("addEventListener -> type: " + type + " listener: " + listener);
}
home_cookie.js:74 addEventListener -> type: load listener: function _$dA(){var _$is=[10];Array.prototype.push.apply(_$is,arguments);return _$j9.apply(this,_$is);}
home_cookie.js:25 获取 Window 的属性：clearInterval 值为：function clearInterval(timer) {
  // clearTimeout and clearInterval can be used to clear timers created from
  // both setTimeout and setInterval, as specified by HTML Living Standard:
  // https://html.spec.whatwg.org/multipage/timers-and-user-prompts.html#dom-setinterval
  clearTimeout(timer);
}
home_cookie.js:15 设置 Window 的属性：clearInterval 值为：function _$eZ(){var _$jA=[175];Array.prototype.push.apply(_$jA,arguments);return _$aq.apply(this,_$jA);}
home_cookie.js:25 获取 Window 的属性：clearInterval 值为：function _$eZ(){var _$jA=[175];Array.prototype.push.apply(_$jA,arguments);return _$aq.apply(this,_$jA);}
home_cookie.js:25 获取 Window 的属性：document 值为：[object document]
home_cookie.js:25 获取 Window 的属性：name 值为：
home_cookie.js:25 获取 Window 的属性：localStorage 值为：[object localStorage]
home_cookie.js:25 获取 Window 的属性：globalStorage 值为：undefined
home_cookie.js:25 获取 Window 的属性：sessionStorage 值为：[object sessionStorage]
home_cookie.js:25 获取 Window 的属性：indexedDB 值为：undefined
home_cookie.js:25 获取 Window 的属性：mozIndexedDB 值为：undefined
home_cookie.js:25 获取 Window 的属性：webkitIndexedDB 值为：undefined
home_cookie.js:25 获取 Window 的属性：msIndexedDB 值为：undefined
home_cookie.js:25 获取 Window 的属性：top 值为：[object Window]
home_cookie.js:15 设置 Window 的属性：_$i0 值为：function _$mP(){var _$lP;if(_$lj)return;_$lj=1,_$ey(_$nC,_$hC[51],_$b8),_$lP=_$mC(),_$_1[335](_$iO[41],_$_1[336]()),_$h8(_$nC[_$cf[56]],_$dA);function _$dA(_$dA){var _$eN,_$bS,_$_C,_$mr,_$lR,_$ht;_$eN=_$cf[3],_$bS=_$_1[37][_$cf[26]](_$dA[_$cf[12]]);if(_$bS===_$cf[21])(_$eN=_$cf[43],_$_C=_$cz(_$dA), !_$_C|| !_$_C._$kl?_$aq(506,_$dA,_$eN,_$dA[_$cf[11]](_$eN)):_$lP||_$lz?_$aq(506,_$dA,_$eN,_$_C._$cx):0);else if(_$bS===_$cf[1])(_$eN=_$cf[14],_$_C=_$cz(_$dA), !_$_C|| !_$_C._$kl?_$aq(506,_$dA,_$eN,_$dA[_$cf[11]](_$eN)):_$lP||_$lz?_$aq(506,_$dA,_$eN,_$_C._$cx):_$dA[_$cf[13]](_$eN,_$fG[87]),_$mU(_$dA));else if(_$lP&&_$jC(_$dA,_$eN))(_$mr=_$dA[_$cf[11]](_$eN),_$aq(506,_$dA,_$eN,_$_1[333](_$mr)));else if(_$bS===_$cf[32]){if(_$dA[_$cf[11]](_$dl[54])===_$dl[59]){_$dA[_$dl[73]][_$fG[31]](_$dA);return true;}}else _$bS===_$cf[56]?_$_1[12]&&_$_1[12]<_$iO[12]?0:(_$lR=_$dA[_$cf[11]](_$cf[38]),_$lR?( typeof _$lR===_$cf[46]?_$lR=_$km(_$lR):0,_$ht=_$_f(_$lR,1),_$dA._$bZ=_$dA[_$cf[38]]=new _$_J(_$ht)):0):_$af(_$bS,_$dA);_$el(_$dA);return false;}}
VM513:1 当前 _$mr ->  28
VM513:1 获取 document 的属性：Symbol(Symbol.toPrimitive) 值为：undefined
VM513:1 获取 document 的属性：toString 值为：function toString() { [native code] }
VM513:1 获取 document 的属性：Symbol(Symbol.toStringTag) 值为：document
VM513:1 获取 Window 的属性：Symbol(Symbol.toPrimitive) 值为：undefined
VM513:1 获取 Window 的属性：toString 值为：function toString() { [native code] }
VM513:1 获取 Window 的属性：Symbol(Symbol.toStringTag) 值为：Window
VM513:1 获取 location 的属性：Symbol(Symbol.toPrimitive) 值为：undefined
VM513:1 获取 location 的属性：toString 值为：function toString() { [native code] }
VM513:1 获取 location 的属性：Symbol(Symbol.toStringTag) 值为：location
VM513:1 当前 _$mr ->  28
VM513:1 获取 document 的属性：Symbol(Symbol.toPrimitive) 值为：undefined
VM513:1 获取 document 的属性：toString 值为：function toString() { [native code] }
VM513:1 获取 document 的属性：Symbol(Symbol.toStringTag) 值为：document
VM513:1 获取 Window 的属性：Symbol(Symbol.toPrimitive) 值为：undefined
VM513:1 获取 Window 的属性：toString 值为：function toString() { [native code] }
VM513:1 获取 Window 的属性：Symbol(Symbol.toStringTag) 值为：Window
VM513:1 获取 location 的属性：Symbol(Symbol.toPrimitive) 值为：undefined
VM513:1 获取 location 的属性：toString 值为：function toString() { [native code] }
VM513:1 获取 location 的属性：Symbol(Symbol.toStringTag) 值为：location
VM513:1 当前 _$mr ->  28
VM513:1 获取 document 的属性：Symbol(Symbol.toPrimitive) 值为：undefined
VM513:1 获取 document 的属性：toString 值为：function toString() { [native code] }
VM513:1 获取 document 的属性：Symbol(Symbol.toStringTag) 值为：document
VM513:1 获取 Window 的属性：Symbol(Symbol.toPrimitive) 值为：undefined
VM513:1 获取 Window 的属性：toString 值为：function toString() { [native code] }
VM513:1 获取 Window 的属性：Symbol(Symbol.toStringTag) 值为：Window
VM513:1 获取 location 的属性：Symbol(Symbol.toPrimitive) 值为：undefined
VM513:1 获取 location 的属性：toString 值为：function toString() { [native code] }
VM513:1 获取 location 的属性：Symbol(Symbol.toStringTag) 值为：location
VM513:1 当前 _$mr ->  28
VM513:1 获取 document 的属性：Symbol(Symbol.toPrimitive) 值为：undefined
VM513:1 获取 document 的属性：toString 值为：function toString() { [native code] }
VM513:1 获取 document 的属性：Symbol(Symbol.toStringTag) 值为：document
VM513:1 获取 Window 的属性：Symbol(Symbol.toPrimitive) 值为：undefined
VM513:1 获取 Window 的属性：toString 值为：function toString() { [native code] }
VM513:1 获取 Window 的属性：Symbol(Symbol.toStringTag) 值为：Window
VM513:1 获取 location 的属性：Symbol(Symbol.toPrimitive) 值为：undefined
VM513:1 获取 location 的属性：toString 值为：function toString() { [native code] }
VM513:1 获取 location 的属性：Symbol(Symbol.toStringTag) 值为：location
VM513:1 当前 _$mr ->  28
VM513:1 获取 document 的属性：Symbol(Symbol.toPrimitive) 值为：undefined
VM513:1 获取 document 的属性：toString 值为：function toString() { [native code] }
VM513:1 获取 document 的属性：Symbol(Symbol.toStringTag) 值为：document
VM513:1 获取 Window 的属性：Symbol(Symbol.toPrimitive) 值为：undefined
VM513:1 获取 Window 的属性：toString 值为：function toString() { [native code] }
VM513:1 获取 Window 的属性：Symbol(Symbol.toStringTag) 值为：Window
VM513:1 获取 location 的属性：Symbol(Symbol.toPrimitive) 值为：undefined
VM513:1 获取 location 的属性：toString 值为：function toString() { [native code] }
VM513:1 获取 location 的属性：Symbol(Symbol.toStringTag) 值为：location
VM513:1 当前 _$mr ->  28
VM513:1 获取 document 的属性：Symbol(Symbol.toPrimitive) 值为：undefined
VM513:1 获取 document 的属性：toString 值为：function toString() { [native code] }
VM513:1 获取 document 的属性：Symbol(Symbol.toStringTag) 值为：document
VM513:1 获取 Window 的属性：Symbol(Symbol.toPrimitive) 值为：undefined
VM513:1 获取 Window 的属性：toString 值为：function toString() { [native code] }
VM513:1 获取 Window 的属性：Symbol(Symbol.toStringTag) 值为：Window
VM513:1 获取 location 的属性：Symbol(Symbol.toPrimitive) 值为：undefined
VM513:1 获取 location 的属性：toString 值为：function toString() { [native code] }
VM513:1 获取 location 的属性：Symbol(Symbol.toStringTag) 值为：location
VM513:1 当前 _$mr ->  28
VM513:1 获取 document 的属性：Symbol(Symbol.toPrimitive) 值为：undefined
VM513:1 获取 document 的属性：toString 值为：function toString() { [native code] }
VM513:1 获取 document 的属性：Symbol(Symbol.toStringTag) 值为：document
VM513:1 获取 Window 的属性：Symbol(Symbol.toPrimitive) 值为：undefined
VM513:1 获取 Window 的属性：toString 值为：function toString() { [native code] }
VM513:1 获取 Window 的属性：Symbol(Symbol.toStringTag) 值为：Window
VM513:1 获取 location 的属性：Symbol(Symbol.toPrimitive) 值为：undefined
VM513:1 获取 location 的属性：toString 值为：function toString() { [native code] }
VM513:1 获取 location 的属性：Symbol(Symbol.toStringTag) 值为：location
VM513:1 当前 _$mr ->  28
VM513:1 获取 document 的属性：Symbol(Symbol.toPrimitive) 值为：undefined
VM513:1 获取 document 的属性：toString 值为：function toString() { [native code] }
VM513:1 获取 document 的属性：Symbol(Symbol.toStringTag) 值为：document
VM513:1 获取 Window 的属性：Symbol(Symbol.toPrimitive) 值为：undefined
VM513:1 获取 Window 的属性：toString 值为：function toString() { [native code] }
VM513:1 获取 Window 的属性：Symbol(Symbol.toStringTag) 值为：Window
VM513:1 获取 location 的属性：Symbol(Symbol.toPrimitive) 值为：undefined
VM513:1 获取 location 的属性：toString 值为：function toString() { [native code] }
VM513:1 获取 location 的属性：Symbol(Symbol.toStringTag) 值为：location
VM513:1 当前 _$mr ->  28
VM513:1 获取 document 的属性：Symbol(Symbol.toPrimitive) 值为：undefined
VM513:1 获取 document 的属性：toString 值为：function toString() { [native code] }
VM513:1 获取 document 的属性：Symbol(Symbol.toStringTag) 值为：document
VM513:1 获取 Window 的属性：Symbol(Symbol.toPrimitive) 值为：undefined
VM513:1 获取 Window 的属性：toString 值为：function toString() { [native code] }
VM513:1 获取 Window 的属性：Symbol(Symbol.toStringTag) 值为：Window
VM513:1 获取 location 的属性：Symbol(Symbol.toPrimitive) 值为：undefined
VM513:1 获取 location 的属性：toString 值为：function toString() { [native code] }
VM513:1 获取 location 的属性：Symbol(Symbol.toStringTag) 值为：location
VM513:1 当前 _$mr ->  28
VM513:1 获取 document 的属性：Symbol(Symbol.toPrimitive) 值为：undefined
VM513:1 获取 document 的属性：toString 值为：function toString() { [native code] }
VM513:1 获取 document 的属性：Symbol(Symbol.toStringTag) 值为：document
VM513:1 获取 Window 的属性：Symbol(Symbol.toPrimitive) 值为：undefined
VM513:1 获取 Window 的属性：toString 值为：function toString() { [native code] }
VM513:1 获取 Window 的属性：Symbol(Symbol.toStringTag) 值为：Window
VM513:1 获取 location 的属性：Symbol(Symbol.toPrimitive) 值为：undefined
VM513:1 获取 location 的属性：toString 值为：function toString() { [native code] }
VM513:1 获取 location 的属性：Symbol(Symbol.toStringTag) 值为：location
VM513:1 当前 _$mr ->  28
VM513:1 获取 document 的属性：Symbol(Symbol.toPrimitive) 值为：undefined
VM513:1 获取 document 的属性：toString 值为：function toString() { [native code] }
VM513:1 获取 document 的属性：Symbol(Symbol.toStringTag) 值为：document
VM513:1 获取 Window 的属性：Symbol(Symbol.toPrimitive) 值为：undefined
VM513:1 获取 Window 的属性：toString 值为：function toString() { [native code] }
VM513:1 获取 Window 的属性：Symbol(Symbol.toStringTag) 值为：Window
VM513:1 获取 location 的属性：Symbol(Symbol.toPrimitive) 值为：undefined
VM513:1 获取 location 的属性：toString 值为：function toString() { [native code] }
VM513:1 获取 location 的属性：Symbol(Symbol.toStringTag) 值为：location
VM513:1 当前 _$mr ->  28
VM513:1 获取 document 的属性：Symbol(Symbol.toPrimitive) 值为：undefined
VM513:1 获取 document 的属性：toString 值为：function toString() { [native code] }
VM513:1 获取 document 的属性：Symbol(Symbol.toStringTag) 值为：document
VM513:1 获取 Window 的属性：Symbol(Symbol.toPrimitive) 值为：undefined
VM513:1 获取 Window 的属性：toString 值为：function toString() { [native code] }
VM513:1 获取 Window 的属性：Symbol(Symbol.toStringTag) 值为：Window
VM513:1 获取 location 的属性：Symbol(Symbol.toPrimitive) 值为：undefined
VM513:1 获取 location 的属性：toString 值为：function toString() { [native code] }
VM513:1 获取 location 的属性：Symbol(Symbol.toStringTag) 值为：location
VM513:1 当前 _$mr ->  28
VM513:1 获取 document 的属性：Symbol(Symbol.toPrimitive) 值为：undefined
VM513:1 获取 document 的属性：toString 值为：function toString() { [native code] }
VM513:1 获取 document 的属性：Symbol(Symbol.toStringTag) 值为：document
VM513:1 获取 Window 的属性：Symbol(Symbol.toPrimitive) 值为：undefined
VM513:1 获取 Window 的属性：toString 值为：function toString() { [native code] }
VM513:1 获取 Window 的属性：Symbol(Symbol.toStringTag) 值为：Window
VM513:1 获取 location 的属性：Symbol(Symbol.toPrimitive) 值为：undefined
VM513:1 获取 location 的属性：toString 值为：function toString() { [native code] }
VM513:1 获取 location 的属性：Symbol(Symbol.toStringTag) 值为：location
VM513:1 当前 _$mr ->  28
VM513:1 获取 document 的属性：Symbol(Symbol.toPrimitive) 值为：undefined
VM513:1 获取 document 的属性：toString 值为：function toString() { [native code] }
VM513:1 获取 document 的属性：Symbol(Symbol.toStringTag) 值为：document
VM513:1 获取 Window 的属性：Symbol(Symbol.toPrimitive) 值为：undefined
VM513:1 获取 Window 的属性：toString 值为：function toString() { [native code] }
VM513:1 获取 Window 的属性：Symbol(Symbol.toStringTag) 值为：Window
VM513:1 获取 location 的属性：Symbol(Symbol.toPrimitive) 值为：undefined
VM513:1 获取 location 的属性：toString 值为：function toString() { [native code] }
VM513:1 获取 location 的属性：Symbol(Symbol.toStringTag) 值为：location
VM513:1 当前 _$mr ->  28
VM513:1 获取 document 的属性：Symbol(Symbol.toPrimitive) 值为：undefined
VM513:1 获取 document 的属性：toString 值为：function toString() { [native code] }
VM513:1 获取 document 的属性：Symbol(Symbol.toStringTag) 值为：document
VM513:1 获取 Window 的属性：Symbol(Symbol.toPrimitive) 值为：undefined
VM513:1 获取 Window 的属性：toString 值为：function toString() { [native code] }
VM513:1 获取 Window 的属性：Symbol(Symbol.toStringTag) 值为：Window
VM513:1 获取 location 的属性：Symbol(Symbol.toPrimitive) 值为：undefined
VM513:1 获取 location 的属性：toString 值为：function toString() { [native code] }
VM513:1 获取 location 的属性：Symbol(Symbol.toStringTag) 值为：location
VM513:1 当前 _$mr ->  28
VM513:1 获取 document 的属性：Symbol(Symbol.toPrimitive) 值为：undefined
VM513:1 获取 document 的属性：toString 值为：function toString() { [native code] }
VM513:1 获取 document 的属性：Symbol(Symbol.toStringTag) 值为：document
VM513:1 获取 Window 的属性：Symbol(Symbol.toPrimitive) 值为：undefined
VM513:1 获取 Window 的属性：toString 值为：function toString() { [native code] }
VM513:1 获取 Window 的属性：Symbol(Symbol.toStringTag) 值为：Window
VM513:1 获取 location 的属性：Symbol(Symbol.toPrimitive) 值为：undefined
VM513:1 获取 location 的属性：toString 值为：function toString() { [native code] }
VM513:1 获取 location 的属性：Symbol(Symbol.toStringTag) 值为：location
VM513:1 当前 _$mr ->  28
VM513:1 获取 document 的属性：Symbol(Symbol.toPrimitive) 值为：undefined
VM513:1 获取 document 的属性：toString 值为：function toString() { [native code] }
VM513:1 获取 document 的属性：Symbol(Symbol.toStringTag) 值为：document
VM513:1 获取 Window 的属性：Symbol(Symbol.toPrimitive) 值为：undefined
VM513:1 获取 Window 的属性：toString 值为：function toString() { [native code] }
VM513:1 获取 Window 的属性：Symbol(Symbol.toStringTag) 值为：Window
VM513:1 获取 location 的属性：Symbol(Symbol.toPrimitive) 值为：undefined
VM513:1 获取 location 的属性：toString 值为：function toString() { [native code] }
VM513:1 获取 location 的属性：Symbol(Symbol.toStringTag) 值为：location
VM513:1 当前 _$mr ->  95
VM513:1 获取 document 的属性：Symbol(Symbol.toPrimitive) 值为：undefined
VM513:1 获取 document 的属性：toString 值为：function toString() { [native code] }
VM513:1 获取 document 的属性：Symbol(Symbol.toStringTag) 值为：document
VM513:1 获取 Window 的属性：Symbol(Symbol.toPrimitive) 值为：undefined
VM513:1 获取 Window 的属性：toString 值为：function toString() { [native code] }
VM513:1 获取 Window 的属性：Symbol(Symbol.toStringTag) 值为：Window
VM513:1 获取 location 的属性：Symbol(Symbol.toPrimitive) 值为：undefined
VM513:1 获取 location 的属性：toString 值为：function toString() { [native code] }
VM513:1 获取 location 的属性：Symbol(Symbol.toStringTag) 值为：location
VM513:1 当前 _$mr ->  36
VM513:1 当前 _$mr ->  12
VM513:1 当前 _$mr ->  48
VM513:1 当前 _$mr ->  12
VM513:1 当前 _$mr ->  12
VM513:1 当前 _$mr ->  48
VM513:1 当前 _$mr ->  0
VM513:1 当前 _$mr ->  29
VM513:1 当前 _$mr ->  56
VM513:1 当前 _$mr ->  12
VM513:1 当前 _$mr ->  48
VM513:1 当前 _$mr ->  12
VM513:1 当前 _$mr ->  48
VM513:1 当前 _$mr ->  0
VM513:1 当前 _$mr ->  56
VM513:1 当前 _$mr ->  12
VM513:1 当前 _$mr ->  48
VM513:1 当前 _$mr ->  12
VM513:1 当前 _$mr ->  48
VM513:1 当前 _$mr ->  0
VM513:1 当前 _$mr ->  56
VM513:1 当前 _$mr ->  12
VM513:1 当前 _$mr ->  48
VM513:1 当前 _$mr ->  12
VM513:1 当前 _$mr ->  48
VM513:1 当前 _$mr ->  0
VM513:1 当前 _$mr ->  56
VM513:1 当前 _$mr ->  12
VM513:1 当前 _$mr ->  48
VM513:1 当前 _$mr ->  12
VM513:1 当前 _$mr ->  48
VM513:1 当前 _$mr ->  0
VM513:1 当前 _$mr ->  56
VM513:1 当前 _$mr ->  12
VM513:1 当前 _$mr ->  48
VM513:1 当前 _$mr ->  12
VM513:1 当前 _$mr ->  12
VM513:1 当前 _$mr ->  29
VM513:1 当前 _$mr ->  56
VM513:1 当前 _$mr ->  12
VM513:1 当前 _$mr ->  48
VM513:1 当前 _$mr ->  48
VM513:1 当前 _$mr ->  56
VM513:1 当前 _$mr ->  12
VM513:1 当前 _$mr ->  48
VM513:1 当前 _$mr ->  12
VM513:1 当前 _$mr ->  48
VM513:1 当前 _$mr ->  0
VM513:1 当前 _$mr ->  56
VM513:1 当前 _$mr ->  12
VM513:1 当前 _$mr ->  48
VM513:1 当前 _$mr ->  0
VM513:1 当前 _$mr ->  56
VM513:1 当前 _$mr ->  12
VM513:1 当前 _$mr ->  40
VM513:1 当前 _$mr ->  0
VM513:1 当前 _$mr ->  56
VM513:1 当前 _$mr ->  12
VM513:1 当前 _$mr ->  48
VM513:1 当前 _$mr ->  0
VM513:1 当前 _$mr ->  56
VM513:1 当前 _$mr ->  36
VM513:1 当前 _$mr ->  16
VM513:1 当前 _$mr ->  55
VM513:1 当前 _$mr ->  12
VM513:1 当前 _$mr ->  12
VM513:1 当前 _$mr ->  48
VM513:1 当前 _$mr ->  0
VM513:1 当前 _$mr ->  27
VM513:1 当前 _$mr ->  3
VM513:1 当前 _$mr ->  12
VM513:1 当前 _$mr ->  12
VM513:1 当前 _$mr ->  48
VM513:1 当前 _$mr ->  0
VM513:1 当前 _$mr ->  73
VM513:1 当前 _$mr ->  50
VM513:1 当前 _$mr ->  12
VM513:1 当前 _$mr ->  12
VM513:1 当前 _$mr ->  48
VM513:1 当前 _$mr ->  0
VM513:1 当前 _$mr ->  27
VM513:1 当前 _$mr ->  3
VM513:1 当前 _$mr ->  12
VM513:1 当前 _$mr ->  48
VM513:1 当前 _$mr ->  0
VM513:1 当前 _$mr ->  96
VM513:1 当前 _$mr ->  12
VM513:1 当前 _$mr ->  12
VM513:1 当前 _$mr ->  40
VM513:1 当前 _$mr ->  0
VM513:1 当前 _$mr ->  52
VM513:1 当前 _$mr ->  3
VM513:1 当前 _$mr ->  12
VM513:1 当前 _$mr ->  48
VM513:1 当前 _$mr ->  7
VM513:1 当前 _$mr ->  55
VM513:1 当前 _$mr ->  12
VM513:1 当前 _$mr ->  3
VM513:1 当前 _$mr ->  12
VM513:1 当前 _$mr ->  48
VM513:1 当前 _$mr ->  12
VM513:1 当前 _$mr ->  12
VM513:1 当前 _$mr ->  48
VM513:1 当前 _$mr ->  0
VM513:1 当前 _$mr ->  73
VM513:1 当前 _$mr ->  30
VM513:1 当前 _$mr ->  96
VM513:1 当前 _$mr ->  60
VM513:1 当前 _$mr ->  12
VM513:1 当前 _$mr ->  48
VM513:1 当前 _$mr ->  12
VM513:1 当前 _$mr ->  12
VM513:1 当前 _$mr ->  48
VM513:1 当前 _$mr ->  0
VM513:1 当前 _$mr ->  12
VM513:1 当前 _$mr ->  48
VM513:1 当前 _$mr ->  0
VM513:1 当前 _$mr ->  53
VM513:1 当前 _$mr ->  50
VM513:1 当前 _$mr ->  12
VM513:1 当前 _$mr ->  48
VM513:1 当前 _$mr ->  0
VM513:1 当前 _$mr ->  12
VM513:1 当前 _$mr ->  40
VM513:1 当前 _$mr ->  0
VM513:1 当前 _$mr ->  27
VM513:1 当前 _$mr ->  3
VM513:1 当前 _$mr ->  12
VM513:1 当前 _$mr ->  48
VM513:1 当前 _$mr ->  12
VM513:1 当前 _$mr ->  48
VM513:1 当前 _$mr ->  0
VM513:1 当前 _$mr ->  12
VM513:1 当前 _$mr ->  48
VM513:1 当前 _$mr ->  0
VM513:1 当前 _$mr ->  15
VM513:1 当前 _$mr ->  12
VM513:1 当前 _$mr ->  48
VM513:1 当前 _$mr ->  0
VM513:1 当前 _$mr ->  9
VM513:1 当前 _$mr ->  50
VM513:1 当前 _$mr ->  12
VM513:1 获取 Window 的属性：Symbol(Symbol.toPrimitive) 值为：undefined
VM513:1 获取 Window 的属性：valueOf 值为：function valueOf() { [native code] }
VM513:1 获取 Window 的属性：toString 值为：function toString() { [native code] }
VM513:1 获取 Window 的属性：Symbol(Symbol.toStringTag) 值为：Window
VM513:1 当前 _$mr ->  12
VM513:1 获取 Window 的属性：Symbol(Symbol.toPrimitive) 值为：undefined
VM513:1 获取 Window 的属性：valueOf 值为：function valueOf() { [native code] }
VM513:1 获取 Window 的属性：toString 值为：function toString() { [native code] }
VM513:1 获取 Window 的属性：Symbol(Symbol.toStringTag) 值为：Window
VM513:1 当前 _$mr ->  48
VM513:1 获取 Window 的属性：Symbol(Symbol.toPrimitive) 值为：undefined
VM513:1 获取 Window 的属性：valueOf 值为：function valueOf() { [native code] }
VM513:1 获取 Window 的属性：toString 值为：function toString() { [native code] }
VM513:1 获取 Window 的属性：Symbol(Symbol.toStringTag) 值为：Window
VM513:1 当前 _$mr ->  0
VM513:1 获取 Window 的属性：Symbol(Symbol.toPrimitive) 值为：undefined
VM513:1 获取 Window 的属性：valueOf 值为：function valueOf() { [native code] }
VM513:1 获取 Window 的属性：toString 值为：function toString() { [native code] }
VM513:1 获取 Window 的属性：Symbol(Symbol.toStringTag) 值为：Window
VM513:1 当前 _$mr ->  28
VM513:1 获取 Window 的属性：Symbol(Symbol.toPrimitive) 值为：undefined
VM513:1 获取 Window 的属性：valueOf 值为：function valueOf() { [native code] }
VM513:1 获取 Window 的属性：toString 值为：function toString() { [native code] }
VM513:1 获取 Window 的属性：Symbol(Symbol.toStringTag) 值为：Window
VM513:1 当前 _$mr ->  12
VM513:1 获取 Window 的属性：Symbol(Symbol.toPrimitive) 值为：undefined
VM513:1 获取 Window 的属性：valueOf 值为：function valueOf() { [native code] }
VM513:1 获取 Window 的属性：toString 值为：function toString() { [native code] }
VM513:1 获取 Window 的属性：Symbol(Symbol.toStringTag) 值为：Window
VM513:1 当前 _$mr ->  48
VM513:1 获取 Window 的属性：Symbol(Symbol.toPrimitive) 值为：undefined
VM513:1 获取 Window 的属性：valueOf 值为：function valueOf() { [native code] }
VM513:1 获取 Window 的属性：toString 值为：function toString() { [native code] }
VM513:1 获取 Window 的属性：Symbol(Symbol.toStringTag) 值为：Window
VM513:1 当前 _$mr ->  0
VM513:1 获取 Window 的属性：Symbol(Symbol.toPrimitive) 值为：undefined
VM513:1 获取 Window 的属性：valueOf 值为：function valueOf() { [native code] }
VM513:1 获取 Window 的属性：toString 值为：function toString() { [native code] }
VM513:1 获取 Window 的属性：Symbol(Symbol.toStringTag) 值为：Window
VM513:1 当前 _$mr ->  45
home_cookie.js:25 获取 Window 的属性：setInterval 值为：function setInterval(callback, repeat, arg1, arg2, arg3) {
  validateFunction(callback, 'callback');

  let i, args;
  switch (arguments.length) {
    // fast cases
    case 1:
    case 2:
      break;
    case 3:
      args = [arg1];
      break;
    case 4:
      args = [arg1, arg2];
      break;
    default:
      args = [arg1, arg2, arg3];
      for (i = 5; i < arguments.length; i++) {
        // Extend array dynamically, makes .apply run much faster in v6.0.0
        args[i - 2] = arguments[i];
      }
      break;
  }

  const timeout = new Timeout(callback, repeat, args, true, true);
  insert(timeout, timeout._idleTimeout);

  return timeout;
}
VM513:1 获取 document 的属性：Symbol(Symbol.toPrimitive) 值为：undefined
VM513:1 获取 document 的属性：toString 值为：function toString() { [native code] }
VM513:1 获取 document 的属性：Symbol(Symbol.toStringTag) 值为：document
VM513:1 获取 Window 的属性：Symbol(Symbol.toPrimitive) 值为：undefined
VM513:1 获取 Window 的属性：toString 值为：function toString() { [native code] }
VM513:1 获取 Window 的属性：Symbol(Symbol.toStringTag) 值为：Window
VM513:1 获取 location 的属性：Symbol(Symbol.toPrimitive) 值为：undefined
VM513:1 获取 location 的属性：toString 值为：function toString() { [native code] }
VM513:1 获取 location 的属性：Symbol(Symbol.toStringTag) 值为：location
VM513:1 当前 _$mr ->  48
VM513:1 当前 _$mr ->  56
VM513:1 当前 _$mr ->  12
VM513:1 当前 _$mr ->  48
VM513:1 当前 _$mr ->  0
VM513:1 当前 _$mr ->  56
VM513:1 当前 _$mr ->  12
VM513:1 当前 _$mr ->  48
VM513:1 当前 _$mr ->  0
VM513:1 当前 _$mr ->  12
VM513:1 当前 _$mr ->  48
VM513:1 当前 _$mr ->  0
VM513:1 当前 _$mr ->  48
VM513:1 当前 _$mr ->  53
VM513:1 当前 _$mr ->  56
VM513:1 当前 _$mr ->  48
VM513:1 当前 _$mr ->  56
VM513:1 当前 _$mr ->  49
VM513:1 当前 _$mr ->  56
VM513:1 当前 _$mr ->  48
VM513:1 当前 _$mr ->  56
VM513:1 当前 _$mr ->  23
VM513:1 当前 _$mr ->  56
VM513:1 当前 _$mr ->  48
VM513:1 当前 _$mr ->  56
VM513:1 当前 _$mr ->  48
VM513:1 当前 _$mr ->  56
VM513:1 当前 _$mr ->  47
VM513:1 当前 _$mr ->  56
VM513:1 当前 _$mr ->  47
VM513:1 当前 _$mr ->  56
VM513:1 当前 _$mr ->  39
VM513:1 当前 _$mr ->  31
VM513:1 当前 _$mr ->  18
VM513:1 当前 _$mr ->  31
VM513:1 当前 _$mr ->  18
VM513:1 当前 _$mr ->  31
VM513:1 当前 _$mr ->  18
VM513:1 当前 _$mr ->  31
VM513:1 当前 _$mr ->  18
VM513:1 当前 _$mr ->  31
VM513:1 当前 _$mr ->  18
VM513:1 当前 _$mr ->  56
VM513:1 当前 _$mr ->  36
VM513:1 当前 _$mr ->  12
VM513:1 获取 document 的属性：Symbol(Symbol.toPrimitive) 值为：undefined
VM513:1 获取 document 的属性：valueOf 值为：function valueOf() { [native code] }
VM513:1 获取 document 的属性：toString 值为：function toString() { [native code] }
VM513:1 获取 document 的属性：Symbol(Symbol.toStringTag) 值为：document
VM513:1 当前 _$mr ->  12
VM513:1 获取 document 的属性：Symbol(Symbol.toPrimitive) 值为：undefined
VM513:1 获取 document 的属性：valueOf 值为：function valueOf() { [native code] }
VM513:1 获取 document 的属性：toString 值为：function toString() { [native code] }
VM513:1 获取 document 的属性：Symbol(Symbol.toStringTag) 值为：document
VM513:1 当前 _$mr ->  48
VM513:1 获取 document 的属性：Symbol(Symbol.toPrimitive) 值为：undefined
VM513:1 获取 document 的属性：valueOf 值为：function valueOf() { [native code] }
VM513:1 获取 document 的属性：toString 值为：function toString() { [native code] }
VM513:1 获取 document 的属性：Symbol(Symbol.toStringTag) 值为：document
VM513:1 当前 _$mr ->  0
VM513:1 获取 document 的属性：Symbol(Symbol.toPrimitive) 值为：undefined
VM513:1 获取 document 的属性：valueOf 值为：function valueOf() { [native code] }
VM513:1 获取 document 的属性：toString 值为：function toString() { [native code] }
VM513:1 获取 document 的属性：Symbol(Symbol.toStringTag) 值为：document
VM513:1 当前 _$mr ->  12
VM513:1 获取 document 的属性：Symbol(Symbol.toPrimitive) 值为：undefined
VM513:1 获取 document 的属性：valueOf 值为：function valueOf() { [native code] }
VM513:1 获取 document 的属性：toString 值为：function toString() { [native code] }
VM513:1 获取 document 的属性：Symbol(Symbol.toStringTag) 值为：document
VM513:1 当前 _$mr ->  48
VM513:1 获取 document 的属性：Symbol(Symbol.toPrimitive) 值为：undefined
VM513:1 获取 document 的属性：valueOf 值为：function valueOf() { [native code] }
VM513:1 获取 document 的属性：toString 值为：function toString() { [native code] }
VM513:1 获取 document 的属性：Symbol(Symbol.toStringTag) 值为：document
VM513:1 当前 _$mr ->  0
VM513:1 获取 document 的属性：Symbol(Symbol.toPrimitive) 值为：undefined
VM513:1 获取 document 的属性：valueOf 值为：function valueOf() { [native code] }
VM513:1 获取 document 的属性：toString 值为：function toString() { [native code] }
VM513:1 获取 document 的属性：Symbol(Symbol.toStringTag) 值为：document
VM513:1 当前 _$mr ->  53
home_cookie.js:25 获取 document 的属性：getElementsByTagName 值为：function getElementsByTagName(name) {

    var result = [];
    Object.defineProperties(result, {
        [Symbol.toStringTag]: {
            value: 'HTMLCollection',
            configurable: true
        }
    });
    switch (name) {
        case "meta":
            var headElem = { removeChild: removeChild };
            Object.defineProperties(headElem, {
                [Symbol.toStringTag]: {
                    value: 'HTMLHeadElement',
                    configurable: true
                }
            });
            var metaElem = { content: window.content, getAttribute: getAttribute, parentNode: headElem };
            Object.defineProperties(metaElem, {
                [Symbol.toStringTag]: {
                    value: 'HTMLMetaElement ',
                    configurable: true
                }
            });
            result[0] = metaElem;
            break;
        case "script":
            var headElem = { removeChild: removeChild };
            Object.defineProperties(headElem, {
                [Symbol.toStringTag]: {
                    value: 'HTMLHeadElement',
                    configurable: true
                }
            });

            var ele = { getAttribute: getAttribute, parentElement: headElem };
            Object.defineProperties(ele, {
                [Symbol.toStringTag]: {
                    value: 'HTMLScriptElement',
                    configurable: true
                }
            });

            result[0] = ele;
            result[1] = ele;
            break;
    }
    console.log("getElementsByTagName " + name + "-> " + result);
    result = proxy(result);
    return result;
}
home_cookie.js:142 getElementsByTagName script-> [object HTMLScriptElement],[object HTMLScriptElement]
VM513:1 获取 HTMLCollection 的属性：Symbol(Symbol.toPrimitive) 值为：undefined
VM513:1 获取 HTMLCollection 的属性：valueOf 值为：function valueOf() { [native code] }
VM513:1 获取 HTMLCollection 的属性：toString 值为：function toString() { [native code] }
VM513:1 获取 HTMLCollection 的属性：join 值为：function join() { [native code] }
VM513:1 获取 HTMLCollection 的属性：length 值为：2
VM513:1 获取 HTMLCollection 的属性：0 值为：[object HTMLScriptElement]
VM513:1 获取 HTMLCollection 的属性：1 值为：[object HTMLScriptElement]
VM513:1 当前 _$mr ->  56
VM513:1 获取 HTMLCollection 的属性：Symbol(Symbol.toPrimitive) 值为：undefined
VM513:1 获取 HTMLCollection 的属性：valueOf 值为：function valueOf() { [native code] }
VM513:1 获取 HTMLCollection 的属性：toString 值为：function toString() { [native code] }
VM513:1 获取 HTMLCollection 的属性：join 值为：function join() { [native code] }
VM513:1 获取 HTMLCollection 的属性：length 值为：2
VM513:1 获取 HTMLCollection 的属性：0 值为：[object HTMLScriptElement]
VM513:1 获取 HTMLCollection 的属性：1 值为：[object HTMLScriptElement]
VM513:1 当前 _$mr ->  31
VM513:1 获取 HTMLCollection 的属性：Symbol(Symbol.toPrimitive) 值为：undefined
VM513:1 获取 HTMLCollection 的属性：valueOf 值为：function valueOf() { [native code] }
VM513:1 获取 HTMLCollection 的属性：toString 值为：function toString() { [native code] }
VM513:1 获取 HTMLCollection 的属性：join 值为：function join() { [native code] }
VM513:1 获取 HTMLCollection 的属性：length 值为：2
VM513:1 获取 HTMLCollection 的属性：0 值为：[object HTMLScriptElement]
VM513:1 获取 HTMLCollection 的属性：1 值为：[object HTMLScriptElement]
VM513:1 当前 _$mr ->  12
VM513:1 获取 HTMLCollection 的属性：Symbol(Symbol.toPrimitive) 值为：undefined
VM513:1 获取 HTMLCollection 的属性：valueOf 值为：function valueOf() { [native code] }
VM513:1 获取 HTMLCollection 的属性：toString 值为：function toString() { [native code] }
VM513:1 获取 HTMLCollection 的属性：join 值为：function join() { [native code] }
VM513:1 获取 HTMLCollection 的属性：length 值为：2
VM513:1 获取 HTMLCollection 的属性：0 值为：[object HTMLScriptElement]
VM513:1 获取 HTMLCollection 的属性：1 值为：[object HTMLScriptElement]
VM513:1 当前 _$mr ->  48
VM513:1 获取 HTMLCollection 的属性：Symbol(Symbol.toPrimitive) 值为：undefined
VM513:1 获取 HTMLCollection 的属性：valueOf 值为：function valueOf() { [native code] }
VM513:1 获取 HTMLCollection 的属性：toString 值为：function toString() { [native code] }
VM513:1 获取 HTMLCollection 的属性：join 值为：function join() { [native code] }
VM513:1 获取 HTMLCollection 的属性：length 值为：2
VM513:1 获取 HTMLCollection 的属性：0 值为：[object HTMLScriptElement]
VM513:1 获取 HTMLCollection 的属性：1 值为：[object HTMLScriptElement]
VM513:1 当前 _$mr ->  0
VM513:1 获取 HTMLCollection 的属性：Symbol(Symbol.toPrimitive) 值为：undefined
VM513:1 获取 HTMLCollection 的属性：valueOf 值为：function valueOf() { [native code] }
VM513:1 获取 HTMLCollection 的属性：toString 值为：function toString() { [native code] }
VM513:1 获取 HTMLCollection 的属性：join 值为：function join() { [native code] }
VM513:1 获取 HTMLCollection 的属性：length 值为：2
VM513:1 获取 HTMLCollection 的属性：0 值为：[object HTMLScriptElement]
VM513:1 获取 HTMLCollection 的属性：1 值为：[object HTMLScriptElement]
VM513:1 当前 _$mr ->  0
home_cookie.js:25 获取 HTMLCollection 的属性：length 值为：2
VM513:1 当前 _$mr ->  48
VM513:1 当前 _$mr ->  15
VM513:1 当前 _$mr ->  56
VM513:1 当前 _$mr ->  31
VM513:1 当前 _$mr ->  48
VM513:1 当前 _$mr ->  97
VM513:1 当前 _$mr ->  3
VM513:1 当前 _$mr ->  31
VM513:1 获取 HTMLCollection 的属性：Symbol(Symbol.toPrimitive) 值为：undefined
VM513:1 获取 HTMLCollection 的属性：valueOf 值为：function valueOf() { [native code] }
VM513:1 获取 HTMLCollection 的属性：toString 值为：function toString() { [native code] }
VM513:1 获取 HTMLCollection 的属性：join 值为：function join() { [native code] }
VM513:1 获取 HTMLCollection 的属性：length 值为：2
VM513:1 获取 HTMLCollection 的属性：0 值为：[object HTMLScriptElement]
VM513:1 获取 HTMLCollection 的属性：1 值为：[object HTMLScriptElement]
VM513:1 当前 _$mr ->  31
VM513:1 获取 HTMLCollection 的属性：Symbol(Symbol.toPrimitive) 值为：undefined
VM513:1 获取 HTMLCollection 的属性：valueOf 值为：function valueOf() { [native code] }
VM513:1 获取 HTMLCollection 的属性：toString 值为：function toString() { [native code] }
VM513:1 获取 HTMLCollection 的属性：join 值为：function join() { [native code] }
VM513:1 获取 HTMLCollection 的属性：length 值为：2
VM513:1 获取 HTMLCollection 的属性：0 值为：[object HTMLScriptElement]
VM513:1 获取 HTMLCollection 的属性：1 值为：[object HTMLScriptElement]
VM513:1 当前 _$mr ->  0
home_cookie.js:25 获取 HTMLCollection 的属性：1 值为：[object HTMLScriptElement]
VM513:1 当前 _$mr ->  12
VM513:1 当前 _$mr ->  48
VM513:1 当前 _$mr ->  0
VM513:1 当前 _$mr ->  12
VM513:1 当前 _$mr ->  48
VM513:1 当前 _$mr ->  0
VM513:1 当前 _$mr ->  53
home_cookie.js:85 getAttribute r -> m
VM513:1 当前 _$mr ->  12
VM513:1 当前 _$mr ->  48
VM513:1 当前 _$mr ->  0
VM513:1 当前 _$mr ->  61
VM513:1 当前 _$mr ->  3
VM513:1 当前 _$mr ->  31
VM513:1 获取 HTMLCollection 的属性：Symbol(Symbol.toPrimitive) 值为：undefined
VM513:1 获取 HTMLCollection 的属性：valueOf 值为：function valueOf() { [native code] }
VM513:1 获取 HTMLCollection 的属性：toString 值为：function toString() { [native code] }
VM513:1 获取 HTMLCollection 的属性：join 值为：function join() { [native code] }
VM513:1 获取 HTMLCollection 的属性：length 值为：2
VM513:1 获取 HTMLCollection 的属性：0 值为：[object HTMLScriptElement]
VM513:1 获取 HTMLCollection 的属性：1 值为：[object HTMLScriptElement]
VM513:1 当前 _$mr ->  31
VM513:1 获取 HTMLCollection 的属性：Symbol(Symbol.toPrimitive) 值为：undefined
VM513:1 获取 HTMLCollection 的属性：valueOf 值为：function valueOf() { [native code] }
VM513:1 获取 HTMLCollection 的属性：toString 值为：function toString() { [native code] }
VM513:1 获取 HTMLCollection 的属性：join 值为：function join() { [native code] }
VM513:1 获取 HTMLCollection 的属性：length 值为：2
VM513:1 获取 HTMLCollection 的属性：0 值为：[object HTMLScriptElement]
VM513:1 获取 HTMLCollection 的属性：1 值为：[object HTMLScriptElement]
VM513:1 当前 _$mr ->  0
home_cookie.js:25 获取 HTMLCollection 的属性：1 值为：[object HTMLScriptElement]
VM513:1 当前 _$mr ->  12
VM513:1 当前 _$mr ->  48
VM513:1 当前 _$mr ->  0
VM513:1 当前 _$mr ->  0
VM513:1 当前 _$mr ->  12
VM513:1 当前 _$mr ->  48
VM513:1 当前 _$mr ->  0
VM513:1 当前 _$mr ->  31
VM513:1 当前 _$mr ->  31
VM513:1 当前 _$mr ->  0
home_cookie.js:25 获取 HTMLCollection 的属性：1 值为：[object HTMLScriptElement]
VM513:1 当前 _$mr ->  10
home_cookie.js:90 removeChild -> [object HTMLScriptElement]
VM513:1 当前 _$mr ->  24
VM513:1 当前 _$mr ->  88
VM513:1 当前 _$mr ->  20
VM513:1 当前 _$mr ->  31
VM513:1 当前 _$mr ->  48
VM513:1 当前 _$mr ->  97
VM513:1 当前 _$mr ->  3
VM513:1 当前 _$mr ->  31
VM513:1 获取 HTMLCollection 的属性：Symbol(Symbol.toPrimitive) 值为：undefined
VM513:1 获取 HTMLCollection 的属性：valueOf 值为：function valueOf() { [native code] }
VM513:1 获取 HTMLCollection 的属性：toString 值为：function toString() { [native code] }
VM513:1 获取 HTMLCollection 的属性：join 值为：function join() { [native code] }
VM513:1 获取 HTMLCollection 的属性：length 值为：2
VM513:1 获取 HTMLCollection 的属性：0 值为：[object HTMLScriptElement]
VM513:1 获取 HTMLCollection 的属性：1 值为：[object HTMLScriptElement]
VM513:1 当前 _$mr ->  31
VM513:1 获取 HTMLCollection 的属性：Symbol(Symbol.toPrimitive) 值为：undefined
VM513:1 获取 HTMLCollection 的属性：valueOf 值为：function valueOf() { [native code] }
VM513:1 获取 HTMLCollection 的属性：toString 值为：function toString() { [native code] }
VM513:1 获取 HTMLCollection 的属性：join 值为：function join() { [native code] }
VM513:1 获取 HTMLCollection 的属性：length 值为：2
VM513:1 获取 HTMLCollection 的属性：0 值为：[object HTMLScriptElement]
VM513:1 获取 HTMLCollection 的属性：1 值为：[object HTMLScriptElement]
VM513:1 当前 _$mr ->  0
home_cookie.js:25 获取 HTMLCollection 的属性：0 值为：[object HTMLScriptElement]
VM513:1 当前 _$mr ->  12
VM513:1 当前 _$mr ->  48
VM513:1 当前 _$mr ->  0
VM513:1 当前 _$mr ->  12
VM513:1 当前 _$mr ->  48
VM513:1 当前 _$mr ->  0
VM513:1 当前 _$mr ->  53
home_cookie.js:85 getAttribute r -> m
VM513:1 当前 _$mr ->  12
VM513:1 当前 _$mr ->  48
VM513:1 当前 _$mr ->  0
VM513:1 当前 _$mr ->  61
VM513:1 当前 _$mr ->  3
VM513:1 当前 _$mr ->  31
VM513:1 获取 HTMLCollection 的属性：Symbol(Symbol.toPrimitive) 值为：undefined
VM513:1 获取 HTMLCollection 的属性：valueOf 值为：function valueOf() { [native code] }
VM513:1 获取 HTMLCollection 的属性：toString 值为：function toString() { [native code] }
VM513:1 获取 HTMLCollection 的属性：join 值为：function join() { [native code] }
VM513:1 获取 HTMLCollection 的属性：length 值为：2
VM513:1 获取 HTMLCollection 的属性：0 值为：[object HTMLScriptElement]
VM513:1 获取 HTMLCollection 的属性：1 值为：[object HTMLScriptElement]
VM513:1 当前 _$mr ->  31
VM513:1 获取 HTMLCollection 的属性：Symbol(Symbol.toPrimitive) 值为：undefined
VM513:1 获取 HTMLCollection 的属性：valueOf 值为：function valueOf() { [native code] }
VM513:1 获取 HTMLCollection 的属性：toString 值为：function toString() { [native code] }
VM513:1 获取 HTMLCollection 的属性：join 值为：function join() { [native code] }
VM513:1 获取 HTMLCollection 的属性：length 值为：2
VM513:1 获取 HTMLCollection 的属性：0 值为：[object HTMLScriptElement]
VM513:1 获取 HTMLCollection 的属性：1 值为：[object HTMLScriptElement]
VM513:1 当前 _$mr ->  0
home_cookie.js:25 获取 HTMLCollection 的属性：0 值为：[object HTMLScriptElement]
VM513:1 当前 _$mr ->  12
VM513:1 当前 _$mr ->  48
VM513:1 当前 _$mr ->  0
VM513:1 当前 _$mr ->  0
VM513:1 当前 _$mr ->  12
VM513:1 当前 _$mr ->  48
VM513:1 当前 _$mr ->  0
VM513:1 当前 _$mr ->  31
VM513:1 当前 _$mr ->  31
VM513:1 当前 _$mr ->  0
home_cookie.js:25 获取 HTMLCollection 的属性：0 值为：[object HTMLScriptElement]
VM513:1 当前 _$mr ->  10
home_cookie.js:90 removeChild -> [object HTMLScriptElement]
VM513:1 当前 _$mr ->  24
VM513:1 当前 _$mr ->  88
VM513:1 当前 _$mr ->  20
VM513:1 当前 _$mr ->  31
VM513:1 当前 _$mr ->  48
VM513:1 当前 _$mr ->  97
VM513:1 当前 _$mr ->  3
VM513:1 当前 _$mr ->  12
VM513:1 当前 _$mr ->  48
VM513:1 当前 _$mr ->  0
VM513:1 当前 _$mr ->  49
VM513:1 当前 _$mr ->  28
VM513:1 当前 _$mr ->  3
VM513:1 当前 _$mr ->  25
VM513:1 当前 _$mr ->  56
VM513:1 当前 _$mr ->  31
VM513:1 当前 _$mr ->  48
VM513:1 当前 _$mr ->  41
VM513:1 当前 _$mr ->  12
VM513:1 当前 _$mr ->  17
VM513:1 当前 _$mr ->  4
VM513:1 当前 _$mr ->  56
VM513:1 当前 _$mr ->  31
VM513:1 当前 _$mr ->  3
VM513:1 当前 _$mr ->  31
VM513:1 当前 _$mr ->  12
VM513:1 当前 _$mr ->  48
VM513:1 当前 _$mr ->  0
VM513:1 当前 _$mr ->  0
VM513:1 当前 _$mr ->  56
VM513:1 当前 _$mr ->  31
VM513:1 当前 _$mr ->  58
VM513:1 当前 _$mr ->  3
VM513:1 当前 _$mr ->  31
VM513:1 当前 _$mr ->  12
VM513:1 当前 _$mr ->  48
VM513:1 当前 _$mr ->  0
VM513:1 当前 _$mr ->  13
VM513:1 当前 _$mr ->  56
VM513:1 当前 _$mr ->  12
VM513:1 当前 _$mr ->  12
VM513:1 当前 _$mr ->  48
VM513:1 当前 _$mr ->  0
VM513:1 当前 _$mr ->  31
VM513:1 当前 _$mr ->  63
VM513:1 当前 _$mr ->  1
VM513:1 当前 _$mr ->  56
VM513:1 当前 _$mr ->  31
VM513:1 当前 _$mr ->  12
VM513:1 当前 _$mr ->  48
VM513:1 当前 _$mr ->  0
VM513:1 当前 _$mr ->  13
VM513:1 当前 _$mr ->  56
VM513:1 当前 _$mr ->  31
VM513:1 当前 _$mr ->  63
VM513:1 当前 _$mr ->  61
VM513:1 当前 _$mr ->  17
VM513:1 当前 _$mr ->  3
VM513:1 当前 _$mr ->  12
VM513:1 当前 _$mr ->  12
VM513:1 当前 _$mr ->  48
VM513:1 当前 _$mr ->  0
VM513:1 当前 _$mr ->  31
VM513:1 当前 _$mr ->  12
VM513:1 当前 _$mr ->  48
VM513:1 当前 _$mr ->  0
VM513:1 当前 _$mr ->  1
VM513:1 当前 _$mr ->  12
VM513:1 当前 _$mr ->  48
VM513:1 当前 _$mr ->  0
VM513:1 当前 _$mr ->  32
VM513:1 当前 _$mr ->  57
VM513:1 当前 _$mr ->  31
VM513:1 当前 _$mr ->  12
VM513:1 当前 _$mr ->  48
VM513:1 当前 _$mr ->  0
VM513:1 当前 _$mr ->  8
VM513:1 当前 _$mr ->  57
VM513:1 当前 _$mr ->  31
VM513:1 当前 _$mr ->  12
VM513:1 当前 _$mr ->  48
VM513:1 当前 _$mr ->  0
VM513:1 当前 _$mr ->  61
VM513:1 当前 _$mr ->  3
VM513:1 当前 _$mr ->  41
VM513:1 当前 _$mr ->  38
VM513:1 当前 _$mr ->  3
VM513:1 当前 _$mr ->  12
VM513:1 获取 Window 的属性：Symbol(Symbol.toPrimitive) 值为：undefined
VM513:1 获取 Window 的属性：valueOf 值为：function valueOf() { [native code] }
VM513:1 获取 Window 的属性：toString 值为：function toString() { [native code] }
VM513:1 获取 Window 的属性：Symbol(Symbol.toStringTag) 值为：Window
VM513:1 当前 _$mr ->  12
VM513:1 获取 Window 的属性：Symbol(Symbol.toPrimitive) 值为：undefined
VM513:1 获取 Window 的属性：valueOf 值为：function valueOf() { [native code] }
VM513:1 获取 Window 的属性：toString 值为：function toString() { [native code] }
VM513:1 获取 Window 的属性：Symbol(Symbol.toStringTag) 值为：Window
VM513:1 当前 _$mr ->  48
VM513:1 获取 Window 的属性：Symbol(Symbol.toPrimitive) 值为：undefined
VM513:1 获取 Window 的属性：valueOf 值为：function valueOf() { [native code] }
VM513:1 获取 Window 的属性：toString 值为：function toString() { [native code] }
VM513:1 获取 Window 的属性：Symbol(Symbol.toStringTag) 值为：Window
VM513:1 当前 _$mr ->  0
VM513:1 获取 Window 的属性：Symbol(Symbol.toPrimitive) 值为：undefined
VM513:1 获取 Window 的属性：valueOf 值为：function valueOf() { [native code] }
VM513:1 获取 Window 的属性：toString 值为：function toString() { [native code] }
VM513:1 获取 Window 的属性：Symbol(Symbol.toStringTag) 值为：Window
VM513:1 当前 _$mr ->  31
VM513:1 获取 Window 的属性：Symbol(Symbol.toPrimitive) 值为：undefined
VM513:1 获取 Window 的属性：valueOf 值为：function valueOf() { [native code] }
VM513:1 获取 Window 的属性：toString 值为：function toString() { [native code] }
VM513:1 获取 Window 的属性：Symbol(Symbol.toStringTag) 值为：Window
VM513:1 当前 _$mr ->  44
home_cookie.js:25 获取 Window 的属性：addEventListener 值为：function addEventListener(type, listener) {
    console.log("addEventListener -> type: " + type + " listener: " + listener);
}
home_cookie.js:25 获取 Window 的属性：addEventListener 值为：function addEventListener(type, listener) {
    console.log("addEventListener -> type: " + type + " listener: " + listener);
}
home_cookie.js:74 addEventListener -> type: load listener: function _$dA(){var _$dA,_$eN,_$bS,_$_C,_$mr,_$lR;if(_$$O._$g3)(_$eN=_$_v._$kb(),_$dA=_$_v._$kb(),_$eN[1]=_$dT[1],_$eN[3]=_$dT[3]);else{_$eN=[],_$dA=new _$_Z(_$$O._$_c),_$eN[1]=_$dT[1].concat([arguments]),_$eN[3]=_$dT[3].concat([_$dA]),_$bS=_$$O._$j1;for(_$_C=2;_$_C<_$bS.length;_$_C++ )_$dA[_$_C]=_$hv(_$bS[_$_C],_$eN);}_$eN[0]=arguments,_$eN[2]=_$dA,_$dA[0]=this,_$dA[1]=arguments,_$$O._$_K.charCodeAt?_$$O._$_K=_$nf(_$$O._$_K):0,_$$K(_$$O,0,_$$O._$_K.length,_$eN),_$mr=_$eN[4],_$lR=_$eN[5],_$$O._$g3?(_$_v._$aS(_$eN),_$_v._$aS(_$dA)):0;if(_$mr===1)return _$lR;}
VM513:1 获取 Window 的属性：Symbol(Symbol.toPrimitive) 值为：undefined
VM513:1 获取 Window 的属性：valueOf 值为：function valueOf() { [native code] }
VM513:1 获取 Window 的属性：toString 值为：function toString() { [native code] }
VM513:1 获取 Window 的属性：Symbol(Symbol.toStringTag) 值为：Window
VM513:1 当前 _$mr ->  31
VM513:1 当前 _$mr ->  21
VM513:1 当前 _$mr ->  38
VM513:1 当前 _$mr ->  39
VM513:1 当前 _$mr ->  31
VM513:1 当前 _$mr ->  18
VM513:1 当前 _$mr ->  10
VM513:1 当前 _$mr ->  54
VM513:1 当前 _$mr ->  12
VM513:1 当前 _$mr ->  48
VM513:1 当前 _$mr ->  0
VM513:1 当前 _$mr ->  38
VM513:1 当前 _$mr ->  10
VM513:1 当前 _$mr ->  43
VM513:1 当前 _$mr ->  31
VM513:1 当前 _$mr ->  21
VM513:1 当前 _$mr ->  54
VM513:1 当前 _$mr ->  12
VM513:1 当前 _$mr ->  48
VM513:1 当前 _$mr ->  0
VM513:1 当前 _$mr ->  38
VM513:1 当前 _$mr ->  10
VM513:1 当前 _$mr ->  31
VM513:1 当前 _$mr ->  21
VM513:1 当前 _$mr ->  54
VM513:1 当前 _$mr ->  12
VM513:1 当前 _$mr ->  48
VM513:1 当前 _$mr ->  0
VM513:1 当前 _$mr ->  38
VM513:1 当前 _$mr ->  10
VM513:1 当前 _$mr ->  31
VM513:1 当前 _$mr ->  21
VM513:1 当前 _$mr ->  12
VM513:1 当前 _$mr ->  48
VM513:1 当前 _$mr ->  0
VM513:1 当前 _$mr ->  12
VM513:1 当前 _$mr ->  29
VM513:1 当前 _$mr ->  12
VM513:1 当前 _$mr ->  48
VM513:1 当前 _$mr ->  0
VM513:1 当前 _$mr ->  29
VM513:1 当前 _$mr ->  56
VM513:1 当前 _$mr ->  31
VM513:1 当前 _$mr ->  56
VM513:1 当前 _$mr ->  49
home_cookie.js:25 获取 Window 的属性：location 值为：[object location]
VM513:1 获取 location 的属性：Symbol(Symbol.toPrimitive) 值为：undefined
VM513:1 获取 location 的属性：valueOf 值为：function valueOf() { [native code] }
VM513:1 获取 location 的属性：toString 值为：function toString() { [native code] }
VM513:1 获取 location 的属性：Symbol(Symbol.toStringTag) 值为：location
VM513:1 当前 _$mr ->  12
VM513:1 获取 location 的属性：Symbol(Symbol.toPrimitive) 值为：undefined
VM513:1 获取 location 的属性：valueOf 值为：function valueOf() { [native code] }
VM513:1 获取 location 的属性：toString 值为：function toString() { [native code] }
VM513:1 获取 location 的属性：Symbol(Symbol.toStringTag) 值为：location
VM513:1 当前 _$mr ->  48
VM513:1 获取 location 的属性：Symbol(Symbol.toPrimitive) 值为：undefined
VM513:1 获取 location 的属性：valueOf 值为：function valueOf() { [native code] }
VM513:1 获取 location 的属性：toString 值为：function toString() { [native code] }
VM513:1 获取 location 的属性：Symbol(Symbol.toStringTag) 值为：location
VM513:1 当前 _$mr ->  0
VM513:1 获取 location 的属性：Symbol(Symbol.toPrimitive) 值为：undefined
VM513:1 获取 location 的属性：valueOf 值为：function valueOf() { [native code] }
VM513:1 获取 location 的属性：toString 值为：function toString() { [native code] }
VM513:1 获取 location 的属性：Symbol(Symbol.toStringTag) 值为：location
VM513:1 当前 _$mr ->  0
home_cookie.js:25 获取 location 的属性：protocol 值为：https: