===== 第一次循环 ==========
当前 _$mr ->  54
当前 _$mr ->  12
当前 _$mr ->  48
当前 _$mr ->  0
当前 _$mr ->  38
当前 _$mr ->  10
当前 _$mr ->  54
当前 _$mr ->  12
当前 _$mr ->  48
当前 _$mr ->  0
当前 _$mr ->  54
当前 _$mr ->  53
当前 _$mr ->  56
当前 _$mr ->  48
当前 _$mr ->  56
当前 _$mr ->  31
当前 _$mr ->  31
当前 _$mr ->  12
当前 _$mr ->  48
当前 _$mr ->  0
当前 _$mr ->  0
当前 _$mr ->  52
当前 _$mr ->  3
当前 _$mr ->  31
当前 _$mr ->  31
当前 _$mr ->  0
当前 _$mr ->  104

===== 第一次循环 ==========


===== 第二次循环 ==========
当前 _$mr ->  12
当前 _$mr ->  75
当前 _$mr ->  30
===== 第二次循环 ==========


===== 第三次循环 ==========
当前 _$mr ->  38
当前 _$mr ->  30
当前 _$mr ->  56
当前 _$mr ->  48
当前 _$mr ->  56
当前 _$mr ->  38
当前 _$mr ->  24
当前 _$mr ->  71
当前 _$mr ->  0
当前 _$mr ->  12
当前 _$mr ->  48
当前 _$mr ->  0
当前 _$mr ->  82
当前 _$mr ->  38
当前 _$mr ->  24
当前 _$mr ->  71
当前 _$mr ->  0
当前 _$mr ->  84
当前 _$mr ->  56
当前 _$mr ->  38
当前 _$mr ->  12
当前 _$mr ->  48
当前 _$mr ->  0
当前 _$mr ->  31
当前 _$mr ->  31
当前 _$mr ->  31
当前 _$mr ->  29
当前 _$mr ->  1
当前 _$mr ->  21
===== 第三次循环 ==========


===== 第四次循环 ==========
当前 _$mr ->  48
当前 _$mr ->  56
当前 _$mr ->  12
当前 _$mr ->  2
当前 _$mr ->  2
当前 _$mr ->  56
当前 _$mr ->  38
当前 _$mr ->  12
当前 _$mr ->  8
===== 第四次循环 ==========


===== 第五次循环 ==========
当前 _$mr ->  47
当前 _$mr ->  56
当前 _$mr ->  38
当前 _$mr ->  30
当前 _$mr ->  56
当前 _$mr ->  48
当前 _$mr ->  56
当前 _$mr ->  31
当前 _$mr ->  12
当前 _$mr ->  48
当前 _$mr ->  0
当前 _$mr ->  52
当前 _$mr ->  3
当前 _$mr ->  49
当前 _$mr ->  56
当前 _$mr ->  31
当前 _$mr ->  31
当前 _$mr ->  38
当前 _$mr ->  56
当前 _$mr ->  24
当前 _$mr ->  55
当前 _$mr ->  20
当前 _$mr ->  31
当前 _$mr ->  12
当前 _$mr ->  48
当前 _$mr ->  0
当前 _$mr ->  52
当前 _$mr ->  3
当前 _$mr ->  49
当前 _$mr ->  56
当前 _$mr ->  31
当前 _$mr ->  31
当前 _$mr ->  38
当前 _$mr ->  56
当前 _$mr ->  24
当前 _$mr ->  55
当前 _$mr ->  20
当前 _$mr ->  31
当前 _$mr ->  12
当前 _$mr ->  48
当前 _$mr ->  0
当前 _$mr ->  52
当前 _$mr ->  3
当前 _$mr ->  49
当前 _$mr ->  56
当前 _$mr ->  31
当前 _$mr ->  31
当前 _$mr ->  38
当前 _$mr ->  56
当前 _$mr ->  24
当前 _$mr ->  55
当前 _$mr ->  20
当前 _$mr ->  31
当前 _$mr ->  12
当前 _$mr ->  48
当前 _$mr ->  0
当前 _$mr ->  52
当前 _$mr ->  3
当前 _$mr ->  49
当前 _$mr ->  56
当前 _$mr ->  31
当前 _$mr ->  31
当前 _$mr ->  38
当前 _$mr ->  56
当前 _$mr ->  24
当前 _$mr ->  55
当前 _$mr ->  20
当前 _$mr ->  31
当前 _$mr ->  12
当前 _$mr ->  48
当前 _$mr ->  0
当前 _$mr ->  52
当前 _$mr ->  3
当前 _$mr ->  31
当前 _$mr ->  30
当前 _$mr ->  56
当前 _$mr ->  12
当前 _$mr ->  48
当前 _$mr ->  0
当前 _$mr ->  56
当前 _$mr ->  31
当前 _$mr ->  38
当前 _$mr ->  12
当前 _$mr ->  48
当前 _$mr ->  0
当前 _$mr ->  0
当前 _$mr ->  52
当前 _$mr ->  3
当前 _$mr ->  38
当前 _$mr ->  12
当前 _$mr ->  48
当前 _$mr ->  0
当前 _$mr ->  0
当前 _$mr ->  31
当前 _$mr ->  15
当前 _$mr ->  56
当前 _$mr ->  31
当前 _$mr ->  12
当前 _$mr ->  48
当前 _$mr ->  0
当前 _$mr ->  27
当前 _$mr ->  3
当前 _$mr ->  12
当前 _$mr ->  48
当前 _$mr ->  0
当前 _$mr ->  56
当前 _$mr ->  31
当前 _$mr ->  31
当前 _$mr ->  64
当前 _$mr ->  56
当前 _$mr ->  38
当前 _$mr ->  31
当前 _$mr ->  31
当前 _$mr ->  29
当前 _$mr ->  31
当前 _$mr ->  31
当前 _$mr ->  0
当前 _$mr ->  103
当前 _$mr ->  12
当前 _$mr ->  48
当前 _$mr ->  0
当前 _$mr ->  50
当前 _$mr ->  20
当前 _$mr ->  31
当前 _$mr ->  38
当前 _$mr ->  12
当前 _$mr ->  48
当前 _$mr ->  0
当前 _$mr ->  0
当前 _$mr ->  52
当前 _$mr ->  3
当前 _$mr ->  38
当前 _$mr ->  12
当前 _$mr ->  48
当前 _$mr ->  0
当前 _$mr ->  0
当前 _$mr ->  31
当前 _$mr ->  15
当前 _$mr ->  56
当前 _$mr ->  31
当前 _$mr ->  12
当前 _$mr ->  48
当前 _$mr ->  0
当前 _$mr ->  27
当前 _$mr ->  3
当前 _$mr ->  12
当前 _$mr ->  48
当前 _$mr ->  0
当前 _$mr ->  56
当前 _$mr ->  31
当前 _$mr ->  31
当前 _$mr ->  64
当前 _$mr ->  56
当前 _$mr ->  38
当前 _$mr ->  31
当前 _$mr ->  31
当前 _$mr ->  29
当前 _$mr ->  31
当前 _$mr ->  31
当前 _$mr ->  0
当前 _$mr ->  103
当前 _$mr ->  12
当前 _$mr ->  48
当前 _$mr ->  0
当前 _$mr ->  50
当前 _$mr ->  20
当前 _$mr ->  31
当前 _$mr ->  38
当前 _$mr ->  12
当前 _$mr ->  48
当前 _$mr ->  0
当前 _$mr ->  0
当前 _$mr ->  52
当前 _$mr ->  3
当前 _$mr ->  38
当前 _$mr ->  12
当前 _$mr ->  48
当前 _$mr ->  0
当前 _$mr ->  0
当前 _$mr ->  31
当前 _$mr ->  15
当前 _$mr ->  56
当前 _$mr ->  31
当前 _$mr ->  12
当前 _$mr ->  48
当前 _$mr ->  0
当前 _$mr ->  27
当前 _$mr ->  3
当前 _$mr ->  12
当前 _$mr ->  48
当前 _$mr ->  0
当前 _$mr ->  56
当前 _$mr ->  31
当前 _$mr ->  31
当前 _$mr ->  64
当前 _$mr ->  56
当前 _$mr ->  38
当前 _$mr ->  31
当前 _$mr ->  31
当前 _$mr ->  29
当前 _$mr ->  31
当前 _$mr ->  31
当前 _$mr ->  0
当前 _$mr ->  103
当前 _$mr ->  12
当前 _$mr ->  48
当前 _$mr ->  0
当前 _$mr ->  50
当前 _$mr ->  20
当前 _$mr ->  31
当前 _$mr ->  38
当前 _$mr ->  12
当前 _$mr ->  48
当前 _$mr ->  0
当前 _$mr ->  0
当前 _$mr ->  52
当前 _$mr ->  3
当前 _$mr ->  38
当前 _$mr ->  12
当前 _$mr ->  48
当前 _$mr ->  0
当前 _$mr ->  0
当前 _$mr ->  31
当前 _$mr ->  15
当前 _$mr ->  56
当前 _$mr ->  31
当前 _$mr ->  12
当前 _$mr ->  48
当前 _$mr ->  0
当前 _$mr ->  27
当前 _$mr ->  3
当前 _$mr ->  12
当前 _$mr ->  48
当前 _$mr ->  0
当前 _$mr ->  56
当前 _$mr ->  31
当前 _$mr ->  31
当前 _$mr ->  64
当前 _$mr ->  56
当前 _$mr ->  38
当前 _$mr ->  31
当前 _$mr ->  31
当前 _$mr ->  29
当前 _$mr ->  31
当前 _$mr ->  31
当前 _$mr ->  0
当前 _$mr ->  103
当前 _$mr ->  12
当前 _$mr ->  48
当前 _$mr ->  0
当前 _$mr ->  50
当前 _$mr ->  20
当前 _$mr ->  31
当前 _$mr ->  38
当前 _$mr ->  12
当前 _$mr ->  48
当前 _$mr ->  0
当前 _$mr ->  0
当前 _$mr ->  52
当前 _$mr ->  3
当前 _$mr ->  38
当前 _$mr ->  12
当前 _$mr ->  48
当前 _$mr ->  0
当前 _$mr ->  0
当前 _$mr ->  31
当前 _$mr ->  15
当前 _$mr ->  56
当前 _$mr ->  31
当前 _$mr ->  12
当前 _$mr ->  48
当前 _$mr ->  0
当前 _$mr ->  27
当前 _$mr ->  3
当前 _$mr ->  12
当前 _$mr ->  48
当前 _$mr ->  0
当前 _$mr ->  56
当前 _$mr ->  31
当前 _$mr ->  31
当前 _$mr ->  64
当前 _$mr ->  56
当前 _$mr ->  38
当前 _$mr ->  31
当前 _$mr ->  31
当前 _$mr ->  29
当前 _$mr ->  31
当前 _$mr ->  31
当前 _$mr ->  0
当前 _$mr ->  103
当前 _$mr ->  12
当前 _$mr ->  48
当前 _$mr ->  0
当前 _$mr ->  50
当前 _$mr ->  20
当前 _$mr ->  31
当前 _$mr ->  38
当前 _$mr ->  12
当前 _$mr ->  48
当前 _$mr ->  0
当前 _$mr ->  0
当前 _$mr ->  52
当前 _$mr ->  3
当前 _$mr ->  38
当前 _$mr ->  12
当前 _$mr ->  48
当前 _$mr ->  0
当前 _$mr ->  0
当前 _$mr ->  31
当前 _$mr ->  15
当前 _$mr ->  56
当前 _$mr ->  31
当前 _$mr ->  12
当前 _$mr ->  48
当前 _$mr ->  0
当前 _$mr ->  27
当前 _$mr ->  3
当前 _$mr ->  12
当前 _$mr ->  48
当前 _$mr ->  0
当前 _$mr ->  56
当前 _$mr ->  31
当前 _$mr ->  31
当前 _$mr ->  64
当前 _$mr ->  56
当前 _$mr ->  38
当前 _$mr ->  31
当前 _$mr ->  31
当前 _$mr ->  29
当前 _$mr ->  31
当前 _$mr ->  31
当前 _$mr ->  0
当前 _$mr ->  103
当前 _$mr ->  12
当前 _$mr ->  48
当前 _$mr ->  0
当前 _$mr ->  50
当前 _$mr ->  20
当前 _$mr ->  31
当前 _$mr ->  38
当前 _$mr ->  12
当前 _$mr ->  48
当前 _$mr ->  0
当前 _$mr ->  0
当前 _$mr ->  52
当前 _$mr ->  3
当前 _$mr ->  38
当前 _$mr ->  12
当前 _$mr ->  48
当前 _$mr ->  0
当前 _$mr ->  0
当前 _$mr ->  31
当前 _$mr ->  15
当前 _$mr ->  56
当前 _$mr ->  31
当前 _$mr ->  12
当前 _$mr ->  48
当前 _$mr ->  0
当前 _$mr ->  27
当前 _$mr ->  3
当前 _$mr ->  31
当前 _$mr ->  31
当前 _$mr ->  64
当前 _$mr ->  56
当前 _$mr ->  38
当前 _$mr ->  31
当前 _$mr ->  31
当前 _$mr ->  29
当前 _$mr ->  31
当前 _$mr ->  31
当前 _$mr ->  0
当前 _$mr ->  103
当前 _$mr ->  12
当前 _$mr ->  48
当前 _$mr ->  0
当前 _$mr ->  50
当前 _$mr ->  20
当前 _$mr ->  31
当前 _$mr ->  38
当前 _$mr ->  12
当前 _$mr ->  48
当前 _$mr ->  0
当前 _$mr ->  0
当前 _$mr ->  52
当前 _$mr ->  3
当前 _$mr ->  38
当前 _$mr ->  5
当前 _$mr ->  56
当前 _$mr ->  38
当前 _$mr ->  30
当前 _$mr ->  56
当前 _$mr ->  49
===== 第五次循环 ==========


===== 第六次循环 ==========
当前 _$mr ->  59
当前 _$mr ->  34
当前 _$mr ->  71
当前 _$mr ->  0
当前 _$mr ->  5
当前 _$mr ->  56
当前 _$mr ->  49
===== 第六次循环 ==========


===== 第七次循环 ==========
当前 _$mr ->  59
当前 _$mr ->  34
当前 _$mr ->  71
当前 _$mr ->  0
当前 _$mr ->  5
当前 _$mr ->  56
当前 _$mr ->  48
当前 _$mr ->  56
当前 _$mr ->  31
当前 _$mr ->  31
当前 _$mr ->  52
当前 _$mr ->  3
当前 _$mr ->  49
===== 第七次循环 ==========


===== 第八次循环 ==========
当前 _$mr ->  59
当前 _$mr ->  34
当前 _$mr ->  71
当前 _$mr ->  0
当前 _$mr ->  5
当前 _$mr ->  56
当前 _$mr ->  31
当前 _$mr ->  31
当前 _$mr ->  0
当前 _$mr ->  12
当前 _$mr ->  48
当前 _$mr ->  0
当前 _$mr ->  56
当前 _$mr ->  31
当前 _$mr ->  31
当前 _$mr ->  0
当前 _$mr ->  49
===== 第八次循环 ==========


===== 第九次循环 ==========
当前 _$mr ->  49
===== 第九次循环 ==========


===== 第十次循环 ==========
当前 _$mr ->  59
当前 _$mr ->  34
当前 _$mr ->  71
当前 _$mr ->  0
当前 _$mr ->  5
当前 _$mr ->  56
当前 _$mr ->  49
===== 第十次循环 ==========

===== 第十一次循环 ==========
当前 _$mr ->  59
当前 _$mr ->  34
当前 _$mr ->  71
当前 _$mr ->  0
当前 _$mr ->  5
当前 _$mr ->  56
当前 _$mr ->  54
当前 _$mr ->  50
当前 _$mr ->  59
当前 _$mr ->  12
当前 _$mr ->  48
当前 _$mr ->  0
当前 _$mr ->  54
当前 _$mr ->  31
当前 _$mr ->  1
当前 _$mr ->  56
当前 _$mr ->  31
当前 _$mr ->  56
当前 _$mr ->  31
当前 _$mr ->  5
当前 _$mr ->  56
当前 _$mr ->  24
当前 _$mr ->  55
当前 _$mr ->  20
当前 _$mr ->  31
当前 _$mr ->  31
当前 _$mr ->  52
当前 _$mr ->  3
当前 _$mr ->  49
===== 第十一次循环 ==========

===== 第十二次循环 ==========
当前 _$mr ->  59
当前 _$mr ->  34
当前 _$mr ->  71
当前 _$mr ->  0
当前 _$mr ->  5
当前 _$mr ->  56
当前 _$mr ->  31
当前 _$mr ->  31
当前 _$mr ->  0
当前 _$mr ->  12
当前 _$mr ->  48
当前 _$mr ->  0
当前 _$mr ->  56
当前 _$mr ->  31
当前 _$mr ->  31
当前 _$mr ->  0
当前 _$mr ->  49
===== 第十二次循环 ==========

===== 第十三次循环 ==========
当前 _$mr ->  49
===== 第十三次循环 ==========
===== 第十四次循环 ==========
当前 _$mr ->  59
当前 _$mr ->  34
当前 _$mr ->  71
当前 _$mr ->  0
当前 _$mr ->  5
当前 _$mr ->  56
当前 _$mr ->  49
===== 第十四次循环 ==========
===== 第十五次循环 ==========
当前 _$mr ->  59
当前 _$mr ->  34
当前 _$mr ->  71
当前 _$mr ->  0
当前 _$mr ->  5
当前 _$mr ->  56
当前 _$mr ->  54
当前 _$mr ->  50
当前 _$mr ->  59
当前 _$mr ->  12
当前 _$mr ->  48
当前 _$mr ->  0
当前 _$mr ->  54
当前 _$mr ->  31
当前 _$mr ->  1
当前 _$mr ->  56
当前 _$mr ->  31
当前 _$mr ->  56
当前 _$mr ->  31
当前 _$mr ->  5
当前 _$mr ->  56
当前 _$mr ->  24
当前 _$mr ->  55
当前 _$mr ->  20
当前 _$mr ->  31
当前 _$mr ->  31
当前 _$mr ->  52
当前 _$mr ->  3
当前 _$mr ->  49
===== 第十五次循环 ==========
===== 第十六次循环 ==========
当前 _$mr ->  59
当前 _$mr ->  34
当前 _$mr ->  71
当前 _$mr ->  0
当前 _$mr ->  5
当前 _$mr ->  56
当前 _$mr ->  31
当前 _$mr ->  31
当前 _$mr ->  0
当前 _$mr ->  12
当前 _$mr ->  48
当前 _$mr ->  0
当前 _$mr ->  56
当前 _$mr ->  31
当前 _$mr ->  31
当前 _$mr ->  0
当前 _$mr ->  49
===== 第十六次循环 ==========
===== 第十七次循环 ==========
当前 _$mr ->  49
===== 第十七次循环 ==========
===== 第十八次循环 ==========
当前 _$mr ->  59
当前 _$mr ->  34
当前 _$mr ->  71
当前 _$mr ->  0
当前 _$mr ->  5
当前 _$mr ->  56
当前 _$mr ->  49
===== 第十八次循环 ==========
===== 第十九次循环 ==========
当前 _$mr ->  59
当前 _$mr ->  34
当前 _$mr ->  71
当前 _$mr ->  0
当前 _$mr ->  5
当前 _$mr ->  56
当前 _$mr ->  54
当前 _$mr ->  50
当前 _$mr ->  59
当前 _$mr ->  12
当前 _$mr ->  48
当前 _$mr ->  0
当前 _$mr ->  54
当前 _$mr ->  31
当前 _$mr ->  1
当前 _$mr ->  56
当前 _$mr ->  31
当前 _$mr ->  56
当前 _$mr ->  31
当前 _$mr ->  5
当前 _$mr ->  56
当前 _$mr ->  24
当前 _$mr ->  55
当前 _$mr ->  20
当前 _$mr ->  31
当前 _$mr ->  31
当前 _$mr ->  52
当前 _$mr ->  3
当前 _$mr ->  49
===== 第十九次循环 ==========
===== 第二十次循环 ==========
当前 _$mr ->  59
当前 _$mr ->  34
当前 _$mr ->  71
当前 _$mr ->  0
当前 _$mr ->  5
当前 _$mr ->  56
当前 _$mr ->  31
当前 _$mr ->  31
当前 _$mr ->  0
当前 _$mr ->  12
当前 _$mr ->  48
当前 _$mr ->  0
当前 _$mr ->  56
当前 _$mr ->  31
当前 _$mr ->  31
当前 _$mr ->  0
当前 _$mr ->  49
===== 第二十次循环 ==========

===== 第二十一次循环 ==========
当前 _$mr ->  49
===== 第二十一次循环 ==========
===== 第二十二次循环 ==========
当前 _$mr ->  59
当前 _$mr ->  34
当前 _$mr ->  71
当前 _$mr ->  0
当前 _$mr ->  5
当前 _$mr ->  56
当前 _$mr ->  49
===== 第二十二次循环 ==========
===== 第二十三次循环 ==========
当前 _$mr ->  59
当前 _$mr ->  34
当前 _$mr ->  71
当前 _$mr ->  0
当前 _$mr ->  5
当前 _$mr ->  56
当前 _$mr ->  54
当前 _$mr ->  50
当前 _$mr ->  59
当前 _$mr ->  12
当前 _$mr ->  48
当前 _$mr ->  0
当前 _$mr ->  54
当前 _$mr ->  31
当前 _$mr ->  1
当前 _$mr ->  56
当前 _$mr ->  31
当前 _$mr ->  56
当前 _$mr ->  31
当前 _$mr ->  5
当前 _$mr ->  56
当前 _$mr ->  24
当前 _$mr ->  55
当前 _$mr ->  20
当前 _$mr ->  31
当前 _$mr ->  31
当前 _$mr ->  52
当前 _$mr ->  3
当前 _$mr ->  38
当前 _$mr ->  12
当前 _$mr ->  48
当前 _$mr ->  0
当前 _$mr ->  31
当前 _$mr ->  31
当前 _$mr ->  29
当前 _$mr ->  53
当前 _$mr ->  56
当前 _$mr ->  36
===== 第二十三次循环 ==========
===== 第二十四次循环 ==========
当前 _$mr ->  12
当前 _$mr ->  48
当前 _$mr ->  0
当前 _$mr ->  50
当前 _$mr ->  28
当前 _$mr ->  28
当前 _$mr ->  29
当前 _$mr ->  56
当前 _$mr ->  28
当前 _$mr ->  28
当前 _$mr ->  9
当前 _$mr ->  56
当前 _$mr ->  49
===== 第二十四次循环 ==========
===== 第二十五次循环 ==========
当前 _$mr ->  47
当前 _$mr ->  56
当前 _$mr ->  48
当前 _$mr ->  56
当前 _$mr ->  31
当前 _$mr ->  12
当前 _$mr ->  48
当前 _$mr ->  0
当前 _$mr ->  52
当前 _$mr ->  3
当前 _$mr ->  31
当前 _$mr ->  31
当前 _$mr ->  31
当前 _$mr ->  56
当前 _$mr ->  24
当前 _$mr ->  55
当前 _$mr ->  20
当前 _$mr ->  31
当前 _$mr ->  12
当前 _$mr ->  48
当前 _$mr ->  0
当前 _$mr ->  52
当前 _$mr ->  3
当前 _$mr ->  31
当前 _$mr ->  31
当前 _$mr ->  31
当前 _$mr ->  56
当前 _$mr ->  24
当前 _$mr ->  55
当前 _$mr ->  20
当前 _$mr ->  31
当前 _$mr ->  12
当前 _$mr ->  48
当前 _$mr ->  0
当前 _$mr ->  52
当前 _$mr ->  3
当前 _$mr ->  31
当前 _$mr ->  31
当前 _$mr ->  31
当前 _$mr ->  56
当前 _$mr ->  24
当前 _$mr ->  55
当前 _$mr ->  20
当前 _$mr ->  31
当前 _$mr ->  12
当前 _$mr ->  48
当前 _$mr ->  0
当前 _$mr ->  52
当前 _$mr ->  3
当前 _$mr ->  31
当前 _$mr ->  31
当前 _$mr ->  31
当前 _$mr ->  56
当前 _$mr ->  24
当前 _$mr ->  55
当前 _$mr ->  20
当前 _$mr ->  31
当前 _$mr ->  12
当前 _$mr ->  48
当前 _$mr ->  0
当前 _$mr ->  52
当前 _$mr ->  3
当前 _$mr ->  31
当前 _$mr ->  31
当前 _$mr ->  31
当前 _$mr ->  56
当前 _$mr ->  24
当前 _$mr ->  55
当前 _$mr ->  20
当前 _$mr ->  31
当前 _$mr ->  12
当前 _$mr ->  48
当前 _$mr ->  0
当前 _$mr ->  52
当前 _$mr ->  3
当前 _$mr ->  31
当前 _$mr ->  31
当前 _$mr ->  31
当前 _$mr ->  56
当前 _$mr ->  24
当前 _$mr ->  55
当前 _$mr ->  20
当前 _$mr ->  31
当前 _$mr ->  12
当前 _$mr ->  48
当前 _$mr ->  0
当前 _$mr ->  52
当前 _$mr ->  3
当前 _$mr ->  31
当前 _$mr ->  31
当前 _$mr ->  31
当前 _$mr ->  56
当前 _$mr ->  24
当前 _$mr ->  55
当前 _$mr ->  20
当前 _$mr ->  31
当前 _$mr ->  12
当前 _$mr ->  48
当前 _$mr ->  0
当前 _$mr ->  52
当前 _$mr ->  3
当前 _$mr ->  31
当前 _$mr ->  31
当前 _$mr ->  31
当前 _$mr ->  56
当前 _$mr ->  24
当前 _$mr ->  55
当前 _$mr ->  20
当前 _$mr ->  31
当前 _$mr ->  12
当前 _$mr ->  48
当前 _$mr ->  0
当前 _$mr ->  52
当前 _$mr ->  3
当前 _$mr ->  31
当前 _$mr ->  21
===== 第二十五次循环 ==========
===== 第二十六次循环 ==========
当前 _$mr ->  38
当前 _$mr ->  30
===== 第二十六次循环 ==========
===== 第二十七次循环 ==========
当前 _$mr ->  38
当前 _$mr ->  48
当前 _$mr ->  48
当前 _$mr ->  56
当前 _$mr ->  48
当前 _$mr ->  56
当前 _$mr ->  48
当前 _$mr ->  56
当前 _$mr ->  48
当前 _$mr ->  5
当前 _$mr ->  38
当前 _$mr ->  48
当前 _$mr ->  48
当前 _$mr ->  56
当前 _$mr ->  38
当前 _$mr ->  30
===== 第二十七次循环 ==========
===== 第二十八次循环 ==========
当前 _$mr ->  38
当前 _$mr ->  48
当前 _$mr ->  48
当前 _$mr ->  56
当前 _$mr ->  38
当前 _$mr ->  48
当前 _$mr ->  48
当前 _$mr ->  56
当前 _$mr ->  48
当前 _$mr ->  56
当前 _$mr ->  48
当前 _$mr ->  56
当前 _$mr ->  48
当前 _$mr ->  5
当前 _$mr ->  38
当前 _$mr ->  30
===== 第二十八次循环 ==========
===== 第二十九次循环 ==========
当前 _$mr ->  48
当前 _$mr ->  56
当前 _$mr ->  38
当前 _$mr ->  48
当前 _$mr ->  48
当前 _$mr ->  56
当前 _$mr ->  48
当前 _$mr ->  56
当前 _$mr ->  48
当前 _$mr ->  5
当前 _$mr ->  38
当前 _$mr ->  48
当前 _$mr ->  48
当前 _$mr ->  56
当前 _$mr ->  48
当前 _$mr ->  5
当前 _$mr ->  31
当前 _$mr ->  48
当前 _$mr ->  28
当前 _$mr ->  31
当前 _$mr ->  30
===== 第二十九次循环 ==========
===== 第三十次循环 ==========
当前 _$mr ->  38
当前 _$mr ->  48
当前 _$mr ->  48
当前 _$mr ->  56
当前 _$mr ->  48
当前 _$mr ->  56
当前 _$mr ->  48
当前 _$mr ->  56
当前 _$mr ->  48
当前 _$mr ->  5
当前 _$mr ->  29
当前 _$mr ->  56
当前 _$mr ->  31
当前 _$mr ->  48
当前 _$mr ->  0
当前 _$mr ->  12
当前 _$mr ->  48
当前 _$mr ->  0
当前 _$mr ->  27
当前 _$mr ->  3
当前 _$mr ->  31
当前 _$mr ->  48
当前 _$mr ->  28
当前 _$mr ->  31
当前 _$mr ->  30
===== 第三十次循环 ==========

===== 第三十一次循环 ==========
当前 _$mr ->  48
当前 _$mr ->  56
当前 _$mr ->  38
当前 _$mr ->  48
当前 _$mr ->  48
当前 _$mr ->  56
当前 _$mr ->  48
当前 _$mr ->  56
当前 _$mr ->  48
当前 _$mr ->  5
当前 _$mr ->  29
当前 _$mr ->  56
当前 _$mr ->  48
当前 _$mr ->  56
当前 _$mr ->  31
当前 _$mr ->  12
当前 _$mr ->  48
当前 _$mr ->  0
当前 _$mr ->  52
当前 _$mr ->  3
当前 _$mr ->  31
当前 _$mr ->  31
当前 _$mr ->  0
当前 _$mr ->  48
当前 _$mr ->  52
当前 _$mr ->  3
当前 _$mr ->  31
当前 _$mr ->  31
当前 _$mr ->  0
当前 _$mr ->  12
当前 _$mr ->  48
当前 _$mr ->  0
当前 _$mr ->  27
当前 _$mr ->  3
当前 _$mr ->  24
当前 _$mr ->  55
当前 _$mr ->  20
当前 _$mr ->  31
当前 _$mr ->  12
当前 _$mr ->  48
当前 _$mr ->  0
当前 _$mr ->  52
当前 _$mr ->  3
当前 _$mr ->  31
当前 _$mr ->  31
当前 _$mr ->  0
当前 _$mr ->  48
当前 _$mr ->  52
当前 _$mr ->  3
当前 _$mr ->  31
当前 _$mr ->  31
当前 _$mr ->  0
当前 _$mr ->  12
当前 _$mr ->  48
当前 _$mr ->  0
当前 _$mr ->  27
当前 _$mr ->  3
当前 _$mr ->  24
当前 _$mr ->  55
当前 _$mr ->  20
当前 _$mr ->  31
当前 _$mr ->  12
当前 _$mr ->  48
当前 _$mr ->  0
当前 _$mr ->  52
当前 _$mr ->  3
当前 _$mr ->  31
当前 _$mr ->  31
当前 _$mr ->  0
当前 _$mr ->  48
当前 _$mr ->  52
当前 _$mr ->  3
当前 _$mr ->  31
当前 _$mr ->  31
当前 _$mr ->  0
当前 _$mr ->  12
当前 _$mr ->  48
当前 _$mr ->  0
当前 _$mr ->  27
当前 _$mr ->  3
当前 _$mr ->  24
当前 _$mr ->  55
当前 _$mr ->  20
当前 _$mr ->  31
当前 _$mr ->  12
当前 _$mr ->  48
当前 _$mr ->  0
当前 _$mr ->  52
当前 _$mr ->  3
当前 _$mr ->  31
当前 _$mr ->  31
当前 _$mr ->  0
当前 _$mr ->  48
当前 _$mr ->  52
当前 _$mr ->  3
当前 _$mr ->  31
当前 _$mr ->  31
当前 _$mr ->  0
当前 _$mr ->  12
当前 _$mr ->  48
当前 _$mr ->  0
当前 _$mr ->  27
当前 _$mr ->  3
当前 _$mr ->  24
当前 _$mr ->  55
当前 _$mr ->  20
当前 _$mr ->  31
当前 _$mr ->  12
当前 _$mr ->  48
当前 _$mr ->  0
当前 _$mr ->  52
当前 _$mr ->  3
当前 _$mr ->  31
当前 _$mr ->  31
当前 _$mr ->  0
当前 _$mr ->  48
当前 _$mr ->  52
当前 _$mr ->  3
当前 _$mr ->  31
当前 _$mr ->  31
当前 _$mr ->  0
当前 _$mr ->  12
当前 _$mr ->  48
当前 _$mr ->  0
当前 _$mr ->  27
当前 _$mr ->  3
当前 _$mr ->  24
当前 _$mr ->  55
当前 _$mr ->  20
当前 _$mr ->  31
当前 _$mr ->  12
当前 _$mr ->  48
当前 _$mr ->  0
当前 _$mr ->  52
当前 _$mr ->  3
当前 _$mr ->  31
当前 _$mr ->  31
当前 _$mr ->  0
当前 _$mr ->  48
当前 _$mr ->  52
当前 _$mr ->  3
当前 _$mr ->  31
当前 _$mr ->  31
当前 _$mr ->  0
当前 _$mr ->  12
当前 _$mr ->  48
当前 _$mr ->  0
当前 _$mr ->  27
当前 _$mr ->  3
当前 _$mr ->  24
当前 _$mr ->  55
当前 _$mr ->  20
当前 _$mr ->  31
当前 _$mr ->  12
当前 _$mr ->  48
当前 _$mr ->  0
当前 _$mr ->  52
当前 _$mr ->  3
当前 _$mr ->  31
当前 _$mr ->  31
当前 _$mr ->  0
当前 _$mr ->  48
当前 _$mr ->  52
当前 _$mr ->  3
当前 _$mr ->  31
当前 _$mr ->  31
当前 _$mr ->  0
当前 _$mr ->  12
当前 _$mr ->  48
当前 _$mr ->  0
当前 _$mr ->  27
当前 _$mr ->  3
当前 _$mr ->  24
当前 _$mr ->  55
当前 _$mr ->  20
当前 _$mr ->  31
当前 _$mr ->  12
当前 _$mr ->  48
当前 _$mr ->  0
当前 _$mr ->  52
当前 _$mr ->  3
当前 _$mr ->  31
当前 _$mr ->  31
当前 _$mr ->  0
当前 _$mr ->  48
当前 _$mr ->  52
当前 _$mr ->  3
当前 _$mr ->  31
当前 _$mr ->  31
当前 _$mr ->  0
当前 _$mr ->  12
当前 _$mr ->  48
当前 _$mr ->  0
当前 _$mr ->  27
当前 _$mr ->  3
当前 _$mr ->  24
当前 _$mr ->  55
当前 _$mr ->  20
当前 _$mr ->  31
当前 _$mr ->  12
当前 _$mr ->  48
当前 _$mr ->  0
当前 _$mr ->  52
当前 _$mr ->  3
当前 _$mr ->  31
当前 _$mr ->  5
当前 _$mr ->  56
当前 _$mr ->  38
当前 _$mr ->  31
当前 _$mr ->  41
当前 _$mr ->  48
当前 _$mr ->  56
当前 _$mr ->  47
当前 _$mr ->  56
当前 _$mr ->  48
当前 _$mr ->  56
当前 _$mr ->  31
当前 _$mr ->  12
当前 _$mr ->  48
当前 _$mr ->  0
当前 _$mr ->  52
当前 _$mr ->  3
当前 _$mr ->  38
当前 _$mr ->  24
当前 _$mr ->  71
当前 _$mr ->  0
当前 _$mr ->  56
当前 _$mr ->  38
当前 _$mr ->  24
当前 _$mr ->  71
当前 _$mr ->  0
当前 _$mr ->  56
当前 _$mr ->  31
当前 _$mr ->  12
当前 _$mr ->  48
当前 _$mr ->  0
当前 _$mr ->  82
当前 _$mr ->  31
当前 _$mr ->  84
当前 _$mr ->  56
当前 _$mr ->  31
当前 _$mr ->  31
当前 _$mr ->  38
当前 _$mr ->  12
当前 _$mr ->  48
当前 _$mr ->  0
当前 _$mr ->  31
当前 _$mr ->  31
当前 _$mr ->  31
当前 _$mr ->  29
当前 _$mr ->  1
当前 _$mr ->  56
当前 _$mr ->  31
当前 _$mr ->  50
当前 _$mr ->  24
当前 _$mr ->  55
当前 _$mr ->  20
当前 _$mr ->  31
当前 _$mr ->  12
当前 _$mr ->  48
当前 _$mr ->  0
当前 _$mr ->  52
当前 _$mr ->  3
当前 _$mr ->  38
当前 _$mr ->  24
当前 _$mr ->  71
当前 _$mr ->  0
当前 _$mr ->  56
当前 _$mr ->  38
当前 _$mr ->  24
当前 _$mr ->  71
当前 _$mr ->  0
当前 _$mr ->  56
当前 _$mr ->  31
当前 _$mr ->  12
当前 _$mr ->  48
当前 _$mr ->  0
当前 _$mr ->  82
当前 _$mr ->  31
当前 _$mr ->  84
当前 _$mr ->  56
当前 _$mr ->  31
当前 _$mr ->  31
当前 _$mr ->  38
当前 _$mr ->  12
当前 _$mr ->  48
当前 _$mr ->  0
当前 _$mr ->  31
当前 _$mr ->  31
当前 _$mr ->  31
当前 _$mr ->  29
当前 _$mr ->  1
当前 _$mr ->  56
当前 _$mr ->  31
当前 _$mr ->  50
当前 _$mr ->  24
当前 _$mr ->  55
当前 _$mr ->  20
当前 _$mr ->  31
当前 _$mr ->  12
当前 _$mr ->  48
当前 _$mr ->  0
当前 _$mr ->  52
当前 _$mr ->  3
当前 _$mr ->  38
当前 _$mr ->  24
当前 _$mr ->  71
当前 _$mr ->  0
当前 _$mr ->  56
当前 _$mr ->  38
当前 _$mr ->  24
当前 _$mr ->  71
当前 _$mr ->  0
当前 _$mr ->  56
当前 _$mr ->  31
当前 _$mr ->  12
当前 _$mr ->  48
当前 _$mr ->  0
当前 _$mr ->  82
当前 _$mr ->  31
当前 _$mr ->  84
当前 _$mr ->  56
当前 _$mr ->  31
当前 _$mr ->  31
当前 _$mr ->  38
当前 _$mr ->  12
当前 _$mr ->  48
当前 _$mr ->  0
当前 _$mr ->  31
当前 _$mr ->  31
当前 _$mr ->  31
当前 _$mr ->  29
当前 _$mr ->  1
当前 _$mr ->  56
当前 _$mr ->  31
当前 _$mr ->  50
当前 _$mr ->  24
当前 _$mr ->  55
当前 _$mr ->  20
当前 _$mr ->  31
当前 _$mr ->  12
当前 _$mr ->  48
当前 _$mr ->  0
当前 _$mr ->  52
当前 _$mr ->  3
当前 _$mr ->  38
当前 _$mr ->  24
当前 _$mr ->  71
当前 _$mr ->  0
当前 _$mr ->  56
当前 _$mr ->  38
当前 _$mr ->  24
当前 _$mr ->  71
当前 _$mr ->  0
当前 _$mr ->  56
当前 _$mr ->  31
当前 _$mr ->  12
当前 _$mr ->  48
当前 _$mr ->  0
当前 _$mr ->  82
当前 _$mr ->  31
当前 _$mr ->  84
当前 _$mr ->  56
当前 _$mr ->  31
当前 _$mr ->  31
当前 _$mr ->  38
当前 _$mr ->  12
当前 _$mr ->  48
当前 _$mr ->  0
当前 _$mr ->  31
当前 _$mr ->  31
当前 _$mr ->  31
当前 _$mr ->  29
当前 _$mr ->  1
当前 _$mr ->  56
当前 _$mr ->  31
当前 _$mr ->  50
当前 _$mr ->  24
当前 _$mr ->  55
当前 _$mr ->  20
当前 _$mr ->  31
当前 _$mr ->  12
当前 _$mr ->  48
当前 _$mr ->  0
当前 _$mr ->  52
当前 _$mr ->  3
当前 _$mr ->  38
当前 _$mr ->  24
当前 _$mr ->  71
当前 _$mr ->  0
当前 _$mr ->  56
当前 _$mr ->  38
当前 _$mr ->  24
当前 _$mr ->  71
当前 _$mr ->  0
当前 _$mr ->  56
当前 _$mr ->  31
当前 _$mr ->  12
当前 _$mr ->  48
当前 _$mr ->  0
当前 _$mr ->  82
当前 _$mr ->  31
当前 _$mr ->  84
当前 _$mr ->  56
当前 _$mr ->  31
当前 _$mr ->  31
当前 _$mr ->  38
当前 _$mr ->  12
当前 _$mr ->  48
当前 _$mr ->  0
当前 _$mr ->  31
当前 _$mr ->  31
当前 _$mr ->  31
当前 _$mr ->  29
当前 _$mr ->  1
当前 _$mr ->  56
当前 _$mr ->  31
当前 _$mr ->  50
当前 _$mr ->  24
当前 _$mr ->  55
当前 _$mr ->  20
当前 _$mr ->  31
当前 _$mr ->  12
当前 _$mr ->  48
当前 _$mr ->  0
当前 _$mr ->  52
当前 _$mr ->  3
当前 _$mr ->  38
当前 _$mr ->  24
当前 _$mr ->  71
当前 _$mr ->  0
当前 _$mr ->  56
当前 _$mr ->  38
当前 _$mr ->  24
当前 _$mr ->  71
当前 _$mr ->  0
当前 _$mr ->  56
当前 _$mr ->  31
当前 _$mr ->  12
当前 _$mr ->  48
当前 _$mr ->  0
当前 _$mr ->  82
当前 _$mr ->  31
当前 _$mr ->  84
当前 _$mr ->  56
当前 _$mr ->  31
当前 _$mr ->  31
当前 _$mr ->  38
当前 _$mr ->  12
当前 _$mr ->  48
当前 _$mr ->  0
当前 _$mr ->  31
当前 _$mr ->  31
当前 _$mr ->  31
当前 _$mr ->  29
当前 _$mr ->  1
当前 _$mr ->  56
当前 _$mr ->  31
当前 _$mr ->  50
当前 _$mr ->  24
当前 _$mr ->  55
当前 _$mr ->  20
当前 _$mr ->  31
当前 _$mr ->  12
当前 _$mr ->  48
当前 _$mr ->  0
当前 _$mr ->  52
当前 _$mr ->  3
当前 _$mr ->  38
当前 _$mr ->  24
当前 _$mr ->  71
当前 _$mr ->  0
当前 _$mr ->  56
当前 _$mr ->  38
当前 _$mr ->  24
当前 _$mr ->  71
当前 _$mr ->  0
当前 _$mr ->  56
当前 _$mr ->  31
当前 _$mr ->  12
当前 _$mr ->  48
当前 _$mr ->  0
当前 _$mr ->  82
当前 _$mr ->  31
当前 _$mr ->  84
当前 _$mr ->  56
当前 _$mr ->  31
当前 _$mr ->  31
当前 _$mr ->  38
当前 _$mr ->  12
当前 _$mr ->  48
当前 _$mr ->  0
当前 _$mr ->  31
当前 _$mr ->  31
当前 _$mr ->  31
当前 _$mr ->  29
当前 _$mr ->  1
当前 _$mr ->  56
当前 _$mr ->  31
当前 _$mr ->  50
当前 _$mr ->  24
当前 _$mr ->  55
当前 _$mr ->  20
当前 _$mr ->  31
当前 _$mr ->  12
当前 _$mr ->  48
当前 _$mr ->  0
当前 _$mr ->  52
当前 _$mr ->  3
当前 _$mr ->  38
当前 _$mr ->  24
当前 _$mr ->  71
当前 _$mr ->  0
当前 _$mr ->  56
当前 _$mr ->  38
当前 _$mr ->  24
当前 _$mr ->  71
当前 _$mr ->  0
当前 _$mr ->  56
当前 _$mr ->  31
当前 _$mr ->  12
当前 _$mr ->  48
当前 _$mr ->  0
当前 _$mr ->  82
当前 _$mr ->  31
当前 _$mr ->  84
当前 _$mr ->  56
当前 _$mr ->  31
当前 _$mr ->  31
当前 _$mr ->  38
当前 _$mr ->  12
当前 _$mr ->  48
当前 _$mr ->  0
当前 _$mr ->  31
当前 _$mr ->  31
当前 _$mr ->  31
当前 _$mr ->  29
当前 _$mr ->  1
当前 _$mr ->  56
当前 _$mr ->  31
当前 _$mr ->  50
当前 _$mr ->  24
当前 _$mr ->  55
当前 _$mr ->  20
当前 _$mr ->  31
当前 _$mr ->  12
当前 _$mr ->  48
当前 _$mr ->  0
当前 _$mr ->  52
当前 _$mr ->  3
当前 _$mr ->  38
当前 _$mr ->  24
当前 _$mr ->  71
当前 _$mr ->  0
当前 _$mr ->  56
当前 _$mr ->  38
当前 _$mr ->  24
当前 _$mr ->  71
当前 _$mr ->  0
当前 _$mr ->  56
当前 _$mr ->  31
当前 _$mr ->  12
当前 _$mr ->  48
当前 _$mr ->  0
当前 _$mr ->  82
当前 _$mr ->  31
当前 _$mr ->  84
当前 _$mr ->  56
当前 _$mr ->  31
当前 _$mr ->  31
当前 _$mr ->  38
当前 _$mr ->  12
当前 _$mr ->  48
当前 _$mr ->  0
当前 _$mr ->  31
当前 _$mr ->  31
当前 _$mr ->  31
当前 _$mr ->  29
当前 _$mr ->  1
当前 _$mr ->  56
当前 _$mr ->  31
当前 _$mr ->  50
当前 _$mr ->  24
当前 _$mr ->  55
当前 _$mr ->  20
当前 _$mr ->  31
当前 _$mr ->  12
当前 _$mr ->  48
当前 _$mr ->  0
当前 _$mr ->  52
当前 _$mr ->  3
当前 _$mr ->  38
当前 _$mr ->  24
当前 _$mr ->  71
当前 _$mr ->  0
当前 _$mr ->  56
当前 _$mr ->  38
当前 _$mr ->  24
当前 _$mr ->  71
当前 _$mr ->  0
当前 _$mr ->  56
当前 _$mr ->  31
当前 _$mr ->  12
当前 _$mr ->  48
当前 _$mr ->  0
当前 _$mr ->  82
当前 _$mr ->  31
当前 _$mr ->  84
当前 _$mr ->  56
当前 _$mr ->  31
当前 _$mr ->  31
当前 _$mr ->  38
当前 _$mr ->  12
当前 _$mr ->  48
当前 _$mr ->  0
当前 _$mr ->  31
当前 _$mr ->  31
当前 _$mr ->  31
当前 _$mr ->  29
当前 _$mr ->  1
当前 _$mr ->  56
当前 _$mr ->  31
当前 _$mr ->  50
当前 _$mr ->  24
当前 _$mr ->  55
当前 _$mr ->  20
当前 _$mr ->  31
当前 _$mr ->  12
当前 _$mr ->  48
当前 _$mr ->  0
当前 _$mr ->  52
当前 _$mr ->  3
当前 _$mr ->  38
当前 _$mr ->  24
当前 _$mr ->  71
当前 _$mr ->  0
当前 _$mr ->  56
当前 _$mr ->  38
当前 _$mr ->  24
当前 _$mr ->  71
当前 _$mr ->  0
当前 _$mr ->  56
当前 _$mr ->  31
当前 _$mr ->  12
当前 _$mr ->  48
当前 _$mr ->  0
当前 _$mr ->  82
当前 _$mr ->  31
当前 _$mr ->  84
当前 _$mr ->  56
当前 _$mr ->  31
当前 _$mr ->  31
当前 _$mr ->  38
当前 _$mr ->  12
当前 _$mr ->  48
当前 _$mr ->  0
当前 _$mr ->  31
当前 _$mr ->  31
当前 _$mr ->  31
当前 _$mr ->  29
当前 _$mr ->  1
当前 _$mr ->  56
当前 _$mr ->  31
当前 _$mr ->  50
当前 _$mr ->  24
当前 _$mr ->  55
当前 _$mr ->  20
当前 _$mr ->  31
当前 _$mr ->  12
当前 _$mr ->  48
当前 _$mr ->  0
当前 _$mr ->  52
当前 _$mr ->  3
当前 _$mr ->  38
当前 _$mr ->  24
当前 _$mr ->  71
当前 _$mr ->  0
当前 _$mr ->  56
当前 _$mr ->  38
当前 _$mr ->  24
当前 _$mr ->  71
当前 _$mr ->  0
当前 _$mr ->  56
当前 _$mr ->  31
当前 _$mr ->  12
当前 _$mr ->  48
当前 _$mr ->  0
当前 _$mr ->  82
当前 _$mr ->  31
当前 _$mr ->  84
当前 _$mr ->  56
当前 _$mr ->  31
当前 _$mr ->  31
当前 _$mr ->  38
当前 _$mr ->  12
当前 _$mr ->  48
当前 _$mr ->  0
当前 _$mr ->  31
当前 _$mr ->  31
当前 _$mr ->  31
当前 _$mr ->  29
当前 _$mr ->  1
当前 _$mr ->  56
当前 _$mr ->  31
当前 _$mr ->  50
当前 _$mr ->  24
当前 _$mr ->  55
当前 _$mr ->  20
当前 _$mr ->  31
当前 _$mr ->  12
当前 _$mr ->  48
当前 _$mr ->  0
当前 _$mr ->  52
当前 _$mr ->  3
当前 _$mr ->  38
当前 _$mr ->  24
当前 _$mr ->  71
当前 _$mr ->  0
当前 _$mr ->  56
当前 _$mr ->  38
当前 _$mr ->  24
当前 _$mr ->  71
当前 _$mr ->  0
当前 _$mr ->  56
当前 _$mr ->  31
当前 _$mr ->  12
当前 _$mr ->  48
当前 _$mr ->  0
当前 _$mr ->  82
当前 _$mr ->  31
当前 _$mr ->  84
当前 _$mr ->  56
当前 _$mr ->  31
当前 _$mr ->  31
当前 _$mr ->  38
当前 _$mr ->  12
当前 _$mr ->  48
当前 _$mr ->  0
当前 _$mr ->  31
当前 _$mr ->  31
当前 _$mr ->  31
当前 _$mr ->  29
当前 _$mr ->  1
当前 _$mr ->  56
当前 _$mr ->  31
当前 _$mr ->  50
当前 _$mr ->  24
当前 _$mr ->  55
当前 _$mr ->  20
当前 _$mr ->  31
当前 _$mr ->  12
当前 _$mr ->  48
当前 _$mr ->  0
当前 _$mr ->  52
当前 _$mr ->  3
当前 _$mr ->  38
当前 _$mr ->  24
当前 _$mr ->  71
当前 _$mr ->  0
当前 _$mr ->  56
当前 _$mr ->  38
当前 _$mr ->  24
当前 _$mr ->  71
当前 _$mr ->  0
当前 _$mr ->  56
当前 _$mr ->  31
当前 _$mr ->  12
当前 _$mr ->  48
当前 _$mr ->  0
当前 _$mr ->  82
当前 _$mr ->  31
当前 _$mr ->  84
当前 _$mr ->  56
当前 _$mr ->  31
当前 _$mr ->  31
当前 _$mr ->  38
当前 _$mr ->  12
当前 _$mr ->  48
当前 _$mr ->  0
当前 _$mr ->  31
当前 _$mr ->  31
当前 _$mr ->  31
当前 _$mr ->  29
当前 _$mr ->  1
当前 _$mr ->  56
当前 _$mr ->  31
当前 _$mr ->  50
当前 _$mr ->  24
当前 _$mr ->  55
当前 _$mr ->  20
当前 _$mr ->  31
当前 _$mr ->  12
当前 _$mr ->  48
当前 _$mr ->  0
当前 _$mr ->  52
当前 _$mr ->  3
当前 _$mr ->  38
当前 _$mr ->  24
当前 _$mr ->  71
当前 _$mr ->  0
当前 _$mr ->  56
当前 _$mr ->  38
当前 _$mr ->  24
当前 _$mr ->  71
当前 _$mr ->  0
当前 _$mr ->  56
当前 _$mr ->  31
当前 _$mr ->  12
当前 _$mr ->  48
当前 _$mr ->  0
当前 _$mr ->  82
当前 _$mr ->  31
当前 _$mr ->  84
当前 _$mr ->  56
当前 _$mr ->  31
当前 _$mr ->  31
当前 _$mr ->  38
当前 _$mr ->  12
当前 _$mr ->  48
当前 _$mr ->  0
当前 _$mr ->  31
当前 _$mr ->  31
当前 _$mr ->  31
当前 _$mr ->  29
当前 _$mr ->  1
当前 _$mr ->  56
当前 _$mr ->  31
当前 _$mr ->  50
当前 _$mr ->  24
当前 _$mr ->  55
当前 _$mr ->  20
当前 _$mr ->  31
当前 _$mr ->  12
当前 _$mr ->  48
当前 _$mr ->  0
当前 _$mr ->  52
当前 _$mr ->  3
当前 _$mr ->  38
当前 _$mr ->  24
当前 _$mr ->  71
当前 _$mr ->  0
当前 _$mr ->  56
当前 _$mr ->  38
当前 _$mr ->  24
当前 _$mr ->  71
当前 _$mr ->  0
当前 _$mr ->  56
当前 _$mr ->  31
当前 _$mr ->  12
当前 _$mr ->  48
当前 _$mr ->  0
当前 _$mr ->  82
当前 _$mr ->  31
当前 _$mr ->  84
当前 _$mr ->  56
当前 _$mr ->  31
当前 _$mr ->  31
当前 _$mr ->  38
当前 _$mr ->  12
当前 _$mr ->  48
当前 _$mr ->  0
当前 _$mr ->  31
当前 _$mr ->  31
当前 _$mr ->  31
当前 _$mr ->  29
当前 _$mr ->  1
当前 _$mr ->  56
当前 _$mr ->  31
当前 _$mr ->  50
当前 _$mr ->  24
当前 _$mr ->  55
当前 _$mr ->  20
当前 _$mr ->  31
当前 _$mr ->  12
当前 _$mr ->  48
当前 _$mr ->  0
当前 _$mr ->  52
当前 _$mr ->  3
当前 _$mr ->  38
当前 _$mr ->  24
当前 _$mr ->  71
当前 _$mr ->  0
当前 _$mr ->  56
当前 _$mr ->  38
当前 _$mr ->  24
当前 _$mr ->  71
当前 _$mr ->  0
当前 _$mr ->  56
当前 _$mr ->  31
当前 _$mr ->  12
当前 _$mr ->  48
当前 _$mr ->  0
当前 _$mr ->  82
当前 _$mr ->  31
当前 _$mr ->  84
当前 _$mr ->  56
当前 _$mr ->  31
当前 _$mr ->  31
当前 _$mr ->  38
当前 _$mr ->  12
当前 _$mr ->  48
当前 _$mr ->  0
当前 _$mr ->  31
当前 _$mr ->  31
当前 _$mr ->  31
当前 _$mr ->  29
当前 _$mr ->  1
当前 _$mr ->  56
当前 _$mr ->  31
当前 _$mr ->  50
当前 _$mr ->  24
当前 _$mr ->  55
当前 _$mr ->  20
当前 _$mr ->  31
当前 _$mr ->  12
当前 _$mr ->  48
当前 _$mr ->  0
当前 _$mr ->  52
当前 _$mr ->  3
当前 _$mr ->  38
当前 _$mr ->  24
当前 _$mr ->  71
当前 _$mr ->  0
当前 _$mr ->  56
当前 _$mr ->  38
当前 _$mr ->  24
当前 _$mr ->  71
当前 _$mr ->  0
当前 _$mr ->  56
当前 _$mr ->  31
当前 _$mr ->  12
当前 _$mr ->  48
当前 _$mr ->  0
当前 _$mr ->  82
当前 _$mr ->  31
当前 _$mr ->  84
当前 _$mr ->  56
当前 _$mr ->  31
当前 _$mr ->  31
当前 _$mr ->  38
当前 _$mr ->  12
当前 _$mr ->  48
当前 _$mr ->  0
当前 _$mr ->  31
当前 _$mr ->  31
当前 _$mr ->  31
当前 _$mr ->  29
当前 _$mr ->  1
当前 _$mr ->  56
当前 _$mr ->  31
当前 _$mr ->  50
当前 _$mr ->  24
当前 _$mr ->  55
当前 _$mr ->  20
当前 _$mr ->  31
当前 _$mr ->  12
当前 _$mr ->  48
当前 _$mr ->  0
当前 _$mr ->  52
当前 _$mr ->  3
当前 _$mr ->  38
当前 _$mr ->  24
当前 _$mr ->  71
当前 _$mr ->  0
当前 _$mr ->  56
当前 _$mr ->  38
当前 _$mr ->  24
当前 _$mr ->  71
当前 _$mr ->  0
当前 _$mr ->  56
当前 _$mr ->  31
当前 _$mr ->  12
当前 _$mr ->  48
当前 _$mr ->  0
当前 _$mr ->  82
当前 _$mr ->  31
当前 _$mr ->  84
当前 _$mr ->  56
当前 _$mr ->  31
当前 _$mr ->  31
当前 _$mr ->  38
当前 _$mr ->  12
当前 _$mr ->  48
当前 _$mr ->  0
当前 _$mr ->  31
当前 _$mr ->  31
当前 _$mr ->  31
当前 _$mr ->  29
当前 _$mr ->  1
当前 _$mr ->  56
当前 _$mr ->  31
当前 _$mr ->  50
当前 _$mr ->  24
当前 _$mr ->  55
当前 _$mr ->  20
当前 _$mr ->  31
当前 _$mr ->  12
当前 _$mr ->  48
当前 _$mr ->  0
当前 _$mr ->  52
当前 _$mr ->  3
当前 _$mr ->  38
当前 _$mr ->  24
当前 _$mr ->  71
当前 _$mr ->  0
当前 _$mr ->  56
当前 _$mr ->  38
当前 _$mr ->  24
当前 _$mr ->  71
当前 _$mr ->  0
当前 _$mr ->  56
当前 _$mr ->  31
当前 _$mr ->  12
当前 _$mr ->  48
当前 _$mr ->  0
当前 _$mr ->  82
当前 _$mr ->  31
当前 _$mr ->  84
当前 _$mr ->  56
当前 _$mr ->  31
当前 _$mr ->  31
当前 _$mr ->  38
当前 _$mr ->  12
当前 _$mr ->  48
当前 _$mr ->  0
当前 _$mr ->  31
当前 _$mr ->  31
当前 _$mr ->  31
当前 _$mr ->  29
当前 _$mr ->  1
当前 _$mr ->  56
当前 _$mr ->  31
当前 _$mr ->  50
当前 _$mr ->  24
当前 _$mr ->  55
当前 _$mr ->  20
当前 _$mr ->  31
当前 _$mr ->  12
当前 _$mr ->  48
当前 _$mr ->  0
当前 _$mr ->  52
当前 _$mr ->  3
当前 _$mr ->  38
当前 _$mr ->  24
当前 _$mr ->  71
当前 _$mr ->  0
当前 _$mr ->  56
当前 _$mr ->  38
当前 _$mr ->  24
当前 _$mr ->  71
当前 _$mr ->  0
当前 _$mr ->  56
当前 _$mr ->  31
当前 _$mr ->  12
当前 _$mr ->  48
当前 _$mr ->  0
当前 _$mr ->  82
当前 _$mr ->  31
当前 _$mr ->  84
当前 _$mr ->  56
当前 _$mr ->  31
当前 _$mr ->  31
当前 _$mr ->  38
当前 _$mr ->  12
当前 _$mr ->  48
当前 _$mr ->  0
当前 _$mr ->  31
当前 _$mr ->  31
当前 _$mr ->  31
当前 _$mr ->  29
当前 _$mr ->  1
当前 _$mr ->  56
当前 _$mr ->  31
当前 _$mr ->  50
当前 _$mr ->  24
当前 _$mr ->  55
当前 _$mr ->  20
当前 _$mr ->  31
当前 _$mr ->  12
当前 _$mr ->  48
当前 _$mr ->  0
当前 _$mr ->  52
当前 _$mr ->  3
当前 _$mr ->  38
当前 _$mr ->  24
当前 _$mr ->  71
当前 _$mr ->  0
当前 _$mr ->  56
当前 _$mr ->  38
当前 _$mr ->  24
当前 _$mr ->  71
当前 _$mr ->  0
当前 _$mr ->  56
当前 _$mr ->  31
当前 _$mr ->  12
当前 _$mr ->  48
当前 _$mr ->  0
当前 _$mr ->  82
当前 _$mr ->  31
当前 _$mr ->  84
当前 _$mr ->  56
当前 _$mr ->  31
当前 _$mr ->  31
当前 _$mr ->  38
当前 _$mr ->  12
当前 _$mr ->  48
当前 _$mr ->  0
当前 _$mr ->  31
当前 _$mr ->  31
当前 _$mr ->  31
当前 _$mr ->  29
当前 _$mr ->  1
当前 _$mr ->  56
当前 _$mr ->  31
当前 _$mr ->  50
当前 _$mr ->  24
当前 _$mr ->  55
当前 _$mr ->  20
当前 _$mr ->  31
当前 _$mr ->  12
当前 _$mr ->  48
当前 _$mr ->  0
当前 _$mr ->  52
当前 _$mr ->  3
当前 _$mr ->  38
当前 _$mr ->  24
当前 _$mr ->  71
当前 _$mr ->  0
当前 _$mr ->  56
当前 _$mr ->  38
当前 _$mr ->  24
当前 _$mr ->  71
当前 _$mr ->  0
当前 _$mr ->  56
当前 _$mr ->  31
当前 _$mr ->  12
当前 _$mr ->  48
当前 _$mr ->  0
当前 _$mr ->  82
当前 _$mr ->  31
当前 _$mr ->  84
当前 _$mr ->  56
当前 _$mr ->  31
当前 _$mr ->  31
当前 _$mr ->  38
当前 _$mr ->  12
当前 _$mr ->  48
当前 _$mr ->  0
当前 _$mr ->  31
当前 _$mr ->  31
当前 _$mr ->  31
当前 _$mr ->  29
当前 _$mr ->  1
当前 _$mr ->  56
当前 _$mr ->  31
当前 _$mr ->  50
当前 _$mr ->  24
当前 _$mr ->  55
当前 _$mr ->  20
当前 _$mr ->  31
当前 _$mr ->  12
当前 _$mr ->  48
当前 _$mr ->  0
当前 _$mr ->  52
当前 _$mr ->  3
当前 _$mr ->  38
当前 _$mr ->  24
当前 _$mr ->  71
当前 _$mr ->  0
当前 _$mr ->  56
当前 _$mr ->  38
当前 _$mr ->  24
当前 _$mr ->  71
当前 _$mr ->  0
当前 _$mr ->  56
当前 _$mr ->  31
当前 _$mr ->  12
当前 _$mr ->  48
当前 _$mr ->  0
当前 _$mr ->  82
当前 _$mr ->  31
当前 _$mr ->  84
当前 _$mr ->  56
当前 _$mr ->  31
当前 _$mr ->  31
当前 _$mr ->  38
当前 _$mr ->  12
当前 _$mr ->  48
当前 _$mr ->  0
当前 _$mr ->  31
当前 _$mr ->  31
当前 _$mr ->  31
当前 _$mr ->  29
当前 _$mr ->  1
当前 _$mr ->  56
当前 _$mr ->  31
当前 _$mr ->  50
当前 _$mr ->  24
当前 _$mr ->  55
当前 _$mr ->  20
当前 _$mr ->  31
当前 _$mr ->  12
当前 _$mr ->  48
当前 _$mr ->  0
当前 _$mr ->  52
当前 _$mr ->  3
当前 _$mr ->  38
当前 _$mr ->  24
当前 _$mr ->  71
当前 _$mr ->  0
当前 _$mr ->  56
当前 _$mr ->  38
当前 _$mr ->  24
当前 _$mr ->  71
当前 _$mr ->  0
当前 _$mr ->  56
当前 _$mr ->  31
当前 _$mr ->  12
当前 _$mr ->  48
当前 _$mr ->  0
当前 _$mr ->  82
当前 _$mr ->  31
当前 _$mr ->  84
当前 _$mr ->  56
当前 _$mr ->  31
当前 _$mr ->  31
当前 _$mr ->  38
当前 _$mr ->  12
当前 _$mr ->  48
当前 _$mr ->  0
当前 _$mr ->  31
当前 _$mr ->  31
当前 _$mr ->  31
当前 _$mr ->  29
当前 _$mr ->  1
当前 _$mr ->  56
当前 _$mr ->  31
当前 _$mr ->  50
当前 _$mr ->  24
当前 _$mr ->  55
当前 _$mr ->  20
当前 _$mr ->  31
当前 _$mr ->  12
当前 _$mr ->  48
当前 _$mr ->  0
当前 _$mr ->  52
当前 _$mr ->  3
当前 _$mr ->  38
当前 _$mr ->  24
当前 _$mr ->  71
当前 _$mr ->  0
当前 _$mr ->  56
当前 _$mr ->  38
当前 _$mr ->  24
当前 _$mr ->  71
当前 _$mr ->  0
当前 _$mr ->  56
当前 _$mr ->  31
当前 _$mr ->  12
当前 _$mr ->  48
当前 _$mr ->  0
当前 _$mr ->  82
当前 _$mr ->  31
当前 _$mr ->  84
当前 _$mr ->  56
当前 _$mr ->  31
当前 _$mr ->  31
当前 _$mr ->  38
当前 _$mr ->  12
当前 _$mr ->  48
当前 _$mr ->  0
当前 _$mr ->  31
当前 _$mr ->  31
当前 _$mr ->  31
当前 _$mr ->  29
当前 _$mr ->  1
当前 _$mr ->  56
当前 _$mr ->  31
当前 _$mr ->  50
当前 _$mr ->  24
当前 _$mr ->  55
当前 _$mr ->  20
当前 _$mr ->  31
当前 _$mr ->  12
当前 _$mr ->  48
当前 _$mr ->  0
当前 _$mr ->  52
当前 _$mr ->  3
当前 _$mr ->  38
当前 _$mr ->  24
当前 _$mr ->  71
当前 _$mr ->  0
当前 _$mr ->  56
当前 _$mr ->  38
当前 _$mr ->  24
当前 _$mr ->  71
当前 _$mr ->  0
当前 _$mr ->  56
当前 _$mr ->  31
当前 _$mr ->  12
当前 _$mr ->  48
当前 _$mr ->  0
当前 _$mr ->  82
当前 _$mr ->  31
当前 _$mr ->  84
当前 _$mr ->  56
当前 _$mr ->  31
当前 _$mr ->  31
当前 _$mr ->  38
当前 _$mr ->  12
当前 _$mr ->  48
当前 _$mr ->  0
当前 _$mr ->  31
当前 _$mr ->  31
当前 _$mr ->  31
当前 _$mr ->  29
当前 _$mr ->  1
当前 _$mr ->  56
当前 _$mr ->  31
当前 _$mr ->  50
当前 _$mr ->  24
当前 _$mr ->  55
当前 _$mr ->  20
当前 _$mr ->  31
当前 _$mr ->  12
当前 _$mr ->  48
当前 _$mr ->  0
当前 _$mr ->  52
当前 _$mr ->  3
当前 _$mr ->  38
当前 _$mr ->  24
当前 _$mr ->  71
当前 _$mr ->  0
当前 _$mr ->  56
当前 _$mr ->  38
当前 _$mr ->  24
当前 _$mr ->  71
当前 _$mr ->  0
当前 _$mr ->  56
当前 _$mr ->  31
当前 _$mr ->  12
当前 _$mr ->  48
当前 _$mr ->  0
当前 _$mr ->  82
当前 _$mr ->  31
当前 _$mr ->  84
当前 _$mr ->  56
当前 _$mr ->  31
当前 _$mr ->  31
当前 _$mr ->  38
当前 _$mr ->  12
当前 _$mr ->  48
当前 _$mr ->  0
当前 _$mr ->  31
当前 _$mr ->  31
当前 _$mr ->  31
当前 _$mr ->  29
当前 _$mr ->  1
当前 _$mr ->  56
当前 _$mr ->  31
当前 _$mr ->  50
当前 _$mr ->  24
当前 _$mr ->  55
当前 _$mr ->  20
当前 _$mr ->  31
当前 _$mr ->  12
当前 _$mr ->  48
当前 _$mr ->  0
当前 _$mr ->  52
当前 _$mr ->  3
当前 _$mr ->  38
当前 _$mr ->  24
当前 _$mr ->  71
当前 _$mr ->  0
当前 _$mr ->  56
当前 _$mr ->  38
当前 _$mr ->  24
当前 _$mr ->  71
当前 _$mr ->  0
当前 _$mr ->  56
当前 _$mr ->  31
当前 _$mr ->  12
当前 _$mr ->  48
当前 _$mr ->  0
当前 _$mr ->  82
当前 _$mr ->  31
当前 _$mr ->  84
当前 _$mr ->  56
当前 _$mr ->  31
当前 _$mr ->  31
当前 _$mr ->  38
当前 _$mr ->  12
当前 _$mr ->  48
当前 _$mr ->  0
当前 _$mr ->  31
当前 _$mr ->  31
当前 _$mr ->  31
当前 _$mr ->  29
当前 _$mr ->  1
当前 _$mr ->  56
当前 _$mr ->  31
当前 _$mr ->  50
当前 _$mr ->  24
当前 _$mr ->  55
当前 _$mr ->  20
当前 _$mr ->  31
当前 _$mr ->  12
当前 _$mr ->  48
当前 _$mr ->  0
当前 _$mr ->  52
当前 _$mr ->  3
当前 _$mr ->  38
当前 _$mr ->  24
当前 _$mr ->  71
当前 _$mr ->  0
当前 _$mr ->  56
当前 _$mr ->  38
当前 _$mr ->  24
当前 _$mr ->  71
当前 _$mr ->  0
当前 _$mr ->  56
当前 _$mr ->  31
当前 _$mr ->  12
当前 _$mr ->  48
当前 _$mr ->  0
当前 _$mr ->  82
当前 _$mr ->  31
当前 _$mr ->  84
当前 _$mr ->  56
当前 _$mr ->  31
当前 _$mr ->  31
当前 _$mr ->  38
当前 _$mr ->  12
当前 _$mr ->  48
当前 _$mr ->  0
当前 _$mr ->  31
当前 _$mr ->  31
当前 _$mr ->  31
当前 _$mr ->  29
当前 _$mr ->  1
当前 _$mr ->  56
当前 _$mr ->  31
当前 _$mr ->  50
当前 _$mr ->  24
当前 _$mr ->  55
当前 _$mr ->  20
当前 _$mr ->  31
当前 _$mr ->  12
当前 _$mr ->  48
当前 _$mr ->  0
当前 _$mr ->  52
当前 _$mr ->  3
当前 _$mr ->  38
当前 _$mr ->  24
当前 _$mr ->  71
当前 _$mr ->  0
当前 _$mr ->  56
当前 _$mr ->  38
当前 _$mr ->  24
当前 _$mr ->  71
当前 _$mr ->  0
当前 _$mr ->  56
当前 _$mr ->  31
当前 _$mr ->  12
当前 _$mr ->  48
当前 _$mr ->  0
当前 _$mr ->  82
当前 _$mr ->  31
当前 _$mr ->  84
当前 _$mr ->  56
当前 _$mr ->  31
当前 _$mr ->  31
当前 _$mr ->  38
当前 _$mr ->  12
当前 _$mr ->  48
当前 _$mr ->  0
当前 _$mr ->  31
当前 _$mr ->  31
当前 _$mr ->  31
当前 _$mr ->  29
当前 _$mr ->  1
当前 _$mr ->  56
当前 _$mr ->  31
当前 _$mr ->  50
当前 _$mr ->  24
当前 _$mr ->  55
当前 _$mr ->  20
当前 _$mr ->  31
当前 _$mr ->  12
当前 _$mr ->  48
当前 _$mr ->  0
当前 _$mr ->  52
当前 _$mr ->  3
当前 _$mr ->  38
当前 _$mr ->  24
当前 _$mr ->  71
当前 _$mr ->  0
当前 _$mr ->  56
当前 _$mr ->  38
当前 _$mr ->  24
当前 _$mr ->  71
当前 _$mr ->  0
当前 _$mr ->  56
当前 _$mr ->  31
当前 _$mr ->  12
当前 _$mr ->  48
当前 _$mr ->  0
当前 _$mr ->  82
当前 _$mr ->  31
当前 _$mr ->  84
当前 _$mr ->  56
当前 _$mr ->  31
当前 _$mr ->  31
当前 _$mr ->  38
当前 _$mr ->  12
当前 _$mr ->  48
当前 _$mr ->  0
当前 _$mr ->  31
当前 _$mr ->  31
当前 _$mr ->  31
当前 _$mr ->  29
当前 _$mr ->  1
当前 _$mr ->  56
当前 _$mr ->  31
当前 _$mr ->  50
当前 _$mr ->  24
当前 _$mr ->  55
当前 _$mr ->  20
当前 _$mr ->  31
当前 _$mr ->  12
当前 _$mr ->  48
当前 _$mr ->  0
当前 _$mr ->  52
当前 _$mr ->  3
当前 _$mr ->  38
当前 _$mr ->  24
当前 _$mr ->  71
当前 _$mr ->  0
当前 _$mr ->  56
当前 _$mr ->  38
当前 _$mr ->  24
当前 _$mr ->  71
当前 _$mr ->  0
当前 _$mr ->  56
当前 _$mr ->  31
当前 _$mr ->  12
当前 _$mr ->  48
当前 _$mr ->  0
当前 _$mr ->  82
当前 _$mr ->  31
当前 _$mr ->  84
当前 _$mr ->  56
当前 _$mr ->  31
当前 _$mr ->  31
当前 _$mr ->  38
当前 _$mr ->  12
当前 _$mr ->  48
当前 _$mr ->  0
当前 _$mr ->  31
当前 _$mr ->  31
当前 _$mr ->  31
当前 _$mr ->  29
当前 _$mr ->  1
当前 _$mr ->  56
当前 _$mr ->  31
当前 _$mr ->  50
当前 _$mr ->  24
当前 _$mr ->  55
当前 _$mr ->  20
当前 _$mr ->  31
当前 _$mr ->  12
当前 _$mr ->  48
当前 _$mr ->  0
当前 _$mr ->  52
当前 _$mr ->  3
当前 _$mr ->  38
当前 _$mr ->  24
当前 _$mr ->  71
当前 _$mr ->  0
当前 _$mr ->  56
当前 _$mr ->  38
当前 _$mr ->  24
当前 _$mr ->  71
当前 _$mr ->  0
当前 _$mr ->  56
当前 _$mr ->  31
当前 _$mr ->  12
当前 _$mr ->  48
当前 _$mr ->  0
当前 _$mr ->  82
当前 _$mr ->  31
当前 _$mr ->  84
当前 _$mr ->  56
当前 _$mr ->  31
当前 _$mr ->  31
当前 _$mr ->  38
当前 _$mr ->  12
当前 _$mr ->  48
当前 _$mr ->  0
当前 _$mr ->  31
当前 _$mr ->  31
当前 _$mr ->  31
当前 _$mr ->  29
当前 _$mr ->  1
当前 _$mr ->  56
当前 _$mr ->  31
当前 _$mr ->  50
当前 _$mr ->  24
当前 _$mr ->  55
当前 _$mr ->  20
当前 _$mr ->  31
当前 _$mr ->  12
当前 _$mr ->  48
当前 _$mr ->  0
当前 _$mr ->  52
当前 _$mr ->  3
当前 _$mr ->  38
当前 _$mr ->  24
当前 _$mr ->  71
当前 _$mr ->  0
当前 _$mr ->  56
当前 _$mr ->  38
当前 _$mr ->  24
当前 _$mr ->  71
当前 _$mr ->  0
当前 _$mr ->  56
当前 _$mr ->  31
当前 _$mr ->  12
当前 _$mr ->  48
当前 _$mr ->  0
当前 _$mr ->  82
当前 _$mr ->  31
当前 _$mr ->  84
当前 _$mr ->  56
当前 _$mr ->  31
当前 _$mr ->  31
当前 _$mr ->  38
当前 _$mr ->  12
当前 _$mr ->  48
当前 _$mr ->  0
当前 _$mr ->  31
当前 _$mr ->  31
当前 _$mr ->  31
当前 _$mr ->  29
当前 _$mr ->  1
当前 _$mr ->  56
当前 _$mr ->  31
当前 _$mr ->  50
当前 _$mr ->  24
当前 _$mr ->  55
当前 _$mr ->  20
当前 _$mr ->  31
当前 _$mr ->  12
当前 _$mr ->  48
当前 _$mr ->  0
当前 _$mr ->  52
当前 _$mr ->  3
当前 _$mr ->  31
当前 _$mr ->  5
当前 _$mr ->  56
当前 _$mr ->  12
当前 _$mr ->  12
当前 _$mr ->  56
当前 _$mr ->  12
当前 _$mr ->  48
当前 _$mr ->  0
当前 _$mr ->  30
当前 _$mr ->  56
当前 _$mr ->  12
当前 _$mr ->  48
当前 _$mr ->  0
当前 _$mr ->  30
当前 _$mr ->  56
当前 _$mr ->  12
当前 _$mr ->  48
当前 _$mr ->  0
当前 _$mr ->  30
当前 _$mr ->  56
当前 _$mr ->  12
当前 _$mr ->  48
当前 _$mr ->  0
当前 _$mr ->  30
当前 _$mr ->  56
当前 _$mr ->  12
当前 _$mr ->  48
当前 _$mr ->  0
当前 _$mr ->  30
当前 _$mr ->  56
当前 _$mr ->  12
当前 _$mr ->  48
当前 _$mr ->  0
当前 _$mr ->  49
===== 第三十一次循环 ==========
===== 第三十二次循环 ==========
当前 _$mr ->  28
当前 _$mr ->  3
当前 _$mr ->  43
当前 _$mr ->  41
===== 第三十二次循环 ==========
===== 第三十三次循环 ==========
当前 _$mr ->  38
当前 _$mr ->  3
当前 _$mr ->  12
当前 _$mr ->  48
当前 _$mr ->  0
当前 _$mr ->  30
当前 _$mr ->  56
当前 _$mr ->  31
当前 _$mr ->  3
当前 _$mr ->  12
当前 _$mr ->  12
当前 _$mr ->  48
当前 _$mr ->  0
当前 _$mr ->  31
当前 _$mr ->  12
当前 _$mr ->  48
当前 _$mr ->  0
当前 _$mr ->  1
当前 _$mr ->  56
当前 _$mr ->  31
当前 _$mr ->  12
当前 _$mr ->  48
当前 _$mr ->  0
当前 _$mr ->  0
当前 _$mr ->  12
当前 _$mr ->  48
当前 _$mr ->  0
当前 _$mr ->  32
当前 _$mr ->  3
当前 _$mr ->  31
当前 _$mr ->  48
当前 _$mr ->  0
当前 _$mr ->  56
当前 _$mr ->  31
当前 _$mr ->  48
当前 _$mr ->  0
当前 _$mr ->  56
当前 _$mr ->  31
当前 _$mr ->  48
当前 _$mr ->  0
当前 _$mr ->  56
当前 _$mr ->  31
当前 _$mr ->  48
当前 _$mr ->  0
当前 _$mr ->  56
当前 _$mr ->  31
当前 _$mr ->  48
当前 _$mr ->  0
当前 _$mr ->  56
当前 _$mr ->  31
当前 _$mr ->  48
当前 _$mr ->  0
当前 _$mr ->  56
当前 _$mr ->  31
当前 _$mr ->  48
当前 _$mr ->  0
当前 _$mr ->  56
当前 _$mr ->  31
当前 _$mr ->  48
当前 _$mr ->  0
当前 _$mr ->  56
当前 _$mr ->  31
当前 _$mr ->  48
当前 _$mr ->  0
当前 _$mr ->  56
当前 _$mr ->  60
当前 _$mr ->  12
当前 _$mr ->  48
当前 _$mr ->  0
当前 _$mr ->  30
当前 _$mr ->  56
当前 _$mr ->  31
当前 _$mr ->  3
当前 _$mr ->  47
当前 _$mr ->  56
当前 _$mr ->  24
当前 _$mr ->  55
当前 _$mr ->  20
当前 _$mr ->  31
当前 _$mr ->  31
当前 _$mr ->  12
当前 _$mr ->  48
当前 _$mr ->  0
当前 _$mr ->  0
当前 _$mr ->  52
当前 _$mr ->  3
当前 _$mr ->  31
当前 _$mr ->  31
当前 _$mr ->  0
当前 _$mr ->  104
home_cookie.js:22 获取 sessionStorage 的属性：getItem 值为：function getItem(keyName) {
    console.log("getItem -> " + keyName);
    return this[keyName];
}
home_cookie.js:214 getItem -> _$rc
home_cookie.js:22 获取 sessionStorage 的属性：_$rc 值为：undefined
home_cookie.js:22 获取 localStorage 的属性：getItem 值为：function getItem(keyName) {
    console.log("getItem -> " + keyName);
    return this[keyName];
}
home_cookie.js:214 getItem -> _$rc
home_cookie.js:22 获取 localStorage 的属性：_$rc 值为：undefined
当前 _$mr ->  24
当前 _$mr ->  55
当前 _$mr ->  20
当前 _$mr ->  31
当前 _$mr ->  31
当前 _$mr ->  12
当前 _$mr ->  48
当前 _$mr ->  0
当前 _$mr ->  0
当前 _$mr ->  52
当前 _$mr ->  3
当前 _$mr ->  31
当前 _$mr ->  31
当前 _$mr ->  0
当前 _$mr ->  104
home_cookie.js:22 获取 document 的属性：getElementsByTagName 值为：function getElementsByTagName(name) {
home_cookie.js:22 获取 Window 的属性：content 值为：fofAtbiByMy1t1wDvXGpSIJ9np3r5qiOq2JQ7XREaFj1riX_xEGKjjmGUs.isOIU2fYwcDzABE5eo0eqhgxkPaJhHYNt4nAjZMDuLhNWFjaItahYcKoRVCyND6u3bXuyZcKb7._zCzR13gix2uubZx4rbvw5ApvXGMlIKcCLpuDMAUv.mnqOtkayoPLk2UWhHOFdzTqrJ17DUgFtTl0sFE4pl5IhXQZuhUT.3cWx7Mr8f9K2vdl_gY2.Y39_E5ptwO6GeWiF8hl1QjhCDW7RP3afupIAGqeaEXIJYNSHsBM_2joic6nl_vjqV6VEWRR31Gl4EFqbQuFAR_r_hFLA20NZngyTZ433FyhGm4iYGVs2hqMQGHVXdoZKz48L9DJzQxUAIdHZo5g
home_cookie.js:139 getElementsByTagName meta-> [object HTMLMetaElement ]
home_cookie.js:22 获取 HTMLCollection 的属性：length 值为：1
home_cookie.js:22 获取 HTMLCollection 的属性：0 值为：[object HTMLMetaElement ]
home_cookie.js:82 getAttribute r -> m
home_cookie.js:87 removeChild -> [object HTMLMetaElement ]
===== 第三十三次循环 ==========
===== 第三十四次循环 ==========
当前 _$mr ->  12
当前 _$mr ->  12
当前 _$mr ->  48
当前 _$mr ->  0
当前 _$mr ->  0
home_cookie.js:22 获取 Window 的属性：Math 值为：[object Math]
当前 _$mr ->  12
当前 _$mr ->  48
当前 _$mr ->  0
当前 _$mr ->  12
当前 _$mr ->  12
当前 _$mr ->  48
当前 _$mr ->  0
当前 _$mr ->  0
home_cookie.js:22 获取 Window 的属性：Math 值为：[object Math]
当前 _$mr ->  12
当前 _$mr ->  48
当前 _$mr ->  0
当前 _$mr ->  13
当前 _$mr ->  12
当前 _$mr ->  48
当前 _$mr ->  0
当前 _$mr ->  9
当前 _$mr ->  53
当前 _$mr ->  56
当前 _$mr ->  38
当前 _$mr ->  12
当前 _$mr ->  48
当前 _$mr ->  0
当前 _$mr ->  49
home_cookie.js:22 获取 Window 的属性：Math 值为：[object Math]
当前 _$mr ->  30
当前 _$mr ->  53
当前 _$mr ->  56
当前 _$mr ->  48
当前 _$mr ->  56
当前 _$mr ->  31
当前 _$mr ->  38
当前 _$mr ->  12
当前 _$mr ->  48
当前 _$mr ->  0
当前 _$mr ->  0
当前 _$mr ->  52
当前 _$mr ->  3
当前 _$mr ->  38
当前 _$mr ->  31
当前 _$mr ->  31
当前 _$mr ->  103
当前 _$mr ->  24
当前 _$mr ->  55
当前 _$mr ->  20
当前 _$mr ->  31
当前 _$mr ->  38
当前 _$mr ->  12
当前 _$mr ->  48
当前 _$mr ->  0
当前 _$mr ->  0
当前 _$mr ->  52
当前 _$mr ->  3
当前 _$mr ->  38
当前 _$mr ->  31
当前 _$mr ->  31
当前 _$mr ->  103
当前 _$mr ->  24
当前 _$mr ->  55
当前 _$mr ->  20
当前 _$mr ->  31
当前 _$mr ->  38
当前 _$mr ->  12
当前 _$mr ->  48
当前 _$mr ->  0
当前 _$mr ->  0
当前 _$mr ->  52
当前 _$mr ->  3
当前 _$mr ->  38
当前 _$mr ->  31
当前 _$mr ->  31
当前 _$mr ->  103
当前 _$mr ->  24
当前 _$mr ->  55
当前 _$mr ->  20
当前 _$mr ->  31
当前 _$mr ->  38
当前 _$mr ->  12
当前 _$mr ->  48
当前 _$mr ->  0
当前 _$mr ->  0
当前 _$mr ->  52
当前 _$mr ->  3
当前 _$mr ->  38
当前 _$mr ->  31
当前 _$mr ->  31
当前 _$mr ->  103
当前 _$mr ->  24
当前 _$mr ->  55
当前 _$mr ->  20
当前 _$mr ->  31
当前 _$mr ->  38
当前 _$mr ->  12
当前 _$mr ->  48
当前 _$mr ->  0
当前 _$mr ->  0
当前 _$mr ->  52
当前 _$mr ->  3
当前 _$mr ->  38
当前 _$mr ->  31
当前 _$mr ->  31
当前 _$mr ->  103
当前 _$mr ->  24
当前 _$mr ->  55
当前 _$mr ->  20
当前 _$mr ->  31
当前 _$mr ->  38
当前 _$mr ->  12
当前 _$mr ->  48
当前 _$mr ->  0
当前 _$mr ->  0
当前 _$mr ->  52
当前 _$mr ->  3
当前 _$mr ->  38
当前 _$mr ->  31
当前 _$mr ->  31
当前 _$mr ->  103
当前 _$mr ->  24
当前 _$mr ->  55
当前 _$mr ->  20
当前 _$mr ->  31
当前 _$mr ->  38
当前 _$mr ->  12
当前 _$mr ->  48
当前 _$mr ->  0
当前 _$mr ->  0
当前 _$mr ->  52
当前 _$mr ->  3
当前 _$mr ->  38
当前 _$mr ->  31
当前 _$mr ->  31
当前 _$mr ->  103
当前 _$mr ->  24
当前 _$mr ->  55
当前 _$mr ->  20
当前 _$mr ->  31
当前 _$mr ->  38
当前 _$mr ->  12
当前 _$mr ->  48
当前 _$mr ->  0
当前 _$mr ->  0
当前 _$mr ->  52
当前 _$mr ->  3
当前 _$mr ->  38
当前 _$mr ->  31
当前 _$mr ->  31
当前 _$mr ->  103
当前 _$mr ->  24
当前 _$mr ->  55
当前 _$mr ->  20
当前 _$mr ->  31
当前 _$mr ->  38
当前 _$mr ->  12
当前 _$mr ->  48
当前 _$mr ->  0
当前 _$mr ->  0
当前 _$mr ->  52
当前 _$mr ->  3
当前 _$mr ->  38
当前 _$mr ->  31
当前 _$mr ->  31
当前 _$mr ->  103
当前 _$mr ->  24
当前 _$mr ->  55
当前 _$mr ->  20
当前 _$mr ->  31
当前 _$mr ->  38
当前 _$mr ->  12
当前 _$mr ->  48
当前 _$mr ->  0
当前 _$mr ->  0
当前 _$mr ->  52
当前 _$mr ->  3
当前 _$mr ->  38
当前 _$mr ->  31
当前 _$mr ->  31
当前 _$mr ->  103
当前 _$mr ->  24
当前 _$mr ->  55
当前 _$mr ->  20
当前 _$mr ->  31
当前 _$mr ->  38
当前 _$mr ->  12
当前 _$mr ->  48
当前 _$mr ->  0
当前 _$mr ->  0
当前 _$mr ->  52
当前 _$mr ->  3
当前 _$mr ->  38
当前 _$mr ->  31
当前 _$mr ->  31
当前 _$mr ->  103
当前 _$mr ->  24
当前 _$mr ->  55
当前 _$mr ->  20
当前 _$mr ->  31
当前 _$mr ->  38
当前 _$mr ->  12
当前 _$mr ->  48
当前 _$mr ->  0
当前 _$mr ->  0
当前 _$mr ->  52
当前 _$mr ->  3
当前 _$mr ->  38
当前 _$mr ->  31
当前 _$mr ->  31
当前 _$mr ->  103
当前 _$mr ->  24
当前 _$mr ->  55
当前 _$mr ->  20
当前 _$mr ->  31
当前 _$mr ->  38
当前 _$mr ->  12
当前 _$mr ->  48
当前 _$mr ->  0
当前 _$mr ->  0
当前 _$mr ->  52
当前 _$mr ->  3
当前 _$mr ->  38
当前 _$mr ->  31
当前 _$mr ->  31
当前 _$mr ->  103
当前 _$mr ->  24
当前 _$mr ->  55
当前 _$mr ->  20
当前 _$mr ->  31
当前 _$mr ->  38
当前 _$mr ->  12
当前 _$mr ->  48
当前 _$mr ->  0
当前 _$mr ->  0
当前 _$mr ->  52
当前 _$mr ->  3
当前 _$mr ->  38
当前 _$mr ->  31
当前 _$mr ->  31
当前 _$mr ->  103
当前 _$mr ->  24
当前 _$mr ->  55
当前 _$mr ->  20
当前 _$mr ->  31
当前 _$mr ->  38
当前 _$mr ->  12
当前 _$mr ->  48
当前 _$mr ->  0
当前 _$mr ->  0
当前 _$mr ->  52
当前 _$mr ->  3
当前 _$mr ->  38
当前 _$mr ->  31
当前 _$mr ->  31
当前 _$mr ->  103
当前 _$mr ->  24
当前 _$mr ->  55
当前 _$mr ->  20
当前 _$mr ->  31
当前 _$mr ->  38
当前 _$mr ->  12
当前 _$mr ->  48
当前 _$mr ->  0
当前 _$mr ->  0
当前 _$mr ->  52
当前 _$mr ->  3
当前 _$mr ->  38
当前 _$mr ->  31
当前 _$mr ->  31
当前 _$mr ->  103
当前 _$mr ->  24
当前 _$mr ->  55
当前 _$mr ->  20
当前 _$mr ->  31
当前 _$mr ->  38
当前 _$mr ->  12
当前 _$mr ->  48
当前 _$mr ->  0
当前 _$mr ->  0
当前 _$mr ->  52
当前 _$mr ->  3
当前 _$mr ->  38
当前 _$mr ->  31
当前 _$mr ->  31
当前 _$mr ->  103
当前 _$mr ->  24
当前 _$mr ->  55
当前 _$mr ->  20
当前 _$mr ->  31
当前 _$mr ->  38
当前 _$mr ->  12
当前 _$mr ->  48
当前 _$mr ->  0
当前 _$mr ->  0
当前 _$mr ->  52
当前 _$mr ->  3
当前 _$mr ->  38
当前 _$mr ->  31
当前 _$mr ->  31
当前 _$mr ->  103
当前 _$mr ->  24
当前 _$mr ->  55
当前 _$mr ->  20
当前 _$mr ->  31
当前 _$mr ->  38
当前 _$mr ->  12
当前 _$mr ->  48
当前 _$mr ->  0
当前 _$mr ->  0
当前 _$mr ->  52
当前 _$mr ->  3
当前 _$mr ->  38
当前 _$mr ->  31
当前 _$mr ->  31
当前 _$mr ->  103
当前 _$mr ->  24
当前 _$mr ->  55
当前 _$mr ->  20
当前 _$mr ->  31
当前 _$mr ->  38
当前 _$mr ->  12
当前 _$mr ->  48
当前 _$mr ->  0
当前 _$mr ->  0
当前 _$mr ->  52
当前 _$mr ->  3
当前 _$mr ->  38
当前 _$mr ->  31
当前 _$mr ->  31
当前 _$mr ->  103
当前 _$mr ->  24
当前 _$mr ->  55
当前 _$mr ->  20
当前 _$mr ->  31
当前 _$mr ->  38
当前 _$mr ->  12
当前 _$mr ->  48
当前 _$mr ->  0
当前 _$mr ->  0
当前 _$mr ->  52
当前 _$mr ->  3
当前 _$mr ->  12
当前 _$mr ->  48
当前 _$mr ->  0
当前 _$mr ->  49
===== 第三十四次循环 ==========
===== 第三十五次循环 ==========
当前 _$mr ->  28
当前 _$mr ->  3
当前 _$mr ->  43
当前 _$mr ->  41
===== 第三十五次循环 ==========
===== 第三十六次循环 ==========
当前 _$mr ->  38
当前 _$mr ->  3
当前 _$mr ->  38
当前 _$mr ->  31
当前 _$mr ->  31
当前 _$mr ->  56
当前 _$mr ->  38
当前 _$mr ->  5
===== 第三十六次循环 ==========
===== 第三十七次循环 ==========
当前 _$mr ->  38
当前 _$mr ->  12
当前 _$mr ->  48
当前 _$mr ->  0
当前 _$mr ->  48
当前 _$mr ->  53
当前 _$mr ->  56
当前 _$mr ->  31
当前 _$mr ->  12
当前 _$mr ->  48
当前 _$mr ->  0
当前 _$mr ->  0
当前 _$mr ->  12
当前 _$mr ->  48
当前 _$mr ->  0
当前 _$mr ->  52
当前 _$mr ->  3
当前 _$mr ->  31
当前 _$mr ->  12
当前 _$mr ->  48
当前 _$mr ->  0
当前 _$mr ->  13
当前 _$mr ->  56
当前 _$mr ->  48
当前 _$mr ->  56
当前 _$mr ->  31
当前 _$mr ->  12
当前 _$mr ->  48
当前 _$mr ->  0
当前 _$mr ->  0
当前 _$mr ->  56
当前 _$mr ->  31
当前 _$mr ->  31
当前 _$mr ->  52
当前 _$mr ->  3
当前 _$mr ->  31
当前 _$mr ->  24
当前 _$mr ->  71
当前 _$mr ->  31
当前 _$mr ->  103
当前 _$mr ->  20
当前 _$mr ->  31
当前 _$mr ->  31
当前 _$mr ->  52
当前 _$mr ->  3
当前 _$mr ->  31
当前 _$mr ->  24
当前 _$mr ->  71
当前 _$mr ->  31
当前 _$mr ->  103
当前 _$mr ->  20
当前 _$mr ->  31
当前 _$mr ->  31
当前 _$mr ->  52
当前 _$mr ->  3
当前 _$mr ->  31
当前 _$mr ->  24
当前 _$mr ->  71
当前 _$mr ->  31
当前 _$mr ->  103
当前 _$mr ->  20
当前 _$mr ->  31
当前 _$mr ->  31
当前 _$mr ->  52
当前 _$mr ->  3
当前 _$mr ->  31
当前 _$mr ->  24
当前 _$mr ->  71
当前 _$mr ->  31
当前 _$mr ->  103
当前 _$mr ->  20
当前 _$mr ->  31
当前 _$mr ->  31
当前 _$mr ->  52
当前 _$mr ->  3
当前 _$mr ->  31
当前 _$mr ->  24
当前 _$mr ->  71
当前 _$mr ->  31
当前 _$mr ->  103
当前 _$mr ->  20
当前 _$mr ->  31
当前 _$mr ->  31
当前 _$mr ->  52
当前 _$mr ->  3
当前 _$mr ->  31
当前 _$mr ->  24
当前 _$mr ->  71
当前 _$mr ->  31
当前 _$mr ->  103
当前 _$mr ->  20
当前 _$mr ->  31
当前 _$mr ->  31
当前 _$mr ->  52
当前 _$mr ->  3
当前 _$mr ->  31
当前 _$mr ->  24
当前 _$mr ->  71
当前 _$mr ->  31
当前 _$mr ->  103
当前 _$mr ->  20
当前 _$mr ->  31
当前 _$mr ->  31
当前 _$mr ->  52
当前 _$mr ->  3
当前 _$mr ->  31
当前 _$mr ->  24
当前 _$mr ->  71
当前 _$mr ->  31
当前 _$mr ->  103
当前 _$mr ->  20
当前 _$mr ->  31
当前 _$mr ->  31
当前 _$mr ->  52
当前 _$mr ->  3
当前 _$mr ->  31
当前 _$mr ->  24
当前 _$mr ->  71
当前 _$mr ->  31
当前 _$mr ->  103
当前 _$mr ->  20
当前 _$mr ->  31
当前 _$mr ->  31
当前 _$mr ->  52
当前 _$mr ->  3
当前 _$mr ->  31
当前 _$mr ->  24
当前 _$mr ->  71
当前 _$mr ->  31
当前 _$mr ->  103
当前 _$mr ->  20
当前 _$mr ->  31
当前 _$mr ->  31
当前 _$mr ->  52
当前 _$mr ->  3
当前 _$mr ->  31
当前 _$mr ->  24
当前 _$mr ->  71
当前 _$mr ->  31
当前 _$mr ->  103
当前 _$mr ->  20
当前 _$mr ->  31
当前 _$mr ->  31
当前 _$mr ->  52
当前 _$mr ->  3
当前 _$mr ->  31
当前 _$mr ->  24
当前 _$mr ->  71
当前 _$mr ->  31
当前 _$mr ->  103
当前 _$mr ->  20
当前 _$mr ->  31
当前 _$mr ->  31
当前 _$mr ->  52
当前 _$mr ->  3
当前 _$mr ->  31
当前 _$mr ->  24
当前 _$mr ->  71
当前 _$mr ->  31
当前 _$mr ->  103
当前 _$mr ->  20
当前 _$mr ->  31
当前 _$mr ->  31
当前 _$mr ->  52
当前 _$mr ->  3
当前 _$mr ->  31
当前 _$mr ->  24
当前 _$mr ->  71
当前 _$mr ->  31
当前 _$mr ->  103
当前 _$mr ->  20
当前 _$mr ->  31
当前 _$mr ->  31
当前 _$mr ->  52
当前 _$mr ->  3
当前 _$mr ->  31
当前 _$mr ->  24
当前 _$mr ->  71
当前 _$mr ->  31
当前 _$mr ->  103
当前 _$mr ->  20
当前 _$mr ->  31
当前 _$mr ->  31
当前 _$mr ->  52
当前 _$mr ->  3
当前 _$mr ->  31
当前 _$mr ->  24
当前 _$mr ->  71
当前 _$mr ->  31
当前 _$mr ->  103
当前 _$mr ->  20
当前 _$mr ->  31
当前 _$mr ->  31
当前 _$mr ->  52
当前 _$mr ->  3
当前 _$mr ->  31
当前 _$mr ->  24
当前 _$mr ->  71
当前 _$mr ->  31
当前 _$mr ->  103
当前 _$mr ->  20
当前 _$mr ->  31
当前 _$mr ->  31
当前 _$mr ->  52
当前 _$mr ->  3
当前 _$mr ->  31
当前 _$mr ->  24
当前 _$mr ->  71
当前 _$mr ->  31
当前 _$mr ->  103
当前 _$mr ->  20
当前 _$mr ->  31
当前 _$mr ->  31
当前 _$mr ->  52
当前 _$mr ->  3
当前 _$mr ->  31
当前 _$mr ->  24
当前 _$mr ->  71
当前 _$mr ->  31
当前 _$mr ->  103
当前 _$mr ->  20
当前 _$mr ->  31
当前 _$mr ->  31
当前 _$mr ->  52
当前 _$mr ->  3
当前 _$mr ->  31
当前 _$mr ->  24
当前 _$mr ->  71
当前 _$mr ->  31
当前 _$mr ->  103
当前 _$mr ->  20
当前 _$mr ->  31
当前 _$mr ->  31
当前 _$mr ->  52
当前 _$mr ->  3
当前 _$mr ->  31
当前 _$mr ->  12
当前 _$mr ->  48
当前 _$mr ->  0
当前 _$mr ->  0
当前 _$mr ->  12
当前 _$mr ->  48
当前 _$mr ->  0
当前 _$mr ->  15
当前 _$mr ->  56
当前 _$mr ->  49
home_cookie.js:22 获取 Window 的属性：Math 值为：[object Math]
当前 _$mr ->  31
当前 _$mr ->  12
当前 _$mr ->  48
当前 _$mr ->  0
当前 _$mr ->  31
当前 _$mr ->  53
当前 _$mr ->  30
当前 _$mr ->  48
当前 _$mr ->  0
当前 _$mr ->  15
当前 _$mr ->  56
当前 _$mr ->  31
当前 _$mr ->  28
当前 _$mr ->  27
当前 _$mr ->  3
当前 _$mr ->  31
当前 _$mr ->  56
当前 _$mr ->  31
当前 _$mr ->  12
当前 _$mr ->  48
当前 _$mr ->  0
当前 _$mr ->  48
当前 _$mr ->  31
当前 _$mr ->  1
当前 _$mr ->  56
当前 _$mr ->  31
当前 _$mr ->  12
当前 _$mr ->  40
当前 _$mr ->  0
当前 _$mr ->  27
当前 _$mr ->  3
当前 _$mr ->  12
当前 _$mr ->  12
当前 _$mr ->  48
当前 _$mr ->  0
当前 _$mr ->  12
当前 _$mr ->  48
当前 _$mr ->  0
当前 _$mr ->  53
home_cookie.js:22 获取 Window 的属性：parseFloat 值为：function parseFloat() { [native code] }
当前 _$mr ->  56
当前 _$mr ->  31
当前 _$mr ->  31
当前 _$mr ->  73
当前 _$mr ->  12
当前 _$mr ->  48
当前 _$mr ->  0
当前 _$mr ->  30
当前 _$mr ->  29
当前 _$mr ->  30
当前 _$mr ->  30
当前 _$mr ->  56
当前 _$mr ->  31
当前 _$mr ->  12
当前 _$mr ->  48
当前 _$mr ->  0
当前 _$mr ->  0
当前 _$mr ->  56
当前 _$mr ->  48
当前 _$mr ->  56
当前 _$mr ->  31
当前 _$mr ->  31
当前 _$mr ->  52
当前 _$mr ->  3
当前 _$mr ->  31
当前 _$mr ->  31
当前 _$mr ->  31
当前 _$mr ->  31
当前 _$mr ->  24
当前 _$mr ->  71
当前 _$mr ->  0
当前 _$mr ->  84
当前 _$mr ->  56
当前 _$mr ->  20
当前 _$mr ->  31
当前 _$mr ->  31
当前 _$mr ->  52
当前 _$mr ->  3
当前 _$mr ->  31
当前 _$mr ->  31
当前 _$mr ->  31
当前 _$mr ->  31
当前 _$mr ->  24
当前 _$mr ->  71
当前 _$mr ->  0
当前 _$mr ->  84
当前 _$mr ->  56
当前 _$mr ->  20
当前 _$mr ->  31
当前 _$mr ->  31
当前 _$mr ->  52
当前 _$mr ->  3
当前 _$mr ->  31
当前 _$mr ->  31
当前 _$mr ->  31
当前 _$mr ->  31
当前 _$mr ->  24
当前 _$mr ->  71
当前 _$mr ->  0
当前 _$mr ->  84
当前 _$mr ->  56
当前 _$mr ->  20
当前 _$mr ->  31
当前 _$mr ->  31
当前 _$mr ->  52
当前 _$mr ->  3
当前 _$mr ->  31
当前 _$mr ->  31
当前 _$mr ->  31
当前 _$mr ->  31
当前 _$mr ->  24
当前 _$mr ->  71
当前 _$mr ->  0
当前 _$mr ->  84
当前 _$mr ->  56
当前 _$mr ->  20
当前 _$mr ->  31
当前 _$mr ->  31
当前 _$mr ->  52
当前 _$mr ->  3
当前 _$mr ->  31
当前 _$mr ->  31
当前 _$mr ->  31
当前 _$mr ->  31
当前 _$mr ->  24
当前 _$mr ->  71
当前 _$mr ->  0
当前 _$mr ->  84
当前 _$mr ->  56
当前 _$mr ->  20
当前 _$mr ->  31
当前 _$mr ->  31
当前 _$mr ->  52
当前 _$mr ->  3
当前 _$mr ->  31
当前 _$mr ->  31
当前 _$mr ->  31
当前 _$mr ->  31
当前 _$mr ->  24
当前 _$mr ->  71
当前 _$mr ->  0
当前 _$mr ->  84
当前 _$mr ->  56
当前 _$mr ->  20
当前 _$mr ->  31
当前 _$mr ->  31
当前 _$mr ->  52
当前 _$mr ->  3
当前 _$mr ->  31
当前 _$mr ->  31
当前 _$mr ->  31
当前 _$mr ->  31
当前 _$mr ->  24
当前 _$mr ->  71
当前 _$mr ->  0
当前 _$mr ->  84
当前 _$mr ->  56
当前 _$mr ->  20
当前 _$mr ->  31
当前 _$mr ->  31
当前 _$mr ->  52
当前 _$mr ->  3
当前 _$mr ->  31
当前 _$mr ->  31
当前 _$mr ->  31
当前 _$mr ->  31
当前 _$mr ->  24
当前 _$mr ->  71
当前 _$mr ->  0
当前 _$mr ->  84
当前 _$mr ->  56
当前 _$mr ->  20
当前 _$mr ->  31
当前 _$mr ->  31
当前 _$mr ->  52
当前 _$mr ->  3
当前 _$mr ->  31
当前 _$mr ->  31
当前 _$mr ->  31
当前 _$mr ->  31
当前 _$mr ->  24
当前 _$mr ->  71
当前 _$mr ->  0
当前 _$mr ->  84
当前 _$mr ->  56
当前 _$mr ->  20
当前 _$mr ->  31
当前 _$mr ->  31
当前 _$mr ->  52
当前 _$mr ->  3
当前 _$mr ->  31
当前 _$mr ->  31
当前 _$mr ->  31
当前 _$mr ->  31
当前 _$mr ->  24
当前 _$mr ->  71
当前 _$mr ->  0
当前 _$mr ->  84
当前 _$mr ->  56
当前 _$mr ->  20
当前 _$mr ->  31
当前 _$mr ->  31
当前 _$mr ->  52
当前 _$mr ->  3
当前 _$mr ->  31
当前 _$mr ->  31
当前 _$mr ->  31
当前 _$mr ->  31
当前 _$mr ->  24
当前 _$mr ->  71
当前 _$mr ->  0
当前 _$mr ->  84
当前 _$mr ->  56
当前 _$mr ->  20
当前 _$mr ->  31
当前 _$mr ->  31
当前 _$mr ->  52
当前 _$mr ->  3
当前 _$mr ->  31
当前 _$mr ->  31
当前 _$mr ->  31
当前 _$mr ->  31
当前 _$mr ->  24
当前 _$mr ->  71
当前 _$mr ->  0
当前 _$mr ->  84
当前 _$mr ->  56
当前 _$mr ->  20
当前 _$mr ->  31
当前 _$mr ->  31
当前 _$mr ->  52
当前 _$mr ->  3
当前 _$mr ->  31
当前 _$mr ->  31
当前 _$mr ->  31
当前 _$mr ->  31
当前 _$mr ->  24
当前 _$mr ->  71
当前 _$mr ->  0
当前 _$mr ->  84
当前 _$mr ->  56
当前 _$mr ->  20
当前 _$mr ->  31
当前 _$mr ->  31
当前 _$mr ->  52
当前 _$mr ->  3
当前 _$mr ->  31
当前 _$mr ->  31
当前 _$mr ->  31
当前 _$mr ->  31
当前 _$mr ->  24
当前 _$mr ->  71
当前 _$mr ->  0
当前 _$mr ->  84
当前 _$mr ->  56
当前 _$mr ->  20
当前 _$mr ->  31
当前 _$mr ->  31
当前 _$mr ->  52
当前 _$mr ->  3
当前 _$mr ->  31
当前 _$mr ->  31
当前 _$mr ->  31
当前 _$mr ->  31
当前 _$mr ->  24
当前 _$mr ->  71
当前 _$mr ->  0
当前 _$mr ->  84
当前 _$mr ->  56
当前 _$mr ->  20
当前 _$mr ->  31
当前 _$mr ->  31
当前 _$mr ->  52
当前 _$mr ->  3
当前 _$mr ->  31
当前 _$mr ->  31
当前 _$mr ->  31
当前 _$mr ->  31
当前 _$mr ->  24
当前 _$mr ->  71
当前 _$mr ->  0
当前 _$mr ->  84
当前 _$mr ->  56
当前 _$mr ->  20
当前 _$mr ->  31
当前 _$mr ->  31
当前 _$mr ->  52
当前 _$mr ->  3
当前 _$mr ->  12
当前 _$mr ->  48
当前 _$mr ->  0
当前 _$mr ->  31
当前 _$mr ->  41
===== 第三十七次循环 ==========
===== 第三十八次循环 ==========
当前 _$mr ->  38
当前 _$mr ->  3
当前 _$mr ->  38
当前 _$mr ->  37
当前 _$mr ->  31
当前 _$mr ->  5
当前 _$mr ->  24
当前 _$mr ->  55
当前 _$mr ->  20
当前 _$mr ->  31
当前 _$mr ->  31
当前 _$mr ->  12
当前 _$mr ->  48
当前 _$mr ->  0
当前 _$mr ->  0
当前 _$mr ->  52
当前 _$mr ->  3
当前 _$mr ->  31
当前 _$mr ->  31
当前 _$mr ->  0
当前 _$mr ->  104
===== 第三十八次循环 ==========
===== 第三十九次循环 ==========
当前 _$mr ->  12
当前 _$mr ->  48
当前 _$mr ->  0
当前 _$mr ->  30
当前 _$mr ->  56
当前 _$mr ->  31
当前 _$mr ->  12
当前 _$mr ->  48
当前 _$mr ->  0
当前 _$mr ->  8
当前 _$mr ->  3
当前 _$mr ->  12
当前 _$mr ->  12
当前 _$mr ->  48
当前 _$mr ->  0
当前 _$mr ->  29
当前 _$mr ->  56
当前 _$mr ->  36
===== 第三十九次循环 ==========
===== 第四十次循环 ==========
当前 _$mr ->  51
===== 第四十次循环 ==========
===== 第四十一次循环 ==========
当前 _$mr ->  12
当前 _$mr ->  12
当前 _$mr ->  48
当前 _$mr ->  0
当前 _$mr ->  0
home_cookie.js:22 获取 Window 的属性：self 值为：undefined
当前 _$mr ->  12
当前 _$mr ->  12
当前 _$mr ->  48
当前 _$mr ->  0
当前 _$mr ->  0
home_cookie.js:22 获取 Window 的属性：top 值为：[object Window]
当前 _$mr ->  61
当前 _$mr ->  3 （不一致）
===== 第四十一次循环 ==========
===== 第四十二次循环 ==========
===== 第四十二次循环 ==========
===== 第四十三次循环 ==========
===== 第四十三次循环 ==========
===== 第四十四次循环 ==========
===== 第四十四次循环 ==========
===== 第四十五次循环 ==========
===== 第四十五次循环 ==========
===== 第四十六次循环 ==========
===== 第四十六次循环 ==========
===== 第四十七次循环 ==========
===== 第四十七次循环 ==========
===== 第四十八次循环 ==========
===== 第四十八次循环 ==========
===== 第四十九次循环 ==========
===== 第四十九次循环 ==========
===== 第五十次循环 ==========
===== 第五十次循环 ==========
===== 第五十一次循环 ==========
===== 第五十一次循环 ==========