
当前 _$mr ->  30  _$ls ->  1 _$m2 ->  ['try{return (window instanceof Window);}catch(e){}']0: "try{return (window instanceof Window);}catch(e){}"length: 1[[Prototype]]: Array(0)
当前 _$mr ->  49  _$ls ->  1 _$m2 ->  [ƒ]
当前 _$mr ->  56  _$ls ->  1 _$m2 ->  [true]
当前 _$mr ->  49  _$ls ->  0 _$m2 ->  [true]
当前 _$mr ->  30  _$ls ->  1 _$m2 ->  ['try{return __filename;}catch(e){}']
当前 _$mr ->  49  _$ls ->  1 _$m2 ->  [ƒ]
当前 _$mr ->  56  _$ls ->  1 _$m2 ->  [undefined]
当前 _$mr ->  49  _$ls ->  0 _$m2 ->  [undefined]
当前 _$mr ->  30  _$ls ->  1 _$m2 ->  ['try{return __dirname;}catch(e){}']
当前 _$mr ->  49  _$ls ->  1 _$m2 ->  [ƒ]
当前 _$mr ->  56  _$ls ->  1 _$m2 ->  [undefined]
当前 _$mr ->  31  _$ls ->  0 _$m2 ->  [undefined]
当前 _$mr ->  58  _$ls ->  1 _$m2 ->  [true]
当前 _$mr ->  17  _$ls ->  1 _$m2 ->  [false]
当前 _$mr ->  17  _$ls ->  1 _$m2 ->  [false]
当前 _$mr ->  5  _$ls ->  1 _$m2 ->  [false]
当前 _$mr ->  3  _$ls ->  1 _$m2 ->  (3) [false, '', 'Mozilla/5.0 (Windows NT 10.0; Win64; x64) AppleWeb…KHTML, like Gecko) Chrome/115.0.0.0 Safari/537.36']
当前 _$mr ->  49  _$ls ->  0 _$m2 ->  (3) [false, '', 'Mozilla/5.0 (Windows NT 10.0; Win64; x64) AppleWeb…KHTML, like Gecko) Chrome/115.0.0.0 Safari/537.36']
当前 _$mr ->  12  _$ls ->  0 _$m2 ->  []
当前 _$mr ->  49  _$ls ->  1 _$m2 ->  [Window]
当前 _$mr ->  0  _$ls ->  2 _$m2 ->  (2) [Window, 'shenjian']
当前 _$mr ->  56  _$ls ->  1 _$m2 ->  (2) [undefined, 'shenjian']
当前 _$mr ->  31  _$ls ->  0 _$m2 ->  (2) [undefined, 'shenjian']
当前 _$mr ->  17  _$ls ->  1 _$m2 ->  (2) [undefined, 'shenjian']
当前 _$mr ->  56  _$ls ->  1 _$m2 ->  (2) [undefined, 'shenjian']
当前 _$mr ->  31  _$ls ->  0 _$m2 ->  (2) [undefined, 'shenjian']
当前 _$mr ->  17  _$ls ->  1 _$m2 ->  (2) [undefined, 'shenjian']
当前 _$mr ->  56  _$ls ->  1 _$m2 ->  (2) [undefined, 'shenjian']
当前 _$mr ->  31  _$ls ->  0 _$m2 ->  (2) [undefined, 'shenjian']
当前 _$mr ->  57  _$ls ->  1 _$m2 ->  (2) [undefined, 'shenjian']
当前 _$mr ->  31  _$ls ->  0 _$m2 ->  (2) [undefined, 'shenjian']
当前 _$mr ->  5  _$ls ->  1 _$m2 ->  (2) [undefined, 'shenjian']
当前 _$mr ->  3  _$ls ->  1 _$m2 ->  (3) [undefined, '', 'Mozilla/5.0 (Windows NT 10.0; Win64; x64) AppleWeb…KHTML, like Gecko) Chrome/115.0.0.0 Safari/537.36']
当前 _$mr ->  49  _$ls ->  0 _$m2 ->  (3) [undefined, '', 'Mozilla/5.0 (Windows NT 10.0; Win64; x64) AppleWeb…KHTML, like Gecko) Chrome/115.0.0.0 Safari/537.36']
当前 _$mr ->  12  _$ls ->  0 _$m2 ->  []
当前 _$mr ->  12  _$ls ->  1 _$m2 ->  [ƒ]
当前 _$mr ->  48  _$ls ->  2 _$m2 ->  (2) [ƒ, Array(96)]
当前 _$mr ->  0  _$ls ->  3 _$m2 ->  (3) [ƒ, Array(96), 15]
当前 _$mr ->  0  _$ls ->  2 _$m2 ->  (3) [ƒ, 'getOwnPropertyNames', 15]
当前 _$mr ->  56  _$ls ->  1 _$m2 ->  (3) [ƒ, 'getOwnPropertyNames', 15]
当前 _$mr ->  12  _$ls ->  0 _$m2 ->  (3) [ƒ, 'getOwnPropertyNames', 15]
当前 _$mr ->  49  _$ls ->  1 _$m2 ->  (3) [Window, 'getOwnPropertyNames', 15]
当前 _$mr ->  0  _$ls ->  2 _$m2 ->  (3) [Window, 'oldAlert', 15]
当前 _$mr ->  12  _$ls ->  1 _$m2 ->  (3) [undefined, 'oldAlert', 15]
当前 _$mr ->  42  _$ls ->  2 _$m2 ->  (3) [undefined, undefined, 15]
当前 _$mr ->  17  _$ls ->  1 _$m2 ->  (3) [false, undefined, 15]
当前 _$mr ->  17  _$ls ->  1 _$m2 ->  (3) [false, undefined, 15]
当前 _$mr ->  17  _$ls ->  1 _$m2 ->  (3) [false, undefined, 15]
当前 _$mr ->  17  _$ls ->  1 _$m2 ->  (3) [false, undefined, 15]
当前 _$mr ->  56  _$ls ->  1 _$m2 ->  (3) [false, undefined, 15]
当前 _$mr ->  31  _$ls ->  0 _$m2 ->  (3) [false, undefined, 15]
当前 _$mr ->  5  _$ls ->  1 _$m2 ->  (3) [false, undefined, 15]
当前 _$mr ->  3  _$ls ->  1 _$m2 ->  (3) [false, '', 'Mozilla/5.0 (Windows NT 10.0; Win64; x64) AppleWeb…KHTML, like Gecko) Chrome/115.0.0.0 Safari/537.36']
当前 _$mr ->  12  _$ls ->  0 _$m2 ->  (3) [false, '', 'Mozilla/5.0 (Windows NT 10.0; Win64; x64) AppleWeb…KHTML, like Gecko) Chrome/115.0.0.0 Safari/537.36']
当前 _$mr ->  49  _$ls ->  1 _$m2 ->  (3) [Window, '', 'Mozilla/5.0 (Windows NT 10.0; Win64; x64) AppleWeb…KHTML, like Gecko) Chrome/115.0.0.0 Safari/537.36']
当前 _$mr ->  0  _$ls ->  2 _$m2 ->  (3) [Window, 'Call', 'Mozilla/5.0 (Windows NT 10.0; Win64; x64) AppleWeb…KHTML, like Gecko) Chrome/115.0.0.0 Safari/537.36']
当前 _$mr ->  17  _$ls ->  1 _$m2 ->  (3) [undefined, 'Call', 'Mozilla/5.0 (Windows NT 10.0; Win64; x64) AppleWeb…KHTML, like Gecko) Chrome/115.0.0.0 Safari/537.36']
当前 _$mr ->  17  _$ls ->  1 _$m2 ->  (3) [undefined, 'Call', 'Mozilla/5.0 (Windows NT 10.0; Win64; x64) AppleWeb…KHTML, like Gecko) Chrome/115.0.0.0 Safari/537.36']
当前 _$mr ->  3  _$ls ->  1 _$m2 ->  (3) [undefined, 'Call', 'Mozilla/5.0 (Windows NT 10.0; Win64; x64) AppleWeb…KHTML, like Gecko) Chrome/115.0.0.0 Safari/537.36']
当前 _$mr ->  12  _$ls ->  0 _$m2 ->  (3) [undefined, 'Call', 'Mozilla/5.0 (Windows NT 10.0; Win64; x64) AppleWeb…KHTML, like Gecko) Chrome/115.0.0.0 Safari/537.36']
当前 _$mr ->  49  _$ls ->  1 _$m2 ->  (3) [Window, 'Call', 'Mozilla/5.0 (Windows NT 10.0; Win64; x64) AppleWeb…KHTML, like Gecko) Chrome/115.0.0.0 Safari/537.36']
当前 _$mr ->  8  _$ls ->  2 _$m2 ->  (3) [Window, 'badboy', 'Mozilla/5.0 (Windows NT 10.0; Win64; x64) AppleWeb…KHTML, like Gecko) Chrome/115.0.0.0 Safari/537.36']
当前 _$mr ->  38  _$ls ->  0 _$m2 ->  []
当前 _$mr ->  38  _$ls ->  1 _$m2 ->  [Window]
当前 _$mr ->  0  _$ls ->  2 _$m2 ->  (2) [Window, 'badboy']
当前 _$mr ->  12  _$ls ->  1 _$m2 ->  (2) [undefined, 'badboy']
当前 _$mr ->  32  _$ls ->  2 _$m2 ->  (2) [undefined, undefined]
当前 _$mr ->  5  _$ls ->  1 _$m2 ->  (2) [false, undefined]
当前 _$mr ->  3  _$ls ->  1 _$m2 ->  (3) [false, 'badboy', 'Mozilla/5.0 (Windows NT 10.0; Win64; x64) AppleWeb…KHTML, like Gecko) Chrome/115.0.0.0 Safari/537.36']
当前 _$mr ->  49  _$ls ->  0 _$m2 ->  (3) [false, 'badboy', 'Mozilla/5.0 (Windows NT 10.0; Win64; x64) AppleWeb…KHTML, like Gecko) Chrome/115.0.0.0 Safari/537.36']
当前 _$mr ->  12  _$ls ->  1 _$m2 ->  (3) ['__nightmare', 'badboy', 'Mozilla/5.0 (Windows NT 10.0; Win64; x64) AppleWeb…KHTML, like Gecko) Chrome/115.0.0.0 Safari/537.36']
当前 _$mr ->  14  _$ls ->  2 _$m2 ->  (3) ['__nightmare', Window, 'Mozilla/5.0 (Windows NT 10.0; Win64; x64) AppleWeb…KHTML, like Gecko) Chrome/115.0.0.0 Safari/537.36']
当前 _$mr ->  3  _$ls ->  1 _$m2 ->  (3) [false, Window, 'Mozilla/5.0 (Windows NT 10.0; Win64; x64) AppleWeb…KHTML, like Gecko) Chrome/115.0.0.0 Safari/537.36']
当前 _$mr ->  49  _$ls ->  0 _$m2 ->  (3) [false, Window, 'Mozilla/5.0 (Windows NT 10.0; Win64; x64) AppleWeb…KHTML, like Gecko) Chrome/115.0.0.0 Safari/537.36']
当前 _$mr ->  12  _$ls ->  0 _$m2 ->  []
当前 _$mr ->  12  _$ls ->  1 _$m2 ->  [document]
当前 _$mr ->  48  _$ls ->  2 _$m2 ->  (2) [document, Array(96)]
当前 _$mr ->  0  _$ls ->  3 _$m2 ->  (3) [document, Array(96), 66]
当前 _$mr ->  49  _$ls ->  2 _$m2 ->  (3) [document, 'getElementById', 66]
当前 _$mr ->  53  _$ls ->  3 _$m2 ->  (3) [document, 'getElementById', 'root-hammerhead-shadow-ui']0: documentlocation: Location {ancestorOrigins: DOMStringList, href: 'http://scjg.gansu.gov.cn/guestweb4/s?siteCode=6200…F%9D%E5%81%A5%E9%A3%9F%E5%93%81%E5%A4%87%E6%A1%88', origin: 'http://scjg.gansu.gov.cn', protocol: 'http:', host: 'scjg.gansu.gov.cn', …}URL: "http://scjg.gansu.gov.cn/guestweb4/s?siteCode=6200000052&checkHandle=1&pageSize=10&left_right_index=0&searchWord=%E4%BF%9D%E5%81%A5%E9%A3%9F%E5%93%81%E5%A4%87%E6%A1%88"activeElement: nulladoptedStyleSheets: Proxy(Array) {}alinkColor: ""all: HTMLAllCollection(3) [html, head, meta]anchors: HTMLCollection []applets: HTMLCollection []baseURI: "http://scjg.gansu.gov.cn/guestweb4/s?siteCode=6200000052&checkHandle=1&pageSize=10&left_right_index=0&searchWord=%E4%BF%9D%E5%81%A5%E9%A3%9F%E5%93%81%E5%A4%87%E6%A1%88"bgColor: ""body: nullcharacterSet: "UTF-8"charset: "UTF-8"childElementCount: 1childNodes: NodeList(2) [<!DOCTYPE html>, html]children: HTMLCollection [html]compatMode: "CSS1Compat"contentType: "text/html"cookie: "enable_undefined=true"currentScript: scriptdefaultView: Window {window: Window, self: Window, document: document, name: '', location: Location, …}designMode: "off"dir: ""doctype: <!DOCTYPE html>documentElement: htmldocumentURI: "http://scjg.gansu.gov.cn/guestweb4/s?siteCode=6200000052&checkHandle=1&pageSize=10&left_right_index=0&searchWord=%E4%BF%9D%E5%81%A5%E9%A3%9F%E5%93%81%E5%A4%87%E6%A1%88"domain: "scjg.gansu.gov.cn"embeds: HTMLCollection []featurePolicy: FeaturePolicy {}fgColor: ""firstChild: <!DOCTYPE html>firstElementChild: htmlfonts: FontFaceSet {onloading: null, onloadingdone: null, onloadingerror: null, ready: Promise, status: 'loaded', …}forms: HTMLCollection []fragmentDirective: FragmentDirective {}fullscreen: falsefullscreenElement: nullfullscreenEnabled: truehead: headhidden: trueimages: HTMLCollection []implementation: DOMImplementation {}inputEncoding: "UTF-8"isConnected: truelastChild: htmllastElementChild: htmllastModified: "08/09/2023 16:39:31"linkColor: ""links: HTMLCollection []nextSibling: nullnodeName: "#document"nodeType: 9nodeValue: nullonabort: nullonanimationend: nullonanimationiteration: nullonanimationstart: nullonauxclick: nullonbeforecopy: nullonbeforecut: nullonbeforeinput: nullonbeforematch: nullonbeforepaste: nullonbeforetoggle: nullonbeforexrselect: nullonblur: nulloncancel: nulloncanplay: nulloncanplaythrough: nullonchange: nullonclick: nullonclose: nulloncontentvisibilityautostatechange: nulloncontextlost: nulloncontextmenu: nulloncontextrestored: nulloncopy: nulloncuechange: nulloncut: nullondblclick: nullondrag: nullondragend: nullondragenter: nullondragleave: nullondragover: nullondragstart: nullondrop: nullondurationchange: nullonemptied: nullonended: nullonerror: nullonfocus: nullonformdata: nullonfreeze: nullonfullscreenchange: nullonfullscreenerror: nullongotpointercapture: nulloninput: nulloninvalid: nullonkeydown: nullonkeypress: nullonkeyup: nullonload: nullonloadeddata: nullonloadedmetadata: nullonloadstart: nullonlostpointercapture: nullonmousedown: nullonmouseenter: nullonmouseleave: nullonmousemove: nullonmouseout: nullonmouseover: nullonmouseup: nullonmousewheel: nullonpaste: nullonpause: nullonplay: nullonplaying: nullonpointercancel: nullonpointerdown: nullonpointerenter: nullonpointerleave: nullonpointerlockchange: nullonpointerlockerror: nullonpointermove: nullonpointerout: nullonpointerover: nullonpointerrawupdate: nullonpointerup: nullonprerenderingchange: nullonprogress: nullonratechange: nullonreadystatechange: nullonreset: nullonresize: nullonresume: nullonscroll: nullonscrollend: nullonsearch: nullonsecuritypolicyviolation: nullonseeked: nullonseeking: nullonselect: nullonselectionchange: nullonselectstart: nullonslotchange: nullonstalled: nullonsubmit: nullonsuspend: nullontimeupdate: nullontoggle: nullontransitioncancel: nullontransitionend: nullontransitionrun: nullontransitionstart: nullonvisibilitychange: nullonvolumechange: nullonwaiting: nullonwebkitanimationend: nullonwebkitanimationiteration: nullonwebkitanimationstart: nullonwebkitfullscreenchange: nullonwebkitfullscreenerror: nullonwebkittransitionend: nullonwheel: nullownerDocument: nullparentElement: nullparentNode: nullpictureInPictureElement: nullpictureInPictureEnabled: trueplugins: HTMLCollection []pointerLockElement: nullprerendering: falsepreviousSibling: nullreadyState: "loading"referrer: ""rootElement: nullscripts: HTMLCollection []scrollingElement: htmlstyleSheets: StyleSheetList {length: 0}textContent: nulltimeline: DocumentTimeline {currentTime: 0, duration: null}title: ""visibilityState: "hidden"vlinkColor: ""wasDiscarded: falsewebkitCurrentFullScreenElement: nullwebkitFullscreenElement: nullwebkitFullscreenEnabled: truewebkitHidden: truewebkitIsFullScreen: falsewebkitVisibilityState: "hidden"xmlEncoding: nullxmlStandalone: falsexmlVersion: null[[Prototype]]: HTMLDocument1: "getElementById"2: "root-hammerhead-shadow-ui"length: 3[[Prototype]]: Array(0)
document.getElementById('root-hammerhead-shadow-ui')
null
当前 _$mr ->  3  _$ls ->  1 _$m2 ->  (3) [null, 'getElementById', 'root-hammerhead-shadow-ui']
当前 _$mr ->  49  _$ls ->  0 _$m2 ->  (3) [null, 'getElementById', 'root-hammerhead-shadow-ui']
当前 _$mr ->  56  _$ls ->  1 _$m2 ->  (3) ['%hammerhead%,%testCafeCore%,%testCafeDriver%,%testCafeIframeDriver%,%testCafeAutomation%', 'getElementById', 'root-hammerhead-shadow-ui']
当前 _$mr ->  49  _$ls ->  0 _$m2 ->  (3) ['%hammerhead%,%testCafeCore%,%testCafeDriver%,%testCafeIframeDriver%,%testCafeAutomation%', 'getElementById', 'root-hammerhead-shadow-ui']
当前 _$mr ->  56  _$ls ->  1 _$m2 ->  (3) ['hammerhead|document-charset,hammerhead|document-ur…g-events-storage-prop,hammerhead|location-wrapper', 'getElementById', 'root-hammerhead-shadow-ui']
当前 _$mr ->  12  _$ls ->  0 _$m2 ->  (3) ['hammerhead|document-charset,hammerhead|document-ur…g-events-storage-prop,hammerhead|location-wrapper', 'getElementById', 'root-hammerhead-shadow-ui']
当前 _$mr ->  31  _$ls ->  1 _$m2 ->  (3) [Window, 'getElementById', 'root-hammerhead-shadow-ui']
当前 _$mr ->  8  _$ls ->  2 _$m2 ->  (3) [Window, '%hammerhead%,%testCafeCore%,%testCafeDriver%,%testCafeIframeDriver%,%testCafeAutomation%', 'root-hammerhead-shadow-ui']
当前 _$mr ->  12  _$ls ->  0 _$m2 ->  []
当前 _$mr ->  12  _$ls ->  1 _$m2 ->  [ƒ]
当前 _$mr ->  48  _$ls ->  2 _$m2 ->  (2) [ƒ, Array(96)]
当前 _$mr ->  0  _$ls ->  3 _$m2 ->  (3) [ƒ, Array(96), 26]
当前 _$mr ->  38  _$ls ->  2 _$m2 ->  (3) [ƒ, 'call', 26]
当前 _$mr ->  12  _$ls ->  3 _$m2 ->  (3) [ƒ, 'call', '%hammerhead%,%testCafeCore%,%testCafeDriver%,%testCafeIframeDriver%,%testCafeAutomation%']
当前 _$mr ->  48  _$ls ->  4 _$m2 ->  (4) [ƒ, 'call', '%hammerhead%,%testCafeCore%,%testCafeDriver%,%testCafeIframeDriver%,%testCafeAutomation%', Array(96)]
当前 _$mr ->  0  _$ls ->  5 _$m2 ->  (5) [ƒ, 'call', '%hammerhead%,%testCafeCore%,%testCafeDriver%,%testCafeIframeDriver%,%testCafeAutomation%', Array(96), 7]
当前 _$mr ->  1  _$ls ->  4 _$m2 ->  (5) [ƒ, 'call', '%hammerhead%,%testCafeCore%,%testCafeDriver%,%testCafeIframeDriver%,%testCafeAutomation%', ',', 7]
当前 _$mr ->  56  _$ls ->  1 _$m2 ->  (5) [Array(5), 'call', '%hammerhead%,%testCafeCore%,%testCafeDriver%,%testCafeIframeDriver%,%testCafeAutomation%', ',', 7]
 当前 _$mr ->  48  _$ls ->  0 _$m2 ->  (5) [Array(5), 'call', '%hammerhead%,%testCafeCore%,%testCafeDriver%,%testCafeIframeDriver%,%testCafeAutomation%', ',', 7]
 当前 _$mr ->  56  _$ls ->  1 _$m2 ->  (5) [0, 'call', '%hammerhead%,%testCafeCore%,%testCafeDriver%,%testCafeIframeDriver%,%testCafeAutomation%', ',', 7]
 当前 _$mr ->  31  _$ls ->  0 _$m2 ->  (5) [0, 'call', '%hammerhead%,%testCafeCore%,%testCafeDriver%,%testCafeIframeDriver%,%testCafeAutomation%', ',', 7]
 当前 _$mr ->  38  _$ls ->  1 _$m2 ->  (5) [0, 'call', '%hammerhead%,%testCafeCore%,%testCafeDriver%,%testCafeIframeDriver%,%testCafeAutomation%', ',', 7]
 当前 _$mr ->  12  _$ls ->  2 _$m2 ->  (5) [0, Array(5), '%hammerhead%,%testCafeCore%,%testCafeDriver%,%testCafeIframeDriver%,%testCafeAutomation%', ',', 7]
 当前 _$mr ->  48  _$ls ->  3 _$m2 ->  (5) [0, Array(5), Array(96), ',', 7]
 当前 _$mr ->  0  _$ls ->  4 _$m2 ->  (5) [0, Array(5), Array(96), 39, 7]
 当前 _$mr ->  0  _$ls ->  3 _$m2 ->  (5) [0, Array(5), 'length', 39, 7]
 当前 _$mr ->  52  _$ls ->  2 _$m2 ->  (5) [0, 5, 'length', 39, 7]
 当前 _$mr ->  3  _$ls ->  1 _$m2 ->  (5) [true, 5, 'length', 39, 7]
 当前 _$mr ->  38  _$ls ->  0 _$m2 ->  (5) [true, 5, 'length', 39, 7]
 当前 _$mr ->  38  _$ls ->  1 _$m2 ->  (5) [Window, 5, 'length', 39, 7]
 当前 _$mr ->  31  _$ls ->  2 _$m2 ->  (5) [Window, Array(5), 'length', 39, 7]
 当前 _$mr ->  0  _$ls ->  3 _$m2 ->  (5) [Window, Array(5), 0, 39, 7]
 当前 _$mr ->  0  _$ls ->  2 _$m2 ->  (5) [Window, '%hammerhead%', 0, 39, 7]
 当前 _$mr ->  12  _$ls ->  1 _$m2 ->  (5) [undefined, '%hammerhead%', 0, 39, 7]
 当前 _$mr ->  32  _$ls ->  2 _$m2 ->  (5) [undefined, undefined, 0, 39, 7]
 当前 _$mr ->  3  _$ls ->  1 _$m2 ->  (5) [false, undefined, 0, 39, 7]
 当前 _$mr ->  24  _$ls ->  0 _$m2 ->  (5) [false, undefined, 0, 39, 7]
 当前 _$mr ->  55  _$ls ->  0 _$m2 ->  (5) [false, undefined, 0, 39, 7]
当前 _$mr ->  20  _$ls ->  0 _$m2 ->  (5) [false, undefined, 0, 39, 7]
当前 _$mr ->  31  _$ls ->  0 _$m2 ->  (5) [false, undefined, 0, 39, 7]
当前 _$mr ->  38  _$ls ->  1 _$m2 ->  (5) [1, undefined, 0, 39, 7]
当前 _$mr ->  12  _$ls ->  2 _$m2 ->  (5) [1, Array(5), 0, 39, 7]
当前 _$mr ->  48  _$ls ->  3 _$m2 ->  (5) [1, Array(5), Array(96), 39, 7]
当前 _$mr ->  0  _$ls ->  4 _$m2 ->  (5) [1, Array(5), Array(96), 39, 7]
当前 _$mr ->  0  _$ls ->  3 _$m2 ->  (5) [1, Array(5), 'length', 39, 7]
当前 _$mr ->  52  _$ls ->  2 _$m2 ->  (5) [1, 5, 'length', 39, 7]
当前 _$mr ->  3  _$ls ->  1 _$m2 ->  (5) [true, 5, 'length', 39, 7]
当前 _$mr ->  38  _$ls ->  0 _$m2 ->  (5) [true, 5, 'length', 39, 7]
当前 _$mr ->  38  _$ls ->  1 _$m2 ->  (5) [Window, 5, 'length', 39, 7]
当前 _$mr ->  31  _$ls ->  2 _$m2 ->  (5) [Window, Array(5), 'length', 39, 7]
当前 _$mr ->  0  _$ls ->  3 _$m2 ->  (5) [Window, Array(5), 1, 39, 7]
当前 _$mr ->  0  _$ls ->  2 _$m2 ->  (5) [Window, '%testCafeCore%', 1, 39, 7]
当前 _$mr ->  12  _$ls ->  1 _$m2 ->  (5) [undefined, '%testCafeCore%', 1, 39, 7]
当前 _$mr ->  32  _$ls ->  2 _$m2 ->  (5) [undefined, undefined, 1, 39, 7]
当前 _$mr ->  3  _$ls ->  1 _$m2 ->  (5) [false, undefined, 1, 39, 7]
当前 _$mr ->  24  _$ls ->  0 _$m2 ->  (5) [false, undefined, 1, 39, 7]
当前 _$mr ->  55  _$ls ->  0 _$m2 ->  (5) [false, undefined, 1, 39, 7]
当前 _$mr ->  20  _$ls ->  0 _$m2 ->  (5) [false, undefined, 1, 39, 7]
当前 _$mr ->  31  _$ls ->  0 _$m2 ->  (5) [false, undefined, 1, 39, 7]
当前 _$mr ->  38  _$ls ->  1 _$m2 ->  (5) [2, undefined, 1, 39, 7]
当前 _$mr ->  12  _$ls ->  2 _$m2 ->  (5) [2, Array(5), 1, 39, 7]
当前 _$mr ->  48  _$ls ->  3 _$m2 ->  (5) [2, Array(5), Array(96), 39, 7]
当前 _$mr ->  0  _$ls ->  4 _$m2 ->  (5) [2, Array(5), Array(96), 39, 7]
当前 _$mr ->  0  _$ls ->  3 _$m2 ->  (5) [2, Array(5), 'length', 39, 7]
当前 _$mr ->  52  _$ls ->  2 _$m2 ->  (5) [2, 5, 'length', 39, 7]
当前 _$mr ->  3  _$ls ->  1 _$m2 ->  (5) [true, 5, 'length', 39, 7]
当前 _$mr ->  38  _$ls ->  0 _$m2 ->  (5) [true, 5, 'length', 39, 7]
当前 _$mr ->  38  _$ls ->  1 _$m2 ->  (5) [Window, 5, 'length', 39, 7]
当前 _$mr ->  31  _$ls ->  2 _$m2 ->  (5) [Window, Array(5), 'length', 39, 7]
当前 _$mr ->  0  _$ls ->  3 _$m2 ->  (5) [Window, Array(5), 2, 39, 7]
当前 _$mr ->  0  _$ls ->  2 _$m2 ->  (5) [Window, '%testCafeDriver%', 2, 39, 7]
当前 _$mr ->  12  _$ls ->  1 _$m2 ->  (5) [undefined, '%testCafeDriver%', 2, 39, 7]
当前 _$mr ->  32  _$ls ->  2 _$m2 ->  (5) [undefined, undefined, 2, 39, 7]
 当前 _$mr ->  3  _$ls ->  1 _$m2 ->  (5) [false, undefined, 2, 39, 7]
 当前 _$mr ->  24  _$ls ->  0 _$m2 ->  (5) [false, undefined, 2, 39, 7]
 当前 _$mr ->  55  _$ls ->  0 _$m2 ->  (5) [false, undefined, 2, 39, 7]
 当前 _$mr ->  20  _$ls ->  0 _$m2 ->  (5) [false, undefined, 2, 39, 7]
 当前 _$mr ->  31  _$ls ->  0 _$m2 ->  (5) [false, undefined, 2, 39, 7]
 当前 _$mr ->  38  _$ls ->  1 _$m2 ->  (5) [3, undefined, 2, 39, 7]
 当前 _$mr ->  12  _$ls ->  2 _$m2 ->  (5) [3, Array(5), 2, 39, 7]
 当前 _$mr ->  48  _$ls ->  3 _$m2 ->  (5) [3, Array(5), Array(96), 39, 7]
 当前 _$mr ->  0  _$ls ->  4 _$m2 ->  (5) [3, Array(5), Array(96), 39, 7]
 当前 _$mr ->  0  _$ls ->  3 _$m2 ->  (5) [3, Array(5), 'length', 39, 7]
 当前 _$mr ->  52  _$ls ->  2 _$m2 ->  (5) [3, 5, 'length', 39, 7]
 当前 _$mr ->  3  _$ls ->  1 _$m2 ->  (5) [true, 5, 'length', 39, 7]
 当前 _$mr ->  38  _$ls ->  0 _$m2 ->  (5) [true, 5, 'length', 39, 7]
 当前 _$mr ->  38  _$ls ->  1 _$m2 ->  (5) [Window, 5, 'length', 39, 7]
 当前 _$mr ->  31  _$ls ->  2 _$m2 ->  (5) [Window, Array(5), 'length', 39, 7]
 当前 _$mr ->  0  _$ls ->  3 _$m2 ->  (5) [Window, Array(5), 3, 39, 7]
 当前 _$mr ->  0  _$ls ->  2 _$m2 ->  (5) [Window, '%testCafeIframeDriver%', 3, 39, 7]
 当前 _$mr ->  12  _$ls ->  1 _$m2 ->  (5) [undefined, '%testCafeIframeDriver%', 3, 39, 7]
 当前 _$mr ->  32  _$ls ->  2 _$m2 ->  (5) [undefined, undefined, 3, 39, 7]
 当前 _$mr ->  3  _$ls ->  1 _$m2 ->  (5) [false, undefined, 3, 39, 7]
 当前 _$mr ->  24  _$ls ->  0 _$m2 ->  (5) [false, undefined, 3, 39, 7]
 当前 _$mr ->  55  _$ls ->  0 _$m2 ->  (5) [false, undefined, 3, 39, 7]
 当前 _$mr ->  20  _$ls ->  0 _$m2 ->  (5) [false, undefined, 3, 39, 7]
 当前 _$mr ->  31  _$ls ->  0 _$m2 ->  (5) [false, undefined, 3, 39, 7]
 当前 _$mr ->  38  _$ls ->  1 _$m2 ->  (5) [4, undefined, 3, 39, 7]
 当前 _$mr ->  12  _$ls ->  2 _$m2 ->  (5) [4, Array(5), 3, 39, 7]
 当前 _$mr ->  48  _$ls ->  3 _$m2 ->  (5) [4, Array(5), Array(96), 39, 7]
 当前 _$mr ->  0  _$ls ->  4 _$m2 ->  (5) [4, Array(5), Array(96), 39, 7]
 当前 _$mr ->  0  _$ls ->  3 _$m2 ->  (5) [4, Array(5), 'length', 39, 7]
 当前 _$mr ->  52  _$ls ->  2 _$m2 ->  (5) [4, 5, 'length', 39, 7]
 当前 _$mr ->  3  _$ls ->  1 _$m2 ->  (5) [true, 5, 'length', 39, 7]
 当前 _$mr ->  38  _$ls ->  0 _$m2 ->  (5) [true, 5, 'length', 39, 7]
 当前 _$mr ->  38  _$ls ->  1 _$m2 ->  (5) [Window, 5, 'length', 39, 7]
 当前 _$mr ->  31  _$ls ->  2 _$m2 ->  (5) [Window, Array(5), 'length', 39, 7]
 当前 _$mr ->  0  _$ls ->  3 _$m2 ->  (5) [Window, Array(5), 4, 39, 7]
 当前 _$mr ->  0  _$ls ->  2 _$m2 ->  (5) [Window, '%testCafeAutomation%', 4, 39, 7]
 当前 _$mr ->  12  _$ls ->  1 _$m2 ->  (5) [undefined, '%testCafeAutomation%', 4, 39, 7]
 当前 _$mr ->  32  _$ls ->  2 _$m2 ->  (5) [undefined, undefined, 4, 39, 7]
 当前 _$mr ->  3  _$ls ->  1 _$m2 ->  (5) [false, undefined, 4, 39, 7]
 当前 _$mr ->  24  _$ls ->  0 _$m2 ->  (5) [false, undefined, 4, 39, 7]
 当前 _$mr ->  55  _$ls ->  0 _$m2 ->  (5) [false, undefined, 4, 39, 7]
 当前 _$mr ->  20  _$ls ->  0 _$m2 ->  (5) [false, undefined, 4, 39, 7]
 当前 _$mr ->  31  _$ls ->  0 _$m2 ->  (5) [false, undefined, 4, 39, 7]
 当前 _$mr ->  38  _$ls ->  1 _$m2 ->  (5) [5, undefined, 4, 39, 7]
 当前 _$mr ->  12  _$ls ->  2 _$m2 ->  (5) [5, Array(5), 4, 39, 7]
 当前 _$mr ->  48  _$ls ->  3 _$m2 ->  (5) [5, Array(5), Array(96), 39, 7]
 当前 _$mr ->  0  _$ls ->  4 _$m2 ->  (5) [5, Array(5), Array(96), 39, 7]
 当前 _$mr ->  0  _$ls ->  3 _$m2 ->  (5) [5, Array(5), 'length', 39, 7]
 当前 _$mr ->  52  _$ls ->  2 _$m2 ->  (5) [5, 5, 'length', 39, 7]
 当前 _$mr ->  3  _$ls ->  1 _$m2 ->  (5) [false, 5, 'length', 39, 7]
 当前 _$mr ->  57  _$ls ->  1 _$m2 ->  (3) [undefined, '%hammerhead%,%testCafeCore%,%testCafeDriver%,%testCafeIframeDriver%,%testCafeAutomation%', 'root-hammerhead-shadow-ui']
当前 _$mr ->  12  _$ls ->  0 _$m2 ->  (3) [undefined, '%hammerhead%,%testCafeCore%,%testCafeDriver%,%testCafeIframeDriver%,%testCafeAutomation%', 'root-hammerhead-shadow-ui']
当前 _$mr ->  31  _$ls ->  1 _$m2 ->  (3) [document, '%hammerhead%,%testCafeCore%,%testCafeDriver%,%testCafeIframeDriver%,%testCafeAutomation%', 'root-hammerhead-shadow-ui']
当前 _$mr ->  8  _$ls ->  2 _$m2 ->  (3) [document, 'hammerhead|document-charset,hammerhead|document-ur…g-events-storage-prop,hammerhead|location-wrapper', 'root-hammerhead-shadow-ui']
当前 _$mr ->  12  _$ls ->  0 _$m2 ->  []
当前 _$mr ->  12  _$ls ->  1 _$m2 ->  [ƒ]
当前 _$mr ->  48  _$ls ->  2 _$m2 ->  (2) [ƒ, Array(96)]
当前 _$mr ->  0  _$ls ->  3 _$m2 ->  (3) [ƒ, Array(96), 26]
当前 _$mr ->  38  _$ls ->  2 _$m2 ->  (3) [ƒ, 'call', 26]
当前 _$mr ->  12  _$ls ->  3 _$m2 ->  (3) [ƒ, 'call', 'hammerhead|document-charset,hammerhead|document-ur…g-events-storage-prop,hammerhead|location-wrapper']
当前 _$mr ->  48  _$ls ->  4 _$m2 ->  (4) [ƒ, 'call', 'hammerhead|document-charset,hammerhead|document-ur…g-events-storage-prop,hammerhead|location-wrapper', Array(96)]
当前 _$mr ->  0  _$ls ->  5 _$m2 ->  (5) [ƒ, 'call', 'hammerhead|document-charset,hammerhead|document-ur…g-events-storage-prop,hammerhead|location-wrapper', Array(96), 7]
当前 _$mr ->  1  _$ls ->  4 _$m2 ->  (5) [ƒ, 'call', 'hammerhead|document-charset,hammerhead|document-ur…g-events-storage-prop,hammerhead|location-wrapper', ',', 7]
当前 _$mr ->  56  _$ls ->  1 _$m2 ->  (5) [Array(4), 'call', 'hammerhead|document-charset,hammerhead|document-ur…g-events-storage-prop,hammerhead|location-wrapper', ',', 7]
当前 _$mr ->  48  _$ls ->  0 _$m2 ->  (5) [Array(4), 'call', 'hammerhead|document-charset,hammerhead|document-ur…g-events-storage-prop,hammerhead|location-wrapper', ',', 7]
当前 _$mr ->  56  _$ls ->  1 _$m2 ->  (5) [0, 'call', 'hammerhead|document-charset,hammerhead|document-ur…g-events-storage-prop,hammerhead|location-wrapper', ',', 7]
当前 _$mr ->  31  _$ls ->  0 _$m2 ->  (5) [0, 'call', 'hammerhead|document-charset,hammerhead|document-ur…g-events-storage-prop,hammerhead|location-wrapper', ',', 7]
当前 _$mr ->  38  _$ls ->  1 _$m2 ->  (5) [0, 'call', 'hammerhead|document-charset,hammerhead|document-ur…g-events-storage-prop,hammerhead|location-wrapper', ',', 7]
当前 _$mr ->  12  _$ls ->  2 _$m2 ->  (5) [0, Array(4), 'hammerhead|document-charset,hammerhead|document-ur…g-events-storage-prop,hammerhead|location-wrapper', ',', 7]
当前 _$mr ->  48  _$ls ->  3 _$m2 ->  (5) [0, Array(4), Array(96), ',', 7]
当前 _$mr ->  0  _$ls ->  4 _$m2 ->  (5) [0, Array(4), Array(96), 39, 7]
当前 _$mr ->  0  _$ls ->  3 _$m2 ->  (5) [0, Array(4), 'length', 39, 7]
当前 _$mr ->  52  _$ls ->  2 _$m2 ->  (5) [0, 4, 'length', 39, 7]
当前 _$mr ->  3  _$ls ->  1 _$m2 ->  (5) [true, 4, 'length', 39, 7]
当前 _$mr ->  38  _$ls ->  0 _$m2 ->  (5) [true, 4, 'length', 39, 7]
当前 _$mr ->  38  _$ls ->  1 _$m2 ->  (5) [document, 4, 'length', 39, 7]
当前 _$mr ->  31  _$ls ->  2 _$m2 ->  (5) [document, Array(4), 'length', 39, 7]
当前 _$mr ->  0  _$ls ->  3 _$m2 ->  (5) [document, Array(4), 0, 39, 7]
当前 _$mr ->  0  _$ls ->  2 _$m2 ->  (5) [document, 'hammerhead|document-charset', 0, 39, 7]
当前 _$mr ->  12  _$ls ->  1 _$m2 ->  (5) [undefined, 'hammerhead|document-charset', 0, 39, 7]
当前 _$mr ->  32  _$ls ->  2 _$m2 ->  (5) [undefined, undefined, 0, 39, 7]
当前 _$mr ->  3  _$ls ->  1 _$m2 ->  (5) [false, undefined, 0, 39, 7]
当前 _$mr ->  24  _$ls ->  0 _$m2 ->  (5) [false, undefined, 0, 39, 7]
当前 _$mr ->  55  _$ls ->  0 _$m2 ->  (5) [false, undefined, 0, 39, 7]
当前 _$mr ->  20  _$ls ->  0 _$m2 ->  (5) [false, undefined, 0, 39, 7]
当前 _$mr ->  31  _$ls ->  0 _$m2 ->  (5) [false, undefined, 0, 39, 7]
 当前 _$mr ->  38  _$ls ->  1 _$m2 ->  (5) [1, undefined, 0, 39, 7]
 当前 _$mr ->  12  _$ls ->  2 _$m2 ->  (5) [1, Array(4), 0, 39, 7]
 当前 _$mr ->  48  _$ls ->  3 _$m2 ->  (5) [1, Array(4), Array(96), 39, 7]
 当前 _$mr ->  0  _$ls ->  4 _$m2 ->  (5) [1, Array(4), Array(96), 39, 7]
 当前 _$mr ->  0  _$ls ->  3 _$m2 ->  (5) [1, Array(4), 'length', 39, 7]
 当前 _$mr ->  52  _$ls ->  2 _$m2 ->  (5) [1, 4, 'length', 39, 7]
 当前 _$mr ->  3  _$ls ->  1 _$m2 ->  (5) [true, 4, 'length', 39, 7]
 当前 _$mr ->  38  _$ls ->  0 _$m2 ->  (5) [true, 4, 'length', 39, 7]
 当前 _$mr ->  38  _$ls ->  1 _$m2 ->  (5) [document, 4, 'length', 39, 7]
 当前 _$mr ->  31  _$ls ->  2 _$m2 ->  (5) [document, Array(4), 'length', 39, 7]
 当前 _$mr ->  0  _$ls ->  3 _$m2 ->  (5) [document, Array(4), 1, 39, 7]
 当前 _$mr ->  0  _$ls ->  2 _$m2 ->  (5) [document, 'hammerhead|document-url-resolver', 1, 39, 7]
 当前 _$mr ->  12  _$ls ->  1 _$m2 ->  (5) [undefined, 'hammerhead|document-url-resolver', 1, 39, 7]
 当前 _$mr ->  32  _$ls ->  2 _$m2 ->  (5) [undefined, undefined, 1, 39, 7]
 当前 _$mr ->  3  _$ls ->  1 _$m2 ->  (5) [false, undefined, 1, 39, 7]
 当前 _$mr ->  24  _$ls ->  0 _$m2 ->  (5) [false, undefined, 1, 39, 7]
 当前 _$mr ->  55  _$ls ->  0 _$m2 ->  (5) [false, undefined, 1, 39, 7]
 当前 _$mr ->  20  _$ls ->  0 _$m2 ->  (5) [false, undefined, 1, 39, 7]
 当前 _$mr ->  31  _$ls ->  0 _$m2 ->  (5) [false, undefined, 1, 39, 7]
 当前 _$mr ->  38  _$ls ->  1 _$m2 ->  (5) [2, undefined, 1, 39, 7]
 当前 _$mr ->  12  _$ls ->  2 _$m2 ->  (5) [2, Array(4), 1, 39, 7]
 当前 _$mr ->  48  _$ls ->  3 _$m2 ->  (5) [2, Array(4), Array(96), 39, 7]
 当前 _$mr ->  0  _$ls ->  4 _$m2 ->  (5) [2, Array(4), Array(96), 39, 7]
 当前 _$mr ->  0  _$ls ->  3 _$m2 ->  (5) [2, Array(4), 'length', 39, 7]
 当前 _$mr ->  52  _$ls ->  2 _$m2 ->  (5) [2, 4, 'length', 39, 7]
 当前 _$mr ->  3  _$ls ->  1 _$m2 ->  (5) [true, 4, 'length', 39, 7]
 当前 _$mr ->  38  _$ls ->  0 _$m2 ->  (5) [true, 4, 'length', 39, 7]
 当前 _$mr ->  38  _$ls ->  1 _$m2 ->  (5) [document, 4, 'length', 39, 7]
 当前 _$mr ->  31  _$ls ->  2 _$m2 ->  (5) [document, Array(4), 'length', 39, 7]
 当前 _$mr ->  0  _$ls ->  3 _$m2 ->  (5) [document, Array(4), 2, 39, 7]
 当前 _$mr ->  0  _$ls ->  2 _$m2 ->  (5) [document, 'hammerhead|element-listening-events-storage-prop', 2, 39, 7]
 当前 _$mr ->  12  _$ls ->  1 _$m2 ->  (5) [undefined, 'hammerhead|element-listening-events-storage-prop', 2, 39, 7]
 当前 _$mr ->  32  _$ls ->  2 _$m2 ->  (5) [undefined, undefined, 2, 39, 7]
 当前 _$mr ->  3  _$ls ->  1 _$m2 ->  (5) [false, undefined, 2, 39, 7]
 当前 _$mr ->  24  _$ls ->  0 _$m2 ->  (5) [false, undefined, 2, 39, 7]
 当前 _$mr ->  55  _$ls ->  0 _$m2 ->  (5) [false, undefined, 2, 39, 7]
 当前 _$mr ->  20  _$ls ->  0 _$m2 ->  (5) [false, undefined, 2, 39, 7]
 当前 _$mr ->  31  _$ls ->  0 _$m2 ->  (5) [false, undefined, 2, 39, 7]
 当前 _$mr ->  38  _$ls ->  1 _$m2 ->  (5) [3, undefined, 2, 39, 7]
 当前 _$mr ->  12  _$ls ->  2 _$m2 ->  (5) [3, Array(4), 2, 39, 7]
 当前 _$mr ->  48  _$ls ->  3 _$m2 ->  (5) [3, Array(4), Array(96), 39, 7]
 当前 _$mr ->  0  _$ls ->  4 _$m2 ->  (5) [3, Array(4), Array(96), 39, 7]
 当前 _$mr ->  0  _$ls ->  3 _$m2 ->  (5) [3, Array(4), 'length', 39, 7]
 当前 _$mr ->  52  _$ls ->  2 _$m2 ->  (5) [3, 4, 'length', 39, 7]
 当前 _$mr ->  3  _$ls ->  1 _$m2 ->  (5) [true, 4, 'length', 39, 7]
 当前 _$mr ->  38  _$ls ->  0 _$m2 ->  (5) [true, 4, 'length', 39, 7]
 当前 _$mr ->  38  _$ls ->  1 _$m2 ->  (5) [document, 4, 'length', 39, 7]
 当前 _$mr ->  31  _$ls ->  2 _$m2 ->  (5) [document, Array(4), 'length', 39, 7]
 当前 _$mr ->  0  _$ls ->  3 _$m2 ->  (5) [document, Array(4), 3, 39, 7]
 当前 _$mr ->  0  _$ls ->  2 _$m2 ->  (5) [document, 'hammerhead|location-wrapper', 3, 39, 7]
 当前 _$mr ->  12  _$ls ->  1 _$m2 ->  (5) [undefined, 'hammerhead|location-wrapper', 3, 39, 7]
 当前 _$mr ->  32  _$ls ->  2 _$m2 ->  (5) [undefined, undefined, 3, 39, 7]
 当前 _$mr ->  3  _$ls ->  1 _$m2 ->  (5) [false, undefined, 3, 39, 7]
 当前 _$mr ->  24  _$ls ->  0 _$m2 ->  (5) [false, undefined, 3, 39, 7]
 当前 _$mr ->  55  _$ls ->  0 _$m2 ->  (5) [false, undefined, 3, 39, 7]
 当前 _$mr ->  20  _$ls ->  0 _$m2 ->  (5) [false, undefined, 3, 39, 7]
 当前 _$mr ->  31  _$ls ->  0 _$m2 ->  (5) [false, undefined, 3, 39, 7]
 当前 _$mr ->  38  _$ls ->  1 _$m2 ->  (5) [4, undefined, 3, 39, 7]
 当前 _$mr ->  12  _$ls ->  2 _$m2 ->  (5) [4, Array(4), 3, 39, 7]
 当前 _$mr ->  48  _$ls ->  3 _$m2 ->  (5) [4, Array(4), Array(96), 39, 7]
 当前 _$mr ->  0  _$ls ->  4 _$m2 ->  (5) [4, Array(4), Array(96), 39, 7]
 当前 _$mr ->  0  _$ls ->  3 _$m2 ->  (5) [4, Array(4), 'length', 39, 7]
 当前 _$mr ->  52  _$ls ->  2 _$m2 ->  (5) [4, 4, 'length', 39, 7]
 当前 _$mr ->  3  _$ls ->  1 _$m2 ->  (5) [false, 4, 'length', 39, 7]
 当前 _$mr ->  5  _$ls ->  1 _$m2 ->  (3) [undefined, 'hammerhead|document-charset,hammerhead|document-ur…g-events-storage-prop,hammerhead|location-wrapper', 'root-hammerhead-shadow-ui']
 当前 _$mr ->  3  _$ls ->  1 _$m2 ->  (3) [undefined, Window, 'Mozilla/5.0 (Windows NT 10.0; Win64; x64) AppleWeb…KHTML, like Gecko) Chrome/115.0.0.0 Safari/537.36']
 当前 _$mr ->  11  _$ls ->  0 _$m2 ->  (3) [undefined, Window, 'Mozilla/5.0 (Windows NT 10.0; Win64; x64) AppleWeb…KHTML, like Gecko) Chrome/115.0.0.0 Safari/537.36']
 当前 _$mr ->  21  _$ls ->  1 _$m2 ->  (3) [ƒ, Window, 'Mozilla/5.0 (Windows NT 10.0; Win64; x64) AppleWeb…KHTML, like Gecko) Chrome/115.0.0.0 Safari/537.36']
 当前 _$mr ->  11  _$ls ->  0 _$m2 ->  []
 当前 _$mr ->  56  _$ls ->  1 _$m2 ->  [ƒ]
 当前 _$mr ->  11  _$ls ->  0 _$m2 ->  [ƒ]
 当前 _$mr ->  56  _$ls ->  1 _$m2 ->  [ƒ]
 当前 _$mr ->  51  _$ls ->  0 _$m2 ->  [ƒ]
 当前 _$mr ->  12  _$ls ->  0 _$m2 ->  []
 当前 _$mr ->  49  _$ls ->  1 _$m2 ->  [Window]
 当前 _$mr ->  0  _$ls ->  2 _$m2 ->  (2) [Window, 'navigator']
 当前 _$mr ->  56  _$ls ->  1 _$m2 ->  (2) [Navigator, 'navigator']
 当前 _$mr ->  12  _$ls ->  0 _$m2 ->  (2) [Navigator, 'navigator']
 当前 _$mr ->  49  _$ls ->  1 _$m2 ->  (2) [Window, 'navigator']
 当前 _$mr ->  0  _$ls ->  2 _$m2 ->  (2) [Window, 'webkitRequestFileSystem']
 当前 _$mr ->  17  _$ls ->  1 _$m2 ->  (2) [ƒ, 'webkitRequestFileSystem']
 当前 _$mr ->  31  _$ls ->  0 _$m2 ->  (2) [ƒ, 'webkitRequestFileSystem']
 当前 _$mr ->  49  _$ls ->  1 _$m2 ->  (2) [Navigator, 'webkitRequestFileSystem']
当前 _$mr ->  0  _$ls ->  2 _$m2 ->  (2) [Navigator, 'appVersion']
当前 _$mr ->  17  _$ls ->  1 _$m2 ->  (2) ['5.0 (Windows NT 10.0; Win64; x64) AppleWebKit/537.…KHTML, like Gecko) Chrome/115.0.0.0 Safari/537.36', 'appVersion']
当前 _$mr ->  49  _$ls ->  0 _$m2 ->  (2) ['5.0 (Windows NT 10.0; Win64; x64) AppleWebKit/537.…KHTML, like Gecko) Chrome/115.0.0.0 Safari/537.36', 'appVersion']
当前 _$mr ->  30  _$ls ->  1 _$m2 ->  (2) ['Android 4\\.[0-3].+ (GT|SM|SCH)-', 'appVersion']
当前 _$mr ->  12  _$ls ->  1 _$m2 ->  (2) [/Android 4\.[0-3].+ (GT|SM|SCH)-/, 'appVersion']
当前 _$mr ->  48  _$ls ->  2 _$m2 ->  (2) [/Android 4\.[0-3].+ (GT|SM|SCH)-/, Array(96)]
当前 _$mr ->  0  _$ls ->  3 _$m2 ->  (3) [/Android 4\.[0-3].+ (GT|SM|SCH)-/, Array(96), 22]
当前 _$mr ->  31  _$ls ->  2 _$m2 ->  (3) [/Android 4\.[0-3].+ (GT|SM|SCH)-/, 'test', 22]
当前 _$mr ->  49  _$ls ->  3 _$m2 ->  (3) [/Android 4\.[0-3].+ (GT|SM|SCH)-/, 'test', Navigator]
当前 _$mr ->  0  _$ls ->  4 _$m2 ->  (4) [/Android 4\.[0-3].+ (GT|SM|SCH)-/, 'test', Navigator, 'appVersion']
当前 _$mr ->  53  _$ls ->  3 _$m2 ->  (4) [/Android 4\.[0-3].+ (GT|SM|SCH)-/, 'test', '5.0 (Windows NT 10.0; Win64; x64) AppleWebKit/537.…KHTML, like Gecko) Chrome/115.0.0.0 Safari/537.36', 'appVersion']
当前 _$mr ->  58  _$ls ->  1 _$m2 ->  (4) [false, 'test', '5.0 (Windows NT 10.0; Win64; x64) AppleWebKit/537.…KHTML, like Gecko) Chrome/115.0.0.0 Safari/537.36', 'appVersion']
当前 _$mr ->  3  _$ls ->  1 _$m2 ->  (4) [true, 'test', '5.0 (Windows NT 10.0; Win64; x64) AppleWebKit/537.…KHTML, like Gecko) Chrome/115.0.0.0 Safari/537.36', 'appVersion']
当前 _$mr ->  12  _$ls ->  0 _$m2 ->  (4) [true, 'test', '5.0 (Windows NT 10.0; Win64; x64) AppleWebKit/537.…KHTML, like Gecko) Chrome/115.0.0.0 Safari/537.36', 'appVersion']
当前 _$mr ->  49  _$ls ->  1 _$m2 ->  (4) [Window, 'test', '5.0 (Windows NT 10.0; Win64; x64) AppleWebKit/537.…KHTML, like Gecko) Chrome/115.0.0.0 Safari/537.36', 'appVersion']
当前 _$mr ->  12  _$ls ->  2 _$m2 ->  (4) [Window, 'webkitRequestFileSystem', '5.0 (Windows NT 10.0; Win64; x64) AppleWebKit/537.…KHTML, like Gecko) Chrome/115.0.0.0 Safari/537.36', 'appVersion']
当前 _$mr ->  49  _$ls ->  3 _$m2 ->  (4) [Window, 'webkitRequestFileSystem', Window, 'appVersion']
当前 _$mr ->  0  _$ls ->  4 _$m2 ->  (4) [Window, 'webkitRequestFileSystem', Window, 'TEMPORARY']
当前 _$mr ->  48  _$ls ->  3 _$m2 ->  (4) [Window, 'webkitRequestFileSystem', 0, 'TEMPORARY']
当前 _$mr ->  31  _$ls ->  4 _$m2 ->  (4) [Window, 'webkitRequestFileSystem', 0, 1]
当前 _$mr ->  31  _$ls ->  5 _$m2 ->  (5) [Window, 'webkitRequestFileSystem', 0, 1, ƒ]
当前 _$mr ->  95  _$ls ->  6 _$m2 ->  (6) [Window, 'webkitRequestFileSystem', 0, 1, ƒ, ƒ]
当前 _$mr ->  60  _$ls ->  0 _$m2 ->  (6) [Window, 'webkitRequestFileSystem', 0, 1, ƒ, ƒ]
当前 _$mr ->  36  _$ls ->  0 _$m2 ->  [true]
当前 _$mr ->  12  _$ls ->  0 _$m2 ->  []
当前 _$mr ->  49  _$ls ->  1 _$m2 ->  [Window]
当前 _$mr ->  0  _$ls ->  2 _$m2 ->  (2) [Window, 'katalonRunScript']
当前 _$mr ->  56  _$ls ->  1 _$m2 ->  (2) [undefined, 'katalonRunScript']
当前 _$mr ->  12  _$ls ->  0 _$m2 ->  (2) [undefined, 'katalonRunScript']
当前 _$mr ->  49  _$ls ->  1 _$m2 ->  (2) [Window, 'katalonRunScript']
当前 _$mr ->  0  _$ls ->  2 _$m2 ->  (2) [Window, 'katalonSendMessage']
当前 _$mr ->  56  _$ls ->  1 _$m2 ->  (2) [undefined, 'katalonSendMessage']
当前 _$mr ->  12  _$ls ->  0 _$m2 ->  (2) [undefined, 'katalonSendMessage']
当前 _$mr ->  49  _$ls ->  1 _$m2 ->  (2) [Window, 'katalonSendMessage']
当前 _$mr ->  0  _$ls ->  2 _$m2 ->  (2) [Window, 'getFrameLocation']
当前 _$mr ->  56  _$ls ->  1 _$m2 ->  (2) [undefined, 'getFrameLocation']
当前 _$mr ->  12  _$ls ->  0 _$m2 ->  (2) [undefined, 'getFrameLocation']
当前 _$mr ->  49  _$ls ->  1 _$m2 ->  (2) [Window, 'getFrameLocation']
当前 _$mr ->  0  _$ls ->  2 _$m2 ->  (2) [Window, 'MutationObserver']
当前 _$mr ->  56  _$ls ->  1 _$m2 ->  (2) [ƒ, 'MutationObserver']
当前 _$mr ->  31  _$ls ->  0 _$m2 ->  (2) [ƒ, 'MutationObserver']
当前 _$mr ->  17  _$ls ->  1 _$m2 ->  (2) [undefined, 'MutationObserver']
当前 _$mr ->  56  _$ls ->  1 _$m2 ->  (2) [undefined, 'MutationObserver']
当前 _$mr ->  31  _$ls ->  0 _$m2 ->  (2) [undefined, 'MutationObserver']
当前 _$mr ->  17  _$ls ->  1 _$m2 ->  (2) [undefined, 'MutationObserver']
当前 _$mr ->  56  _$ls ->  1 _$m2 ->  (2) [undefined, 'MutationObserver']
 当前 _$mr ->  31  _$ls ->  0 _$m2 ->  (2) [undefined, 'MutationObserver']
 当前 _$mr ->  17  _$ls ->  1 _$m2 ->  (2) [undefined, 'MutationObserver']
 当前 _$mr ->  17  _$ls ->  1 _$m2 ->  (2) [undefined, 'MutationObserver']
 当前 _$mr ->  3  _$ls ->  1 _$m2 ->  (2) [undefined, 'MutationObserver']
 当前 _$mr ->  31  _$ls ->  0 _$m2 ->  (2) [undefined, 'MutationObserver']
 当前 _$mr ->  58  _$ls ->  1 _$m2 ->  (2) [ƒ, 'MutationObserver']
 当前 _$mr ->  58  _$ls ->  1 _$m2 ->  (2) [false, 'MutationObserver']
 当前 _$mr ->  3  _$ls ->  1 _$m2 ->  (2) [true, 'MutationObserver']
 当前 _$mr ->  54  _$ls ->  0 _$m2 ->  (2) [true, 'MutationObserver']
 当前 _$mr ->  4  _$ls ->  1 _$m2 ->  (2) [ƒ, 'MutationObserver']
 当前 _$mr ->  56  _$ls ->  1 _$m2 ->  (2) [MutationObserver, 'MutationObserver']
当前 _$mr ->  39  _$ls ->  0 _$m2 ->  (2) [MutationObserver, 'MutationObserver']
当前 _$mr ->  56  _$ls ->  1 _$m2 ->  (2) [{…}, 'MutationObserver']
当前 _$mr ->  31  _$ls ->  0 _$m2 ->  (2) [{…}, 'MutationObserver']
当前 _$mr ->  12  _$ls ->  1 _$m2 ->  (2) [{…}, 'MutationObserver']
当前 _$mr ->  48  _$ls ->  2 _$m2 ->  (2) [{…}, Array(96)]
当前 _$mr ->  0  _$ls ->  3 _$m2 ->  (3) [{…}, Array(96), 6]
当前 _$mr ->  25  _$ls ->  2 _$m2 ->  (3) [{…}, 'attributes', 6]
当前 _$mr ->  56  _$ls ->  3 _$m2 ->  (3) [{…}, 'attributes', true]
当前 _$mr ->  31  _$ls ->  0 _$m2 ->  (3) [{…}, 'attributes', true]
当前 _$mr ->  12  _$ls ->  1 _$m2 ->  (3) [{…}, 'attributes', true]
当前 _$mr ->  48  _$ls ->  2 _$m2 ->  (3) [{…}, Array(96), true]
当前 _$mr ->  0  _$ls ->  3 _$m2 ->  (3) [{…}, Array(96), 66]
当前 _$mr ->  25  _$ls ->  2 _$m2 ->  (3) [{…}, 'childList', 66]
当前 _$mr ->  56  _$ls ->  3 _$m2 ->  (3) [{…}, 'childList', true]
当前 _$mr ->  31  _$ls ->  0 _$m2 ->  (3) [{…}, 'childList', true]
当前 _$mr ->  12  _$ls ->  1 _$m2 ->  (3) [{…}, 'childList', true]
当前 _$mr ->  48  _$ls ->  2 _$m2 ->  (3) [{…}, Array(96), true]
当前 _$mr ->  0  _$ls ->  3 _$m2 ->  (3) [{…}, Array(96), 43]
当前 _$mr ->  25  _$ls ->  2 _$m2 ->  (3) [{…}, 'subtree', 43]
当前 _$mr ->  56  _$ls ->  3 _$m2 ->  (3) [{…}, 'subtree', true]
当前 _$mr ->  31  _$ls ->  0 _$m2 ->  (3) [{…}, 'subtree', true]
当前 _$mr ->  12  _$ls ->  1 _$m2 ->  (3) [MutationObserver, 'subtree', true]
当前 _$mr ->  48  _$ls ->  2 _$m2 ->  (3) [MutationObserver, Array(96), true]
当前 _$mr ->  0  _$ls ->  3 _$m2 ->  (3) [MutationObserver, Array(96), 90]
当前 _$mr ->  12  _$ls ->  2 _$m2 ->  (3) [MutationObserver, 'observe', 90]
当前 _$mr ->  12  _$ls ->  3 _$m2 ->  (3) [MutationObserver, 'observe', document]
当前 _$mr ->  48  _$ls ->  4 _$m2 ->  (4) [MutationObserver, 'observe', document, Array(96)]
当前 _$mr ->  0  _$ls ->  5 _$m2 ->  (5) [MutationObserver, 'observe', document, Array(96), 22]
当前 _$mr ->  0  _$ls ->  4 _$m2 ->  (5) [MutationObserver, 'observe', document, 'documentElement', 22]
当前 _$mr ->  57  _$ls ->  3 _$m2 ->  (5) [MutationObserver, 'observe', html, 'documentElement', 22]
当前 _$mr ->  31  _$ls ->  3 _$m2 ->  (5) [MutationObserver, 'observe', html, 'documentElement', 22]
当前 _$mr ->  45  _$ls ->  4 _$m2 ->  (5) [MutationObserver, 'observe', html, {…}, 22]
当前 _$mr ->  12  _$ls ->  0 _$m2 ->  [true]
当前 _$mr ->  12  _$ls ->  1 _$m2 ->  [document]
当前 _$mr ->  48  _$ls ->  2 _$m2 ->  (2) [document, Array(96)]
 当前 _$mr ->  0  _$ls ->  3 _$m2 ->  (3) [document, Array(96), 0]
 当前 _$mr ->  0  _$ls ->  2 _$m2 ->  (3) [document, 'addEventListener', 0]
 当前 _$mr ->  3  _$ls ->  1 _$m2 ->  (3) [ƒ, 'addEventListener', 0]
 当前 _$mr ->  12  _$ls ->  0 _$m2 ->  (3) [ƒ, 'addEventListener', 0]
 当前 _$mr ->  49  _$ls ->  1 _$m2 ->  (3) [document, 'addEventListener', 0]
 当前 _$mr ->  54  _$ls ->  2 _$m2 ->  (3) [document, 'driver-evaluate', 0]
 当前 _$mr ->  44  _$ls ->  3 _$m2 ->  (3) [document, 'driver-evaluate', ƒ]
 当前 _$mr ->  12  _$ls ->  0 _$m2 ->  (3) [document, 'driver-evaluate', ƒ]
 当前 _$mr ->  49  _$ls ->  1 _$m2 ->  (3) [document, 'driver-evaluate', ƒ]
 当前 _$mr ->  54  _$ls ->  2 _$m2 ->  (3) [document, 'webdriver-evaluate', ƒ]
 当前 _$mr ->  44  _$ls ->  3 _$m2 ->  (3) [document, 'webdriver-evaluate', ƒ]
 当前 _$mr ->  12  _$ls ->  0 _$m2 ->  (3) [document, 'webdriver-evaluate', ƒ]
 当前 _$mr ->  49  _$ls ->  1 _$m2 ->  (3) [document, 'webdriver-evaluate', ƒ]
 当前 _$mr ->  54  _$ls ->  2 _$m2 ->  (3) [document, 'selenium-evaluate', ƒ]
 当前 _$mr ->  44  _$ls ->  3 _$m2 ->  (3) [document, 'selenium-evaluate', ƒ]
 当前 _$mr ->  12  _$ls ->  0 _$m2 ->  (3) [document, 'selenium-evaluate', ƒ]
 当前 _$mr ->  12  _$ls ->  1 _$m2 ->  (3) [Window, 'selenium-evaluate', ƒ]
 当前 _$mr ->  48  _$ls ->  2 _$m2 ->  (3) [Window, Array(96), ƒ]
 当前 _$mr ->  0  _$ls ->  3 _$m2 ->  (3) [Window, Array(96), 86]
 当前 _$mr ->  54  _$ls ->  2 _$m2 ->  (3) [Window, 'error', 86]
 当前 _$mr ->  44  _$ls ->  3 _$m2 ->  (3) [Window, 'error', ƒ]
 当前 _$mr ->  24  _$ls ->  0 _$m2 ->  (4) [{…}, 8, 'length', 39]
 当前 _$mr ->  55  _$ls ->  0 _$m2 ->  (4) [{…}, 8, 'length', 39]
 当前 _$mr ->  20  _$ls ->  0 _$m2 ->  (4) [{…}, 8, 'length', 39]
 当前 _$mr ->  31  _$ls ->  0 _$m2 ->  (4) [{…}, 8, 'length', 39]
 当前 _$mr ->  31  _$ls ->  1 _$m2 ->  (4) [9, 8, 'length', 39]
 当前 _$mr ->  12  _$ls ->  2 _$m2 ->  (4) [9, Array(19), 'length', 39]
 当前 _$mr ->  48  _$ls ->  3 _$m2 ->  (4) [9, Array(19), Array(96), 39]
 当前 _$mr ->  0  _$ls ->  4 _$m2 ->  (4) [9, Array(19), Array(96), 39]
 当前 _$mr ->  0  _$ls ->  3 _$m2 ->  (4) [9, Array(19), 'length', 39]
 当前 _$mr ->  52  _$ls ->  2 _$m2 ->  (4) [9, 19, 'length', 39]
 当前 _$mr ->  3  _$ls ->  1 _$m2 ->  (4) [true, 19, 'length', 39]
 当前 _$mr ->  31  _$ls ->  0 _$m2 ->  (4) [true, 19, 'length', 39]
 当前 _$mr ->  31  _$ls ->  1 _$m2 ->  (4) [Array(19), 19, 'length', 39]
 当前 _$mr ->  0  _$ls ->  2 _$m2 ->  (4) [Array(19), 9, 'length', 39]
 当前 _$mr ->  104  _$ls ->  1 _$m2 ->  (4) [{…}, 9, 'length', 39]
 当前 _$mr ->  24  _$ls ->  0 _$m2 ->  (4) [{…}, 9, 'length', 39]
 当前 _$mr ->  55  _$ls ->  0 _$m2 ->  (4) [{…}, 9, 'length', 39]
 当前 _$mr ->  20  _$ls ->  0 _$m2 ->  (4) [{…}, 9, 'length', 39]
 当前 _$mr ->  31  _$ls ->  0 _$m2 ->  (4) [{…}, 9, 'length', 39]
 当前 _$mr ->  31  _$ls ->  1 _$m2 ->  (4) [10, 9, 'length', 39]
 当前 _$mr ->  12  _$ls ->  2 _$m2 ->  (4) [10, Array(19), 'length', 39]
 当前 _$mr ->  48  _$ls ->  3 _$m2 ->  (4) [10, Array(19), Array(96), 39]
 当前 _$mr ->  0  _$ls ->  4 _$m2 ->  (4) [10, Array(19), Array(96), 39]
 当前 _$mr ->  0  _$ls ->  3 _$m2 ->  (4) [10, Array(19), 'length', 39]
 当前 _$mr ->  52  _$ls ->  2 _$m2 ->  (4) [10, 19, 'length', 39]
 当前 _$mr ->  3  _$ls ->  1 _$m2 ->  (4) [true, 19, 'length', 39]
 当前 _$mr ->  31  _$ls ->  0 _$m2 ->  (4) [true, 19, 'length', 39]
 当前 _$mr ->  31  _$ls ->  1 _$m2 ->  (4) [Array(19), 19, 'length', 39]
 当前 _$mr ->  0  _$ls ->  2 _$m2 ->  (4) [Array(19), 10, 'length', 39]
 当前 _$mr ->  104  _$ls ->  1 _$m2 ->  (4) [{…}, 10, 'length', 39]
 当前 _$mr ->  36  _$ls ->  0 _$m2 ->  []
 当前 _$mr ->  48  _$ls ->  0 _$m2 ->  []
 当前 _$mr ->  12  _$ls ->  1 _$m2 ->  [1]
 当前 _$mr ->  48  _$ls ->  2 _$m2 ->  (2) [1, Array(208)]
 当前 _$mr ->  0  _$ls ->  3 _$m2 ->  (3) [1, Array(208), 61]
 当前 _$mr ->  30  _$ls ->  2 _$m2 ->  (3) [1, 20, 61]
 当前 _$mr ->  22  _$ls ->  2 _$m2 ->  (3) [1, 1, 61]
 当前 _$mr ->  3  _$ls ->  1 _$m2 ->  (3) [true, 1, 61]
 当前 _$mr ->  54  _$ls ->  0 _$m2 ->  (3) [true, 1, 61]
 当前 _$mr ->  12  _$ls ->  1 _$m2 ->  (3) [ƒ, 1, 61]
 当前 _$mr ->  48  _$ls ->  2 _$m2 ->  (3) [ƒ, Array(208), 61]
 当前 _$mr ->  0  _$ls ->  3 _$m2 ->  (3) [ƒ, Array(208), 119]
 当前 _$mr ->  41  _$ls ->  2 _$m2 ->  (3) [ƒ, 2000, 119]
 当前 _$mr ->  54  _$ls ->  0 _$m2 ->  (3) [ƒ, 2000, 119]
 当前 _$mr ->  12  _$ls ->  1 _$m2 ->  (3) [ƒ, 2000, 119]
 当前 _$mr ->  40  _$ls ->  2 _$m2 ->  (3) [ƒ, Array(208), 119]
 当前 _$mr ->  0  _$ls ->  3 _$m2 ->  (3) [ƒ, Array(208), 137]
 当前 _$mr ->  41  _$ls ->  2 _$m2 ->  (3) [ƒ, 1500, 137]
 当前 _$mr ->  36  _$ls ->  0 _$m2 ->  []
 当前 _$mr ->  49  _$ls ->  0 _$m2 ->  []
 当前 _$mr ->  12  _$ls ->  1 _$m2 ->  [Location]
 当前 _$mr ->  48  _$ls ->  2 _$m2 ->  (2) [Location, Array(96)]
 当前 _$mr ->  0  _$ls ->  3 _$m2 ->  (3) [Location, Array(96), 43]
 当前 _$mr ->  0  _$ls ->  2 _$m2 ->  (3) [Location, 'href', 43]
 当前 _$mr ->  12  _$ls ->  1 _$m2 ->  (3) ['http://scjg.gansu.gov.cn/guestweb4/s?siteCode=6200…F%9D%E5%81%A5%E9%A3%9F%E5%93%81%E5%A4%87%E6%A1%88', 'href', 43]
 当前 _$mr ->  48  _$ls ->  2 _$m2 ->  (3) ['http://scjg.gansu.gov.cn/guestweb4/s?siteCode=6200…F%9D%E5%81%A5%E9%A3%9F%E5%93%81%E5%A4%87%E6%A1%88', Array(96), 43]
 当前 _$mr ->  0  _$ls ->  3 _$m2 ->  (3) ['http://scjg.gansu.gov.cn/guestweb4/s?siteCode=6200…F%9D%E5%81%A5%E9%A3%9F%E5%93%81%E5%A4%87%E6%A1%88', Array(96), 81]
 当前 _$mr ->  8  _$ls ->  2 _$m2 ->  (3) ['http://scjg.gansu.gov.cn/guestweb4/s?siteCode=6200…F%9D%E5%81%A5%E9%A3%9F%E5%93%81%E5%A4%87%E6%A1%88', 'http', 81]
 当前 _$mr ->  58  _$ls ->  1 _$m2 ->  (3) [true, 'http', 81]
 当前 _$mr ->  3  _$ls ->  1 _$m2 ->  (3) [false, 'http', 81]
 当前 _$mr ->  36  _$ls ->  0 _$m2 ->  []
 当前 _$mr ->  11  _$ls ->  0 _$m2 ->  []
 当前 _$mr ->  56  _$ls ->  1 _$m2 ->  [ƒ]
 当前 _$mr ->  47  _$ls ->  0 _$m2 ->  [ƒ]
 当前 _$mr ->  54  _$ls ->  1 _$m2 ->  [Array(0)]
 当前 _$mr ->  33  _$ls ->  2 _$m2 ->  (2) [Array(0), ƒ]
 当前 _$mr ->  54  _$ls ->  1 _$m2 ->  (2) [Array(1), ƒ]
 当前 _$mr ->  33  _$ls ->  2 _$m2 ->  (2) [Array(1), ƒ]
 当前 _$mr ->  54  _$ls ->  1 _$m2 ->  (2) [Array(2), ƒ]
 当前 _$mr ->  33  _$ls ->  2 _$m2 ->  (2) [Array(2), ƒ]
 当前 _$mr ->  12  _$ls ->  1 _$m2 ->  (2) [Array(3), ƒ]
 当前 _$mr ->  33  _$ls ->  2 _$m2 ->  (2) [Array(3), ƒ]
 当前 _$mr ->  56  _$ls ->  1 _$m2 ->  (2) [Array(4), ƒ]
 当前 _$mr ->  12  _$ls ->  0 _$m2 ->  (2) [Array(4), ƒ]
 当前 _$mr ->  17  _$ls ->  1 _$m2 ->  (2) [ƒ, ƒ]
 当前 _$mr ->  12  _$ls ->  0 _$m2 ->  (2) [ƒ, ƒ]
 当前 _$mr ->  17  _$ls ->  1 _$m2 ->  (2) [undefined, ƒ]
 当前 _$mr ->  58  _$ls ->  1 _$m2 ->  (2) [undefined, ƒ]
 当前 _$mr ->  3  _$ls ->  1 _$m2 ->  (2) [true, ƒ]
 当前 _$mr ->  31  _$ls ->  0 _$m2 ->  (2) [true, ƒ]
 当前 _$mr ->  12  _$ls ->  1 _$m2 ->  (2) [Array(4), ƒ]
 当前 _$mr ->  48  _$ls ->  2 _$m2 ->  (2) [Array(4), Array(96)]
 当前 _$mr ->  0  _$ls ->  3 _$m2 ->  (3) [Array(4), Array(96), 57]
 当前 _$mr ->  12  _$ls ->  2 _$m2 ->  (3) [Array(4), 'push', 57]
 当前 _$mr ->  12  _$ls ->  3 _$m2 ->  (3) [Array(4), 'push', Window]
 当前 _$mr ->  48  _$ls ->  4 _$m2 ->  (4) [Array(4), 'push', Window, Array(96)]
当前 _$mr ->  0  _$ls ->  5 _$m2 ->  (5) [Array(4), 'push', Window, Array(96), 52]
当前 _$mr ->  0  _$ls ->  4 _$m2 ->  (5) [Array(4), 'push', Window, 'clearInterval', 52]
当前 _$mr ->  10  _$ls ->  3 _$m2 ->  (5) [Array(4), 'push', ƒ, 'clearInterval', 52]
当前 _$mr ->  47  _$ls ->  0 _$m2 ->  (5) [Array(5), 'push', ƒ, 'clearInterval', 52]
当前 _$mr ->  56  _$ls ->  1 _$m2 ->  (5) [Array(0), 'push', ƒ, 'clearInterval', 52]
当前 _$mr ->  48  _$ls ->  0 _$m2 ->  (5) [Array(0), 'push', ƒ, 'clearInterval', 52]
当前 _$mr ->  56  _$ls ->  1 _$m2 ->  (5) [0, 'push', ƒ, 'clearInterval', 52]
当前 _$mr ->  31  _$ls ->  0 _$m2 ->  (5) [0, 'push', ƒ, 'clearInterval', 52]
当前 _$mr ->  31  _$ls ->  1 _$m2 ->  (5) [0, 'push', ƒ, 'clearInterval', 52]
当前 _$mr ->  12  _$ls ->  2 _$m2 ->  (5) [0, Array(5), ƒ, 'clearInterval', 52]
当前 _$mr ->  48  _$ls ->  3 _$m2 ->  (5) [0, Array(5), Array(96), 'clearInterval', 52]
当前 _$mr ->  0  _$ls ->  4 _$m2 ->  (5) [0, Array(5), Array(96), 39, 52]
当前 _$mr ->  0  _$ls ->  3 _$m2 ->  (5) [0, Array(5), 'length', 39, 52]
当前 _$mr ->  52  _$ls ->  2 _$m2 ->  (5) [0, 5, 'length', 39, 52]
当前 _$mr ->  3  _$ls ->  1 _$m2 ->  (5) [true, 5, 'length', 39, 52]
当前 _$mr ->  31  _$ls ->  0 _$m2 ->  (5) [true, 5, 'length', 39, 52]
当前 _$mr ->  31  _$ls ->  1 _$m2 ->  (5) [Array(5), 5, 'length', 39, 52]
当前 _$mr ->  0  _$ls ->  2 _$m2 ->  (5) [Array(5), 0, 'length', 39, 52]
当前 _$mr ->  56  _$ls ->  1 _$m2 ->  (5) [ƒ, 0, 'length', 39, 52]
当前 _$mr ->  31  _$ls ->  0 _$m2 ->  (5) [ƒ, 0, 'length', 39, 52]
当前 _$mr ->  31  _$ls ->  1 _$m2 ->  (5) [Array(0), 0, 'length', 39, 52]
当前 _$mr ->  31  _$ls ->  2 _$m2 ->  (5) [Array(0), 0, 'length', 39, 52]
当前 _$mr ->  12  _$ls ->  3 _$m2 ->  (5) [Array(0), 0, ƒ, 39, 52]
当前 _$mr ->  48  _$ls ->  4 _$m2 ->  (5) [Array(0), 0, ƒ, Array(96), 52]
当前 _$mr ->  0  _$ls ->  5 _$m2 ->  (5) [Array(0), 0, ƒ, Array(96), 30]
当前 _$mr ->  13  _$ls ->  4 _$m2 ->  (5) [Array(0), 0, ƒ, 'toString', 30]
当前 _$mr ->  30  _$ls ->  3 _$m2 ->  (5) [Array(0), 0, 'function _$dA(){var _$dA,_$eN,_$bS,_$_C,_$mr,_$lR;…$eN),_$_v._$aS(_$dA)):0;if(_$mr===1)return _$lR;}', 'toString', 30]
当前 _$mr ->  56  _$ls ->  3 _$m2 ->  (5) [Array(0), 0, 614407253, 'toString', 30]
当前 _$mr ->  24  _$ls ->  0 _$m2 ->  (5) [Array(1), 0, 614407253, 'toString', 30]
当前 _$mr ->  81  _$ls ->  0 _$m2 ->  (5) [Array(1), 0, 614407253, 'toString', 30]
当前 _$mr ->  20  _$ls ->  0 _$m2 ->  (5) [Array(1), 0, 614407253, 'toString', 30]
当前 _$mr ->  31  _$ls ->  0 _$m2 ->  (5) [Array(1), 0, 614407253, 'toString', 30]
当前 _$mr ->  31  _$ls ->  1 _$m2 ->  (5) [1, 0, 614407253, 'toString', 30]
当前 _$mr ->  12  _$ls ->  2 _$m2 ->  (5) [1, Array(5), 614407253, 'toString', 30]
当前 _$mr ->  48  _$ls ->  3 _$m2 ->  (5) [1, Array(5), Array(96), 'toString', 30]
当前 _$mr ->  0  _$ls ->  4 _$m2 ->  (5) [1, Array(5), Array(96), 39, 30]
当前 _$mr ->  0  _$ls ->  3 _$m2 ->  (5) [1, Array(5), 'length', 39, 30]
当前 _$mr ->  52  _$ls ->  2 _$m2 ->  (5) [1, 5, 'length', 39, 30]
当前 _$mr ->  3  _$ls ->  1 _$m2 ->  (5) [true, 5, 'length', 39, 30]
当前 _$mr ->  31  _$ls ->  0 _$m2 ->  (5) [true, 5, 'length', 39, 30]
当前 _$mr ->  31  _$ls ->  1 _$m2 ->  (5) [Array(5), 5, 'length', 39, 30]
当前 _$mr ->  0  _$ls ->  2 _$m2 ->  (5) [Array(5), 1, 'length', 39, 30]
当前 _$mr ->  56  _$ls ->  1 _$m2 ->  (5) [ƒ, 1, 'length', 39, 30]
当前 _$mr ->  31  _$ls ->  0 _$m2 ->  (5) [ƒ, 1, 'length', 39, 30]
当前 _$mr ->  31  _$ls ->  1 _$m2 ->  (5) [Array(1), 1, 'length', 39, 30]
当前 _$mr ->  31  _$ls ->  2 _$m2 ->  (5) [Array(1), 1, 'length', 39, 30]
当前 _$mr ->  12  _$ls ->  3 _$m2 ->  (5) [Array(1), 1, ƒ, 39, 30]
当前 _$mr ->  48  _$ls ->  4 _$m2 ->  (5) [Array(1), 1, ƒ, Array(96), 30]
当前 _$mr ->  0  _$ls ->  5 _$m2 ->  (5) [Array(1), 1, ƒ, Array(96), 30]
当前 _$mr ->  13  _$ls ->  4 _$m2 ->  (5) [Array(1), 1, ƒ, 'toString', 30]
当前 _$mr ->  30  _$ls ->  3 _$m2 ->  (5) [Array(1), 1, 'function _$dA(){var _$dA,_$eN,_$bS,_$_C,_$mr,_$lR;…$eN),_$_v._$aS(_$dA)):0;if(_$mr===1)return _$lR;}', 'toString', 30]
当前 _$mr ->  56  _$ls ->  3 _$m2 ->  (5) [Array(1), 1, 614407253, 'toString', 30]
当前 _$mr ->  24  _$ls ->  0 _$m2 ->  (5) [Array(2), 1, 614407253, 'toString', 30]
当前 _$mr ->  81  _$ls ->  0 _$m2 ->  (5) [Array(2), 1, 614407253, 'toString', 30]
当前 _$mr ->  20  _$ls ->  0 _$m2 ->  (5) [Array(2), 1, 614407253, 'toString', 30]
当前 _$mr ->  31  _$ls ->  0 _$m2 ->  (5) [Array(2), 1, 614407253, 'toString', 30]
当前 _$mr ->  31  _$ls ->  1 _$m2 ->  (5) [2, 1, 614407253, 'toString', 30]
当前 _$mr ->  12  _$ls ->  2 _$m2 ->  (5) [2, Array(5), 614407253, 'toString', 30]
当前 _$mr ->  48  _$ls ->  3 _$m2 ->  (5) [2, Array(5), Array(96), 'toString', 30]
当前 _$mr ->  0  _$ls ->  4 _$m2 ->  (5) [2, Array(5), Array(96), 39, 30]
当前 _$mr ->  0  _$ls ->  3 _$m2 ->  (5) [2, Array(5), 'length', 39, 30]
当前 _$mr ->  52  _$ls ->  2 _$m2 ->  (5) [2, 5, 'length', 39, 30]
当前 _$mr ->  3  _$ls ->  1 _$m2 ->  (5) [true, 5, 'length', 39, 30]
当前 _$mr ->  31  _$ls ->  0 _$m2 ->  (5) [true, 5, 'length', 39, 30]
当前 _$mr ->  31  _$ls ->  1 _$m2 ->  (5) [Array(5), 5, 'length', 39, 30]
当前 _$mr ->  0  _$ls ->  2 _$m2 ->  (5) [Array(5), 2, 'length', 39, 30]
当前 _$mr ->  56  _$ls ->  1 _$m2 ->  (5) [ƒ, 2, 'length', 39, 30]
当前 _$mr ->  31  _$ls ->  0 _$m2 ->  (5) [ƒ, 2, 'length', 39, 30]
当前 _$mr ->  31  _$ls ->  1 _$m2 ->  (5) [Array(2), 2, 'length', 39, 30]
当前 _$mr ->  31  _$ls ->  2 _$m2 ->  (5) [Array(2), 2, 'length', 39, 30]
 当前 _$mr ->  12  _$ls ->  3 _$m2 ->  (5) [Array(2), 2, ƒ, 39, 30]
 当前 _$mr ->  48  _$ls ->  4 _$m2 ->  (5) [Array(2), 2, ƒ, Array(96), 30]
 当前 _$mr ->  0  _$ls ->  5 _$m2 ->  (5) [Array(2), 2, ƒ, Array(96), 30]
 当前 _$mr ->  13  _$ls ->  4 _$m2 ->  (5) [Array(2), 2, ƒ, 'toString', 30]
 当前 _$mr ->  30  _$ls ->  3 _$m2 ->  (5) [Array(2), 2, 'function _$dA(){var _$dA,_$eN,_$bS,_$_C,_$mr,_$lR;…$eN),_$_v._$aS(_$dA)):0;if(_$mr===1)return _$lR;}', 'toString', 30]
 当前 _$mr ->  56  _$ls ->  3 _$m2 ->  (5) [Array(2), 2, 614407253, 'toString', 30]
 当前 _$mr ->  24  _$ls ->  0 _$m2 ->  (5) [Array(3), 2, 614407253, 'toString', 30]
 当前 _$mr ->  81  _$ls ->  0 _$m2 ->  (5) [Array(3), 2, 614407253, 'toString', 30]
 当前 _$mr ->  20  _$ls ->  0 _$m2 ->  (5) [Array(3), 2, 614407253, 'toString', 30]
 当前 _$mr ->  31  _$ls ->  0 _$m2 ->  (5) [Array(3), 2, 614407253, 'toString', 30]
 当前 _$mr ->  31  _$ls ->  1 _$m2 ->  (5) [3, 2, 614407253, 'toString', 30]
 当前 _$mr ->  12  _$ls ->  2 _$m2 ->  (5) [3, Array(5), 614407253, 'toString', 30]
 当前 _$mr ->  48  _$ls ->  3 _$m2 ->  (5) [3, Array(5), Array(96), 'toString', 30]
 当前 _$mr ->  0  _$ls ->  4 _$m2 ->  (5) [3, Array(5), Array(96), 39, 30]
 当前 _$mr ->  0  _$ls ->  3 _$m2 ->  (5) [3, Array(5), 'length', 39, 30]
 当前 _$mr ->  52  _$ls ->  2 _$m2 ->  (5) [3, 5, 'length', 39, 30]
 当前 _$mr ->  3  _$ls ->  1 _$m2 ->  (5) [true, 5, 'length', 39, 30]
 当前 _$mr ->  31  _$ls ->  0 _$m2 ->  (5) [true, 5, 'length', 39, 30]
 当前 _$mr ->  31  _$ls ->  1 _$m2 ->  (5) [Array(5), 5, 'length', 39, 30]
 当前 _$mr ->  0  _$ls ->  2 _$m2 ->  (5) [Array(5), 3, 'length', 39, 30]
 当前 _$mr ->  56  _$ls ->  1 _$m2 ->  (5) [ƒ, 3, 'length', 39, 30]
 当前 _$mr ->  31  _$ls ->  0 _$m2 ->  (5) [ƒ, 3, 'length', 39, 30]
 当前 _$mr ->  31  _$ls ->  1 _$m2 ->  (5) [Array(3), 3, 'length', 39, 30]
 当前 _$mr ->  31  _$ls ->  2 _$m2 ->  (5) [Array(3), 3, 'length', 39, 30]
 当前 _$mr ->  12  _$ls ->  3 _$m2 ->  (5) [Array(3), 3, ƒ, 39, 30]
 当前 _$mr ->  48  _$ls ->  4 _$m2 ->  (5) [Array(3), 3, ƒ, Array(96), 30]
 当前 _$mr ->  0  _$ls ->  5 _$m2 ->  (5) [Array(3), 3, ƒ, Array(96), 30]
 当前 _$mr ->  13  _$ls ->  4 _$m2 ->  (5) [Array(3), 3, ƒ, 'toString', 30]
 当前 _$mr ->  30  _$ls ->  3 _$m2 ->  (5) [Array(3), 3, 'function _$eh(){var _$dA;_$dA=_$gj[_$fG[41]];if(_$…$fG[41]][_$fG[51]]();else return _$aq(743)-_$a6;}', 'toString', 30]
 当前 _$mr ->  56  _$ls ->  3 _$m2 ->  (5) [Array(3), 3, 2260384295, 'toString', 30]
 当前 _$mr ->  24  _$ls ->  0 _$m2 ->  (5) [Array(4), 3, 2260384295, 'toString', 30]
 当前 _$mr ->  81  _$ls ->  0 _$m2 ->  (5) [Array(4), 3, 2260384295, 'toString', 30]
 当前 _$mr ->  20  _$ls ->  0 _$m2 ->  (5) [Array(4), 3, 2260384295, 'toString', 30]
 当前 _$mr ->  31  _$ls ->  0 _$m2 ->  (5) [Array(4), 3, 2260384295, 'toString', 30]
 当前 _$mr ->  31  _$ls ->  1 _$m2 ->  (5) [4, 3, 2260384295, 'toString', 30]
 当前 _$mr ->  12  _$ls ->  2 _$m2 ->  (5) [4, Array(5), 2260384295, 'toString', 30]
 当前 _$mr ->  48  _$ls ->  3 _$m2 ->  (5) [4, Array(5), Array(96), 'toString', 30]
 当前 _$mr ->  0  _$ls ->  4 _$m2 ->  (5) [4, Array(5), Array(96), 39, 30]
 当前 _$mr ->  0  _$ls ->  3 _$m2 ->  (5) [4, Array(5), 'length', 39, 30]
 当前 _$mr ->  52  _$ls ->  2 _$m2 ->  (5) [4, 5, 'length', 39, 30]
 当前 _$mr ->  3  _$ls ->  1 _$m2 ->  (5) [true, 5, 'length', 39, 30]
 当前 _$mr ->  31  _$ls ->  0 _$m2 ->  (5) [true, 5, 'length', 39, 30]
 当前 _$mr ->  31  _$ls ->  1 _$m2 ->  (5) [Array(5), 5, 'length', 39, 30]
 当前 _$mr ->  0  _$ls ->  2 _$m2 ->  (5) [Array(5), 4, 'length', 39, 30]
当前 _$mr ->  56  _$ls ->  1 _$m2 ->  (5) [ƒ, 4, 'length', 39, 30]
当前 _$mr ->  31  _$ls ->  0 _$m2 ->  (5) [ƒ, 4, 'length', 39, 30]
当前 _$mr ->  31  _$ls ->  1 _$m2 ->  (5) [Array(4), 4, 'length', 39, 30]
当前 _$mr ->  31  _$ls ->  2 _$m2 ->  (5) [Array(4), 4, 'length', 39, 30]
当前 _$mr ->  12  _$ls ->  3 _$m2 ->  (5) [Array(4), 4, ƒ, 39, 30]
当前 _$mr ->  48  _$ls ->  4 _$m2 ->  (5) [Array(4), 4, ƒ, Array(96), 30]
当前 _$mr ->  0  _$ls ->  5 _$m2 ->  (5) [Array(4), 4, ƒ, Array(96), 30]
当前 _$mr ->  13  _$ls ->  4 _$m2 ->  (5) [Array(4), 4, ƒ, 'toString', 30]
当前 _$mr ->  30  _$ls ->  3 _$m2 ->  (5) [Array(4), 4, 'function clearInterval() { [native code] }', 'toString', 30]
当前 _$mr ->  56  _$ls ->  3 _$m2 ->  (5) [Array(4), 4, 2874207382, 'toString', 30]
当前 _$mr ->  24  _$ls ->  0 _$m2 ->  (5) [Array(5), 4, 2874207382, 'toString', 30]
当前 _$mr ->  81  _$ls ->  0 _$m2 ->  (5) [Array(5), 4, 2874207382, 'toString', 30]
当前 _$mr ->  20  _$ls ->  0 _$m2 ->  (5) [Array(5), 4, 2874207382, 'toString', 30]
当前 _$mr ->  31  _$ls ->  0 _$m2 ->  (5) [Array(5), 4, 2874207382, 'toString', 30]
当前 _$mr ->  31  _$ls ->  1 _$m2 ->  (5) [5, 4, 2874207382, 'toString', 30]
当前 _$mr ->  12  _$ls ->  2 _$m2 ->  (5) [5, Array(5), 2874207382, 'toString', 30]
当前 _$mr ->  48  _$ls ->  3 _$m2 ->  (5) [5, Array(5), Array(96), 'toString', 30]
当前 _$mr ->  0  _$ls ->  4 _$m2 ->  (5) [5, Array(5), Array(96), 39, 30]
当前 _$mr ->  0  _$ls ->  3 _$m2 ->  (5) [5, Array(5), 'length', 39, 30]
当前 _$mr ->  52  _$ls ->  2 _$m2 ->  (5) [5, 5, 'length', 39, 30]
当前 _$mr ->  3  _$ls ->  1 _$m2 ->  (5) [false, 5, 'length', 39, 30]
当前 _$mr ->  36  _$ls ->  0 _$m2 ->  []
当前 _$mr ->  48  _$ls ->  0 _$m2 ->  []
当前 _$mr ->  12  _$ls ->  1 _$m2 ->  [1]
当前 _$mr ->  48  _$ls ->  2 _$m2 ->  (2) [1, Array(208)]
当前 _$mr ->  0  _$ls ->  3 _$m2 ->  (3) [1, Array(208), 61]
当前 _$mr ->  30  _$ls ->  2 _$m2 ->  (3) [1, 20, 61]
当前 _$mr ->  22  _$ls ->  2 _$m2 ->  (3) [1, 1, 61]
当前 _$mr ->  3  _$ls ->  1 _$m2 ->  (3) [true, 1, 61]
当前 _$mr ->  54  _$ls ->  0 _$m2 ->  (3) [true, 1, 61]
当前 _$mr ->  12  _$ls ->  1 _$m2 ->  (3) [ƒ, 1, 61]
当前 _$mr ->  40  _$ls ->  2 _$m2 ->  (3) [ƒ, Array(208), 61]
当前 _$mr ->  0  _$ls ->  3 _$m2 ->  (3) [ƒ, Array(208), 179]
当前 _$mr ->  41  _$ls ->  2 _$m2 ->  (3) [ƒ, 2047, 179]
当前 _$mr ->  36  _$ls ->  0 _$m2 ->  []
 当前 _$mr ->  12  _$ls ->  0 _$m2 ->  []
 当前 _$mr ->  75  _$ls ->  1 _$m2 ->  [{…}]
 当前 _$mr ->  56  _$ls ->  1 _$m2 ->  [Array(7)]
 当前 _$mr ->  31  _$ls ->  0 _$m2 ->  [Array(7)]
 当前 _$mr ->  48  _$ls ->  1 _$m2 ->  [Array(7)]
 当前 _$mr ->  0  _$ls ->  2 _$m2 ->  (2) [Array(7), 4]
 当前 _$mr ->  12  _$ls ->  1 _$m2 ->  (2) [14, 4]
 当前 _$mr ->  40  _$ls ->  2 _$m2 ->  (2) [14, Array(208)]
 当前 _$mr ->  0  _$ls ->  3 _$m2 ->  (3) [14, Array(208), 160]
当前 _$mr ->  27  _$ls ->  2 _$m2 ->  (3) [14, 20000, 160]
当前 _$mr ->  57  _$ls ->  1 _$m2 ->  (3) [false, 20000, 160]
当前 _$mr ->  31  _$ls ->  0 _$m2 ->  (3) [false, 20000, 160]
当前 _$mr ->  48  _$ls ->  1 _$m2 ->  (3) [Array(7), 20000, 160]
当前 _$mr ->  0  _$ls ->  2 _$m2 ->  (3) [Array(7), 5, 160]
当前 _$mr ->  12  _$ls ->  1 _$m2 ->  (3) [undefined, 5, 160]
当前 _$mr ->  40  _$ls ->  2 _$m2 ->  (3) [undefined, Array(208), 160]
当前 _$mr ->  0  _$ls ->  3 _$m2 ->  (3) [undefined, Array(208), 161]
当前 _$mr ->  27  _$ls ->  2 _$m2 ->  (3) [undefined, 30000, 161]
当前 _$mr ->  17  _$ls ->  1 _$m2 ->  (3) [false, 30000, 161]
当前 _$mr ->  3  _$ls ->  1 _$m2 ->  (3) [false, 30000, 161]
当前 _$mr ->  24  _$ls ->  0 _$m2 ->  (4) [{…}, 10, 'length', 39]
当前 _$mr ->  55  _$ls ->  0 _$m2 ->  (4) [{…}, 10, 'length', 39]
当前 _$mr ->  20  _$ls ->  0 _$m2 ->  (4) [{…}, 10, 'length', 39]
当前 _$mr ->  31  _$ls ->  0 _$m2 ->  (4) [{…}, 10, 'length', 39]
当前 _$mr ->  31  _$ls ->  1 _$m2 ->  (4) [11, 10, 'length', 39]
当前 _$mr ->  12  _$ls ->  2 _$m2 ->  (4) [11, Array(19), 'length', 39]
当前 _$mr ->  48  _$ls ->  3 _$m2 ->  (4) [11, Array(19), Array(96), 39]
当前 _$mr ->  0  _$ls ->  4 _$m2 ->  (4) [11, Array(19), Array(96), 39]
当前 _$mr ->  0  _$ls ->  3 _$m2 ->  (4) [11, Array(19), 'length', 39]
当前 _$mr ->  52  _$ls ->  2 _$m2 ->  (4) [11, 19, 'length', 39]
当前 _$mr ->  3  _$ls ->  1 _$m2 ->  (4) [true, 19, 'length', 39]
当前 _$mr ->  31  _$ls ->  0 _$m2 ->  (4) [true, 19, 'length', 39]
当前 _$mr ->  31  _$ls ->  1 _$m2 ->  (4) [Array(19), 19, 'length', 39]
当前 _$mr ->  0  _$ls ->  2 _$m2 ->  (4) [Array(19), 11, 'length', 39]
当前 _$mr ->  104  _$ls ->  1 _$m2 ->  (4) [{…}, 11, 'length', 39]
当前 _$mr ->  12  _$ls ->  0 _$m2 ->  []
当前 _$mr ->  48  _$ls ->  1 _$m2 ->  [Array(96)]
当前 _$mr ->  0  _$ls ->  2 _$m2 ->  (2) [Array(96), 52]
当前 _$mr ->  30  _$ls ->  1 _$m2 ->  (2) ['pfb0', 52]
当前 _$mr ->  56  _$ls ->  1 _$m2 ->  (2) [undefined, 52]
当前 _$mr ->  12  _$ls ->  0 _$m2 ->  (2) [undefined, 52]
当前 _$mr ->  48  _$ls ->  1 _$m2 ->  (2) [Array(96), 52]
当前 _$mr ->  0  _$ls ->  2 _$m2 ->  (2) [Array(96), 69]
当前 _$mr ->  30  _$ls ->  1 _$m2 ->  (2) ['pfc0', 69]
当前 _$mr ->  56  _$ls ->  1 _$m2 ->  (2) [undefined, 69]
当前 _$mr ->  12  _$ls ->  0 _$m2 ->  (2) [undefined, 69]
当前 _$mr ->  48  _$ls ->  1 _$m2 ->  (2) [Array(96), 69]
当前 _$mr ->  0  _$ls ->  2 _$m2 ->  (2) [Array(96), 15]
当前 _$mr ->  30  _$ls ->  1 _$m2 ->  (2) ['pfd0', 15]
当前 _$mr ->  56  _$ls ->  1 _$m2 ->  (2) [undefined, 15]
当前 _$mr ->  12  _$ls ->  0 _$m2 ->  (2) [undefined, 15]
当前 _$mr ->  48  _$ls ->  1 _$m2 ->  (2) [Array(96), 15]
当前 _$mr ->  0  _$ls ->  2 _$m2 ->  (2) [Array(96), 95]
当前 _$mr ->  30  _$ls ->  1 _$m2 ->  (2) ['pfe0', 95]
当前 _$mr ->  56  _$ls ->  1 _$m2 ->  (2) [undefined, 95]
当前 _$mr ->  12  _$ls ->  0 _$m2 ->  (2) [undefined, 95]
当前 _$mr ->  48  _$ls ->  1 _$m2 ->  (2) [Array(96), 95]
当前 _$mr ->  0  _$ls ->  2 _$m2 ->  (2) [Array(96), 24]
当前 _$mr ->  30  _$ls ->  1 _$m2 ->  (2) ['pfb2_0', 24]